[2014-02-13 11:43:08] Using proxy ip 127.0.0.1:9050
[2014-02-13 11:43:08] Go to INDEX page to check login status for user: eriC1953
[2014-02-13 11:43:22] Using proxy ip 127.0.0.1:9050
[2014-02-13 11:43:22] This profile: eriC1953 does not log in.
[2014-02-13 11:43:22] New Tor Identity request completed.
[2014-02-13 11:43:22] Logging in.
[2014-02-13 11:45:37] No response from server.
[2014-02-13 11:45:37] Go to INDEX page to check login status for user: eriC1953
[2014-02-13 11:45:53] Logged in with profile: eriC1953
[2014-02-13 11:45:53] Job started.
[2014-02-13 11:45:53] Go to Search Page.
[2014-02-13 11:45:53] Job completed.
[2014-02-13 11:45:53] Sleep for 60 second(s)
[2014-02-13 11:46:53] Still sleeping [00:00:00 left]
[2014-02-13 11:46:53] Sleep for 60 second(s)
[2014-02-13 11:51:43] Using proxy ip 127.0.0.1:9050
[2014-02-13 11:51:43] Go to INDEX page to check login status for user: eriC1953
[2014-02-13 11:51:58] This profile: eriC1953 has been logged in.
[2014-02-13 11:51:58] Job started.
[2014-02-13 11:51:58] Go to Search Page.
[2014-02-13 11:53:36] Using proxy ip 127.0.0.1:9050
[2014-02-13 11:53:36] Go to INDEX page to check login status for user: eriC1953
[2014-02-13 11:53:48] This profile: eriC1953 has been logged in.
[2014-02-13 11:53:48] Job started.
[2014-02-13 11:53:48] Go to Search Page.
[2014-02-13 11:54:31] Using proxy ip 127.0.0.1:9050
[2014-02-13 11:54:31] Go to INDEX page to check login status for user: eriC1953
[2014-02-13 11:54:33] This profile: eriC1953 has been logged in.
[2014-02-13 11:54:33] Job started.
[2014-02-13 11:54:33] Go to Search Page.
[2014-02-13 11:55:01] Using proxy ip 127.0.0.1:9050
[2014-02-13 11:55:01] Go to INDEX page to check login status for user: eriC1953
[2014-02-13 11:55:13] This profile: eriC1953 has been logged in.
[2014-02-13 11:55:13] Job started.
[2014-02-13 11:55:13] Go to Search Page.
[2014-02-13 11:56:39] Using proxy ip 127.0.0.1:9050
[2014-02-13 11:56:39] Go to INDEX page to check login status for user: eriC1953
[2014-02-13 11:56:55] This profile: eriC1953 has been logged in.
[2014-02-13 11:56:55] Job started.
[2014-02-13 11:56:55] Go to Online User Page.
[2014-02-13 11:57:16] Job completed.
[2014-02-13 11:57:16] Sleep for 60 second(s)
[2014-02-13 11:58:16] Still sleeping [00:00:00 left]
[2014-02-13 11:58:16] Sleep for 60 second(s)
[2014-02-13 11:59:06] Using proxy ip 127.0.0.1:9050
[2014-02-13 11:59:06] Go to INDEX page to check login status for user: eriC1953
[2014-02-13 11:59:12] This profile: eriC1953 has been logged in.
[2014-02-13 11:59:12] Job started.
[2014-02-13 11:59:12] Go to Online User Page.
[2014-02-13 11:59:16] Still sleeping [00:00:00 left]
[2014-02-13 12:10:22] Using proxy ip 127.0.0.1:9050
[2014-02-13 12:10:22] Go to INDEX page to check login status for user: eriC1953
[2014-02-13 12:10:46] This profile: eriC1953 has been logged in.
[2014-02-13 12:10:46] Job started.
[2014-02-13 12:10:46] Go to Online User Page.
[2014-02-13 12:10:57] Reserving profile to send message: eriC1953
[2014-02-13 12:10:57] Go to profile page: eriC1953
[2014-02-13 12:11:10] Sleep for 5 second(s)
[2014-02-13 12:11:15] Random new subject and message
[2014-02-13 12:11:15] Message is : hi auch online was? Sehe das gerade, bist du noch auf der suche? bin sehr neugierig, mag es spannend und harmonisch. Freue mich von dir zu h√∂ren. Aber bitte keine mails hier ok? Ist nicht mein login. Bin aber bei Hallo :) ich hoffe du meldest dich, du findest mich unter Julia X 
[2014-02-13 12:11:29] Sending message to eriC1953
[2014-02-13 12:11:46] Sending message completed.
[2014-02-13 12:11:47] Sleep for 5 second(s)
[2014-02-13 12:15:26] Using proxy ip 127.0.0.1:9050
[2014-02-13 12:15:26] Go to INDEX page to check login status for user: eriC1953
[2014-02-13 12:16:06] Using proxy ip 127.0.0.1:9050
[2014-02-13 12:16:06] Go to INDEX page to check login status for user: eriC1953
[2014-02-13 12:17:26] Using proxy ip 127.0.0.1:9050
[2014-02-13 12:17:26] This profile: eriC1953 does not log in.
[2014-02-13 12:18:06] Using proxy ip 127.0.0.1:9050
[2014-02-13 12:18:06] This profile: eriC1953 does not log in.
[2014-02-13 12:18:22] Using proxy ip 127.0.0.1:9050
[2014-02-13 12:18:22] Go to INDEX page to check login status for user: eriC1953
[2014-02-13 12:20:04] Using proxy ip 127.0.0.1:9050
[2014-02-13 12:20:04] Go to INDEX page to check login status for user: eriC1953
[2014-02-13 12:20:34] Using proxy ip 127.0.0.1:9050
[2014-02-13 12:20:34] This profile: eriC1953 does not log in.
[2014-02-13 12:20:38] This profile: eriC1953 has been logged in.
[2014-02-13 12:20:38] Job started.
[2014-02-13 12:20:38] Go to Online User Page.
[2014-02-13 12:20:42] Reserving profile to send message: Etidorhpa
[2014-02-13 12:20:42] Go to profile page: Etidorhpa
[2014-02-13 12:20:49] Sleep for 5 second(s)
[2014-02-13 12:20:54] Random new subject and message
[2014-02-13 12:20:54] Message is : hallo, schaue gerade wer aus meiner umgebung so kommt, da habe ich dich gefunden. Was machst du denn so? ich bin f√ºr alles eigendlich zu haben, lebe und liebe meine freiheit, wohne auch alleine in einer wohnung. Wenn du mich kennen lernen m√∂chtest schreib mir ok? Aber bitte nicht hier, habe mich bei meiner schwester eingeloggt. Geh auf Hallo :) so nun warte ich auf eine nachricht von dir ok? Such nach meinem namen dort ok? Lg Julia X 
[2014-02-13 12:21:09] Sending message to Etidorhpa
[2014-02-13 12:21:21] Sending message completed.
[2014-02-13 12:21:21] Sleep for 5 second(s)
[2014-02-13 12:22:40] Using proxy ip 127.0.0.1:9050
[2014-02-13 12:22:40] Go to INDEX page to check login status for user: eriC1953
[2014-02-13 12:23:16] This profile: eriC1953 has been logged in.
[2014-02-13 12:23:16] Job started.
[2014-02-13 12:23:16] Go to Online User Page.
[2014-02-13 12:23:19] Already send message to profile: Etidorhpa
[2014-02-13 14:26:36] Using proxy ip 127.0.0.1:9050
[2014-02-13 14:26:36] Go to INDEX page to check login status for user: eriC1953
[2014-02-13 14:26:43] This profile: eriC1953 has been logged in.
[2014-02-13 14:26:43] Job started.
[2014-02-13 14:26:43] Go to Online User Page.
[2014-02-13 14:27:02] Reserving profile to send message: Etidorhpa
[2014-02-13 14:27:02] Go to profile page: Etidorhpa
[2014-02-13 14:27:04] Sleep for 5 second(s)
[2014-02-13 14:27:09] Random new subject and message
[2014-02-13 14:27:09] Message is : Huhu, wohnst ja gleich neben an, smile, was suchst du denn genau? du kannst mich auch alles fragen was du mˆchtest aber nicht hier ok? Mein postfach ist immer total voll mir spam oder spinner nachrichten, deswegen bin ich bei Hallo :) nun bin ich gespannt ob du dich meldest, suche nach Maria V 
[2014-02-13 14:29:09] Sending message to Etidorhpa
[2014-02-13 14:29:12] Sending message completed.
[2014-02-13 14:29:12] Sleep for 5 second(s)
[2014-02-13 14:32:12] Using proxy ip 127.0.0.1:9050
[2014-02-13 14:32:12] Go to INDEX page to check login status for user: eriC1953
[2014-02-13 14:32:19] This profile: eriC1953 has been logged in.
[2014-02-13 14:32:19] Job started.
[2014-02-13 14:32:19] Go to Online User Page.
[2014-02-13 14:38:30] Using proxy ip 127.0.0.1:9050
[2014-02-13 14:38:31] Go to INDEX page to check login status for user: eriC1953
[2014-02-13 14:38:36] This profile: eriC1953 has been logged in.
[2014-02-13 14:38:36] Job started.
[2014-02-13 14:38:36] Go to Online User Page.
[2014-02-13 15:00:44] Using proxy ip 127.0.0.1:9050
[2014-02-13 15:00:44] Go to INDEX page to check login status for user: eriC1953
[2014-02-13 15:02:44] Using proxy ip 127.0.0.1:9050
[2014-02-13 15:02:44] This profile: eriC1953 does not log in.
[2014-02-17 15:47:58] Using proxy ip 127.0.0.1:9050
[2014-02-17 15:47:58] Go to INDEX page to check login status for user: eriC1953
[2014-02-17 15:48:02] This profile: eriC1953 has been logged in.
[2014-02-17 15:48:02] Job started.
[2014-02-17 15:48:02] Go to Online User Page.
[2014-02-17 16:31:32] Using proxy ip 127.0.0.1:9050
[2014-02-17 16:31:32] Go to INDEX page to check login status for user: eriC1953
[2014-02-17 16:31:41] This profile: eriC1953 has been logged in.
[2014-02-17 16:31:41] Job started.
[2014-02-17 16:31:41] Go to Online User Page.
[2014-02-17 16:31:49] Online User Pages: 1
[2014-02-17 16:31:49] Found 0 member(s)
[2014-02-17 16:31:54] Online User Pages: 2
[2014-02-17 16:31:54] Found 0 member(s)
[2014-02-17 16:31:59] Online User Pages: 3
[2014-02-17 16:31:59] Found 0 member(s)
[2014-02-17 16:32:05] Online User Pages: 4
[2014-02-17 16:32:05] Found 0 member(s)
[2014-02-17 16:32:12] Online User Pages: 5
[2014-02-17 16:32:12] Found 0 member(s)
[2014-02-17 16:32:24] Online User Pages: 6
[2014-02-17 16:32:24] Found 0 member(s)
[2014-02-17 16:32:32] Online User Pages: 7
[2014-02-17 16:32:32] Found 0 member(s)
[2014-02-17 16:32:37] Online User Pages: 8
[2014-02-17 16:32:37] Found 0 member(s)
[2014-02-17 16:32:46] Online User Pages: 9
[2014-02-17 16:32:46] Found 0 member(s)
[2014-02-17 16:32:51] Online User Pages: 10
[2014-02-17 16:32:51] Found 0 member(s)
[2014-02-17 16:32:57] Online User Pages: 11
[2014-02-17 16:32:57] Found 0 member(s)
[2014-02-17 16:33:04] Online User Pages: 12
[2014-02-17 16:33:04] Found 0 member(s)
[2014-02-17 16:33:13] Online User Pages: 13
[2014-02-17 16:33:13] Found 0 member(s)
[2014-02-17 16:33:23] Online User Pages: 14
[2014-02-17 16:33:23] Found 0 member(s)
[2014-02-17 16:33:33] Online User Pages: 15
[2014-02-17 16:33:33] Found 0 member(s)
[2014-02-17 16:33:38] Online User Pages: 16
[2014-02-17 16:33:38] Found 0 member(s)
[2014-02-17 16:33:42] Online User Pages: 17
[2014-02-17 16:33:42] Found 0 member(s)
[2014-02-17 16:33:52] Online User Pages: 18
[2014-02-17 16:33:52] Found 0 member(s)
[2014-02-17 16:34:08] Online User Pages: 19
[2014-02-17 16:34:08] Found 0 member(s)
[2014-02-17 16:34:11] Online User Pages: 20
[2014-02-17 16:34:11] Found 0 member(s)
[2014-02-17 16:34:14] Online User Pages: 21
[2014-02-17 16:34:14] Found 0 member(s)
[2014-02-17 16:34:21] Online User Pages: 22
[2014-02-17 16:34:21] Found 0 member(s)
[2014-02-17 16:35:10] Using proxy ip 127.0.0.1:9050
[2014-02-17 16:35:10] Go to INDEX page to check login status for user: eriC1953
[2014-02-17 16:35:25] This profile: eriC1953 has been logged in.
[2014-02-17 16:35:25] Job started.
[2014-02-17 16:35:25] Go to Online User Page.
[2014-02-17 16:35:30] Online User Pages: 1
[2014-02-17 16:35:30] Found 36 member(s)
[2014-02-17 16:35:51] Online User Pages: 2
[2014-02-17 16:35:51] Found 36 member(s)
[2014-02-17 16:36:00] Online User Pages: 3
[2014-02-17 16:36:00] Found 36 member(s)
[2014-02-17 16:36:25] Online User Pages: 4
[2014-02-17 16:36:25] Found 36 member(s)
[2014-02-17 16:36:33] Online User Pages: 5
[2014-02-17 16:36:33] Found 36 member(s)
[2014-02-17 16:36:39] Online User Pages: 6
[2014-02-17 16:36:39] Found 36 member(s)
[2014-02-17 16:36:45] Online User Pages: 7
[2014-02-17 16:36:45] Found 36 member(s)
[2014-02-17 16:38:51] Online User Pages: 8
[2014-02-17 16:38:51] Found 36 member(s)
[2014-02-17 16:39:07] Using proxy ip 127.0.0.1:9050
[2014-02-17 16:39:07] Go to INDEX page to check login status for user: eriC1953
[2014-02-17 16:39:16] This profile: eriC1953 has been logged in.
[2014-02-17 16:39:16] Job started.
[2014-02-17 16:39:16] Go to Online User Page.
[2014-02-17 16:41:58] Using proxy ip 127.0.0.1:9050
[2014-02-17 16:41:58] Go to INDEX page to check login status for user: eriC1953
[2014-02-17 16:42:09] This profile: eriC1953 has been logged in.
[2014-02-17 16:42:09] Job started.
[2014-02-17 16:42:09] Go to Online User Page.
[2014-02-17 16:42:53] Using proxy ip 127.0.0.1:9050
[2014-02-17 16:42:53] Go to INDEX page to check login status for user: eriC1953
[2014-02-17 16:42:59] This profile: eriC1953 has been logged in.
[2014-02-17 16:42:59] Job started.
[2014-02-17 16:42:59] Go to Online User Page.
[2014-02-17 17:14:01] Using proxy ip 127.0.0.1:9050
[2014-02-17 17:14:01] Go to INDEX page to check login status for user: eriC1953
[2014-02-17 17:14:32] This profile: eriC1953 has been logged in.
[2014-02-17 17:14:32] Job started.
[2014-02-17 17:14:32] Go to Online User Page.
[2014-02-17 17:19:58] Using proxy ip 127.0.0.1:9050
[2014-02-17 17:19:58] Go to INDEX page to check login status for user: eriC1953
[2014-02-17 17:20:03] This profile: eriC1953 has been logged in.
[2014-02-17 17:20:03] Job started.
[2014-02-17 17:20:03] Go to Online User Page.
[2014-02-17 17:21:05] Using proxy ip 127.0.0.1:9050
[2014-02-17 17:21:05] Go to INDEX page to check login status for user: eriC1953
[2014-02-17 17:21:15] This profile: eriC1953 has been logged in.
[2014-02-17 17:21:15] Job started.
[2014-02-17 17:21:15] Go to Online User Page.
[2014-02-17 17:28:40] Using proxy ip 127.0.0.1:9050
[2014-02-17 17:28:40] Go to INDEX page to check login status for user: eriC1953
[2014-02-17 17:28:50] This profile: eriC1953 has been logged in.
[2014-02-17 17:28:50] Job started.
[2014-02-17 17:28:50] Go to Online User Page.
[2014-02-17 17:30:31] Using proxy ip 127.0.0.1:9050
[2014-02-17 17:30:32] Go to INDEX page to check login status for user: eriC1953
[2014-02-17 17:30:46] This profile: eriC1953 has been logged in.
[2014-02-17 17:30:46] Job started.
[2014-02-17 17:30:46] Go to Online User Page.
[2014-02-17 17:32:23] Using proxy ip 127.0.0.1:9050
[2014-02-17 17:32:23] Go to INDEX page to check login status for user: eriC1953
[2014-02-17 17:32:33] This profile: eriC1953 has been logged in.
[2014-02-17 17:32:33] Job started.
[2014-02-17 17:32:33] Go to Online User Page.
[2014-02-17 17:32:56] Using proxy ip 127.0.0.1:9050
[2014-02-17 17:32:56] Go to INDEX page to check login status for user: eriC1953
[2014-02-17 17:33:13] This profile: eriC1953 has been logged in.
[2014-02-17 17:33:13] Job started.
[2014-02-17 17:33:13] Go to Online User Page.
[2014-02-17 17:39:30] Using proxy ip 127.0.0.1:9050
[2014-02-17 17:39:31] Go to INDEX page to check login status for user: eriC1953
[2014-02-17 17:39:41] This profile: eriC1953 has been logged in.
[2014-02-17 17:39:41] Job started.
[2014-02-17 17:39:41] Go to Online User Page.
[2014-02-17 17:41:36] Using proxy ip 127.0.0.1:9050
[2014-02-17 17:41:36] Go to INDEX page to check login status for user: eriC1953
[2014-02-17 17:41:42] This profile: eriC1953 has been logged in.
[2014-02-17 17:41:42] Job started.
[2014-02-17 17:41:42] Go to Online User Page.
[2014-02-17 17:45:37] Using proxy ip 127.0.0.1:9050
[2014-02-17 17:45:37] Go to INDEX page to check login status for user: eriC1953
[2014-02-17 17:45:47] This profile: eriC1953 has been logged in.
[2014-02-17 17:45:47] Job started.
[2014-02-17 17:45:47] Go to Online User Page.
[2014-02-17 17:46:29] Using proxy ip 127.0.0.1:9050
[2014-02-17 17:46:29] Go to INDEX page to check login status for user: eriC1953
[2014-02-17 17:46:51] This profile: eriC1953 has been logged in.
[2014-02-17 17:46:51] Job started.
[2014-02-17 17:46:51] Go to Online User Page.
[2014-02-17 17:47:45] Using proxy ip 127.0.0.1:9050
[2014-02-17 17:47:45] Go to INDEX page to check login status for user: eriC1953
[2014-02-17 17:47:55] This profile: eriC1953 has been logged in.
[2014-02-17 17:47:55] Job started.
[2014-02-17 17:47:55] Go to Online User Page.
[2014-02-17 17:48:07] Using proxy ip 127.0.0.1:9050
[2014-02-17 17:48:07] Go to INDEX page to check login status for user: eriC1953
[2014-02-17 17:48:12] This profile: eriC1953 has been logged in.
[2014-02-17 17:48:12] Job started.
[2014-02-17 17:48:12] Go to Online User Page.
[2014-02-17 17:49:59] Using proxy ip 127.0.0.1:9050
[2014-02-17 17:49:59] Go to INDEX page to check login status for user: eriC1953
[2014-02-17 17:50:14] This profile: eriC1953 has been logged in.
[2014-02-17 17:50:14] Job started.
[2014-02-17 17:50:14] Go to Online User Page.
[2014-02-17 17:50:19] Online User Pages: 1
[2014-02-17 17:50:19] Found 0 member(s)
[2014-02-17 17:50:27] Online User Pages: 2
[2014-02-17 17:50:27] Found 0 member(s)
[2014-02-17 17:50:43] Using proxy ip 127.0.0.1:9050
[2014-02-17 17:50:44] Go to INDEX page to check login status for user: eriC1953
[2014-02-17 17:50:44] Online User Pages: 3
[2014-02-17 17:50:44] Found 0 member(s)
[2014-02-17 17:51:04] This profile: eriC1953 has been logged in.
[2014-02-17 17:51:04] Job started.
[2014-02-17 17:51:04] Go to Online User Page.
[2014-02-17 17:51:18] Online User Pages: 1
[2014-02-17 17:51:18] Found 0 member(s)
[2014-02-17 17:51:26] Online User Pages: 2
[2014-02-17 17:51:26] Found 0 member(s)
[2014-02-17 17:51:41] Using proxy ip 127.0.0.1:9050
[2014-02-17 17:51:41] Go to INDEX page to check login status for user: eriC1953
[2014-02-17 17:51:48] This profile: eriC1953 has been logged in.
[2014-02-17 17:51:48] Job started.
[2014-02-17 17:51:48] Go to Online User Page.
[2014-02-17 17:53:29] Using proxy ip 127.0.0.1:9050
[2014-02-17 17:53:29] Go to INDEX page to check login status for user: eriC1953
[2014-02-17 17:53:40] This profile: eriC1953 has been logged in.
[2014-02-17 17:53:40] Job started.
[2014-02-17 17:53:40] Go to Online User Page.
[2014-02-17 17:53:47] Online User Pages: 1
[2014-02-17 17:53:47] Found 0 member(s)
[2014-02-17 17:54:00] Online User Pages: 2
[2014-02-17 17:54:00] Found 0 member(s)
[2014-02-17 17:54:04] Using proxy ip 127.0.0.1:9050
[2014-02-17 17:54:04] Go to INDEX page to check login status for user: eriC1953
[2014-02-17 17:54:10] Online User Pages: 3
[2014-02-17 17:54:10] Found 0 member(s)
[2014-02-17 17:54:11] This profile: eriC1953 has been logged in.
[2014-02-17 17:54:11] Job started.
[2014-02-17 17:54:11] Go to Online User Page.
[2014-02-17 17:54:20] Online User Pages: 1
[2014-02-17 17:54:20] Found 0 member(s)
[2014-02-17 17:55:39] Online User Pages: 2
[2014-02-17 17:55:39] Found 0 member(s)
[2014-02-17 17:56:33] Using proxy ip 127.0.0.1:9050
[2014-02-17 17:56:33] Go to INDEX page to check login status for user: eriC1953
[2014-02-17 17:56:44] This profile: eriC1953 has been logged in.
[2014-02-17 17:56:44] Job started.
[2014-02-17 17:56:44] Go to Online User Page.
[2014-02-17 17:58:39] Using proxy ip 127.0.0.1:9050
[2014-02-17 17:58:39] Go to INDEX page to check login status for user: eriC1953
[2014-02-17 17:59:16] This profile: eriC1953 has been logged in.
[2014-02-17 17:59:16] Job started.
[2014-02-17 17:59:16] Go to Online User Page.
[2014-02-17 18:03:09] Using proxy ip 127.0.0.1:9050
[2014-02-17 18:03:09] Go to INDEX page to check login status for user: eriC1953
[2014-02-17 18:03:23] This profile: eriC1953 has been logged in.
[2014-02-17 18:03:23] Job started.
[2014-02-17 18:03:23] Go to Online User Page.
[2014-02-17 18:04:36] Using proxy ip 127.0.0.1:9050
[2014-02-17 18:04:36] Go to INDEX page to check login status for user: eriC1953
[2014-02-17 18:05:21] This profile: eriC1953 has been logged in.
[2014-02-17 18:05:21] Job started.
[2014-02-17 18:05:21] Go to Online User Page.
[2014-02-17 18:06:00] Using proxy ip 127.0.0.1:9050
[2014-02-17 18:06:00] Go to INDEX page to check login status for user: eriC1953
[2014-02-17 18:06:15] This profile: eriC1953 has been logged in.
[2014-02-17 18:06:15] Job started.
[2014-02-17 18:06:15] Go to Online User Page.
[2014-02-17 18:06:30] Online User Pages: 1
[2014-02-17 18:06:30] Found 17 member(s)
[2014-02-17 18:06:34] Online User Pages: 2
[2014-02-17 18:06:34] Found 15 member(s)
[2014-02-17 18:07:13] Online User Pages: 3
[2014-02-17 18:07:13] Found 15 member(s)
[2014-02-17 18:07:32] Online User Pages: 4
[2014-02-17 18:07:32] Found 15 member(s)
[2014-02-18 09:44:18] Using proxy ip 127.0.0.1:9050
[2014-02-18 09:44:18] Go to INDEX page to check login status for user: eriC1953
[2014-02-18 09:44:23] This profile: eriC1953 has been logged in.
[2014-02-18 09:44:23] Job started.
[2014-02-18 09:44:23] Go to Online User Page.
[2014-02-18 09:44:27] Online User Pages: 1
[2014-02-18 09:44:27] Found 15 member(s)
[2014-02-18 09:44:33] Online User Pages: 2
[2014-02-18 09:44:33] Found 15 member(s)
[2014-02-18 09:44:45] Online User Pages: 3
[2014-02-18 09:44:45] Found 16 member(s)
