Payment on 08.23.07 um 18:36:40 from Heiko Ancker of 5,00 EUR :: payment successful transaction no 11-2038079
Payment on 08.24.07 um 10:05:10 from Heiko Ancker of 40,00 EUR :: payment successful transaction no 11-2039573
Payment on 08.24.07 um 10:41:40 from Marcel Lautz of 90,00 EUR :: payment successful transaction no 11-2039694
Payment on 08.24.07 um 11:37:15 from Daniel Belke of 5,00 EUR :: payment successful transaction no 11-2039938
Payment on 08.25.07 um 11:04:47 from Heiko Ancker of 5,00 EUR :: payment successful transaction no 11-2042864
Payment on 08.25.07 um 20:10:05 from Christian Fleck of 5,00 EUR :: payment successful transaction no 11-2044100
Payment on 08.25.07 um 22:21:17 from Sascha Rohloff of 90,00 EUR :: payment successful transaction no 11-2044344
Payment on 08.26.07 um 15:16:58 from Mike Werner of 30,00 EUR :: payment successful transaction no 11-2045949
Payment on 08.26.07 um 16:46:13 from Lutz Britsche of 90,00 EUR :: payment successful transaction no 11-2046251
Payment on 08.26.07 um 17:57:02 from Thomas Thömmes of 90,00 EUR :: payment successful transaction no 11-2046471
Payment on 08.26.07 um 20:26:10 from Taha Bouzid of 40,00 EUR :: payment successful transaction no 11-2046983
Payment on 08.26.07 um 21:37:14 from Enrico Berger of 5,00 EUR :: payment successful transaction no 11-2047223
Payment on 08.27.07 um 14:18:25 from Michele Ganzer of 40,00 EUR :: payment successful transaction no 11-2049372
Payment on 08.27.07 um 14:52:24 from Marco Gensch of 40,00 EUR :: payment successful transaction no 11-2049509
Payment on 08.27.07 um 17:27:32 from Chris Bohne of 40,00 EUR :: payment successful transaction no 11-2050424
Payment on 08.27.07 um 17:54:39 from Alexander Scheibe of 40,00 EUR :: payment successful transaction no 11-2050544
Payment on 08.27.07 um 20:15:30 from Mike Werner of 30,00 EUR :: payment successful transaction no 11-2051150
Payment on 08.28.07 um 20:54:16 from Mike Werner of 30,00 EUR :: payment successful transaction no 11-2055268
Payment on 08.30.07 um 1:11:31 from Tobias Iburg of 40,00 EUR :: payment successful transaction no 11-2059752
Payment on 08.30.07 um 20:18:26 from Mike Werner of 10,00 EUR :: payment successful transaction no 11-2063058
Payment on 08.30.07 um 21:15:30 from Christian Fleck of 5,00 EUR :: payment successful transaction no 11-2063274
Payment on 09.03.07 um 7:32:49 from Margarete Roesch of 30,00 EUR :: payment successful transaction no 11-2074404
Payment on 09.03.07 um 9:59:12 from Bernd Carstens of 40,00 EUR :: payment successful transaction no 11-2074757
Payment on 09.03.07 um 14:37:55 from Mike Werner of 40,00 EUR :: payment successful transaction no 11-2076019
Payment on 09.03.07 um 16:03:45 from Stefan Gradmann of 30,00 EUR :: payment successful transaction no 11-2076427
Payment on 09.04.07 um 10:37:49 from Heiko Beyer of 30,00 EUR :: payment successful transaction no 11-2079850
Payment on 09.04.07 um 11:22:47 from Enrico Berger of 10,00 EUR :: payment successful transaction no 11-2080047
Payment on 09.05.07 um 12:43:26 from Tobias Schütze of 90,00 EUR :: payment successful transaction no 11-2084583
Payment on 09.05.07 um 13:35:35 from Heiko Beyer of 10,00 EUR :: payment successful transaction no 11-2084756
Payment on 09.05.07 um 16:18:34 from Christian Meinecke of 90,00 EUR :: payment successful transaction no 11-2085554
Payment on 09.05.07 um 16:32:56 from Markus Stein of 30,00 EUR :: payment successful transaction no 11-2085613
Payment on 09.05.07 um 16:48:09 from Christian Rinck of 5,00 EUR :: payment successful transaction no 11-2085670
Payment on 09.05.07 um 18:03:56 from Sören Schmidt of 90,00 EUR :: payment successful transaction no 11-2085939
Payment on 09.06.07 um 5:42:25 from Hauke Stammer of 30,00 EUR :: payment successful transaction no 11-2087249
Payment on 09.06.07 um 22:20:29 from Anja Guddat of 90,00 EUR :: payment successful transaction no 11-2090532
Payment on 09.07.07 um 3:17:16 from Martin Richter of 40,00 EUR :: payment successful transaction no 11-2090906
Payment on 09.07.07 um 6:58:19 from Christian Rinck of 5,00 EUR :: payment successful transaction no 11-2090999
Payment on 09.07.07 um 8:15:28 from Danilo Haberkorn of 40,00 EUR :: payment successful transaction no 11-2091128
Payment on 09.07.07 um 12:40:47 from M. Kromberg of 40,00 EUR :: payment successful transaction no 11-2091917
Payment on 09.07.07 um 17:50:39 from Jürgen Hermann of 40,00 EUR :: payment successful transaction no 11-2093367
Payment on 09.07.07 um 19:58:46 from Markus Schmitz of 40,00 EUR :: payment successful transaction no 11-2093762
Payment on 09.08.07 um 5:46:12 from Hauke Stammer of 90,00 EUR :: payment successful transaction no 11-2094590
Payment on 09.08.07 um 8:01:44 from Heiko Ancker of 40,00 EUR :: payment successful transaction no 11-2094655
Payment on 09.08.07 um 10:40:10 from Michael Eigenbrod of 40,00 EUR :: payment successful transaction no 11-2094914
Payment on 09.08.07 um 15:33:01 from Gabriele Kizilarslan of 90,00 EUR :: payment successful transaction no 11-2095767
Payment on 09.09.07 um 7:34:20 from Hauke Stammer of 90,00 EUR :: payment successful transaction no 11-2097230
Payment on 09.09.07 um 7:56:03 from Hauke Stammer of 90,00 EUR :: payment successful transaction no 11-2097244
Payment on 09.09.07 um 8:11:29 from Hauke Stammer of 90,00 EUR :: payment successful transaction no 11-2097260
Payment on 09.09.07 um 10:26:29 from Markus Kuhn of 40,00 EUR :: payment successful transaction no 11-2097470
Payment on 09.09.07 um 10:59:23 from Norbert Hübsch of 90,00 EUR :: payment successful transaction no 11-2097549
Payment on 09.09.07 um 11:59:06 from Sven Marklewitz of 40,00 EUR :: payment successful transaction no 11-2097722
Payment on 09.09.07 um 15:11:11 from Rene Reschwamm of 40,00 EUR :: payment successful transaction no 11-2098367
Payment on 09.09.07 um 19:18:52 from Torsten Gradert of 40,00 EUR :: payment successful transaction no 11-2099293
Payment on 09.09.07 um 20:42:56 from Albert Mank of 90,00 EUR :: payment successful transaction no 11-2099615
Payment on 09.10.07 um 1:15:46 from Tobias Kallmann of 90,00 EUR :: payment successful transaction no 11-2100244
Payment on 09.10.07 um 13:42:24 from Sascha Burmeister of 40,00 EUR :: payment successful transaction no 11-2101761
Payment on 09.10.07 um 13:59:42 from Michael Kuntke of 40,00 EUR :: payment successful transaction no 11-2101834
Payment on 09.10.07 um 14:02:26 from Sebastian Katzenberg of 40,00 EUR :: payment successful transaction no 11-2101845
Payment on 09.11.07 um 10:21:54 from Christian Meinecke of 210,00 EUR :: payment successful transaction no 11-2105325
Payment on 09.11.07 um 12:37:47 from Ermin Hamdija of 90,00 EUR :: payment successful transaction no 11-2105876
Payment on 09.11.07 um 14:28:47 from Marcel Oldag of 40,00 EUR :: payment successful transaction no 11-2106296
Payment on 09.11.07 um 15:02:26 from Ermin Hamdija of 90,00 EUR :: payment successful transaction no 11-2106637
Payment on 09.11.07 um 15:45:27 from Daniel Oswald of 90,00 EUR :: payment successful transaction no 11-2106878
Payment on 09.11.07 um 17:58:53 from Nicola Picciallo of 90,00 EUR :: payment successful transaction no 11-2107399
Payment on 09.11.07 um 18:28:31 from Sascha Fischer of 40,00 EUR :: payment successful transaction no 11-2107513
Payment on 09.11.07 um 18:33:33 from Patrick Funk of 40,00 EUR :: payment successful transaction no 11-2107537
Payment on 09.12.07 um 7:08:16 from Michael Lötzsch of 40,00 EUR :: payment successful transaction no 11-2108835
Payment on 09.12.07 um 14:31:54 from Manuela Schulz of 40,00 EUR :: payment successful transaction no 11-2110325
Payment on 09.12.07 um 19:04:25 from Dustin Putz of 40,00 EUR :: payment successful transaction no 11-2111628
Payment on 09.12.07 um 19:25:19 from Klaus Michalski of 40,00 EUR :: payment successful transaction no 11-2111706
Payment on 09.12.07 um 19:26:30 from Björn Ellensohn of 90,00 EUR :: payment successful transaction no 11-2111709
Payment on 09.12.07 um 20:25:43 from Matthias Schulz of 40,00 EUR :: payment successful transaction no 11-2111933
Payment on 09.12.07 um 22:56:37 from Frank Liesemann of 40,00 EUR :: payment successful transaction no 11-2112444
Payment on 09.13.07 um 7:49:27 from Mirko Ballenthin of 90,00 EUR :: payment successful transaction no 11-2112906
Payment on 09.13.07 um 10:45:17 from Andreas Frank of 40,00 EUR :: payment successful transaction no 11-2113351
Payment on 09.13.07 um 13:21:18 from Tobias Schütze of 90,00 EUR :: payment successful transaction no 11-2113900
Payment on 09.13.07 um 16:28:34 from Albert Mank of 90,00 EUR :: payment successful transaction no 11-2114670
Payment on 09.13.07 um 17:33:38 from Uwe Mayer of 40,00 EUR :: payment successful transaction no 11-2114879
Payment on 09.13.07 um 18:58:36 from Tanja Markovic of 40,00 EUR :: payment successful transaction no 11-2115215
Payment on 09.13.07 um 21:52:54 from Harald Hirschberg of 90,00 EUR :: payment successful transaction no 11-2115811
Payment on 09.14.07 um 12:27:30 from Bernd Wenning of 90,00 EUR :: payment successful transaction no 11-2117173
Payment on 09.14.07 um 12:52:54 from Claus Ratajczak of 40,00 EUR :: payment successful transaction no 11-2117254
Payment on 09.14.07 um 15:37:33 from Salvatore Assenza Parisi of 90,00 EUR :: payment successful transaction no 11-2117934
Payment on 09.14.07 um 15:50:39 from Ermin Hamdija of 90,00 EUR :: payment successful transaction no 11-2117973
Payment on 09.14.07 um 16:32:48 from Mario Möller of 40,00 EUR :: payment successful transaction no 11-2118169
Payment on 09.15.07 um 0:26:38 from Hendrik Stoof of 40,00 EUR :: payment successful transaction no 11-2119463
Payment on 09.15.07 um 9:30:15 from Arnulf Stepper of 90,00 EUR :: payment successful transaction no 11-2119980
Payment on 09.15.07 um 9:39:49 from Dagobert Hoffmann of 40,00 EUR :: payment successful transaction no 11-2120015
Payment on 09.15.07 um 10:59:46 from Michael Schmitz of 90,00 EUR :: payment successful transaction no 11-2120227
Payment on 09.15.07 um 16:18:30 from Fabian Neuhaus of 90,00 EUR :: payment successful transaction no 11-2121153
Payment on 09.15.07 um 22:17:38 from Gabriele Feiler of 90,00 EUR :: payment successful transaction no 11-2122040
Payment on 09.15.07 um 22:54:30 from Detlef Orsinger of 40,00 EUR :: payment successful transaction no 11-2122096
Payment on 09.16.07 um 14:31:42 from Sasha Neugbauer of 40,00 EUR :: payment successful transaction no 11-2123517
Payment on 09.16.07 um 14:32:18 from Kevin Mai of 40,00 EUR :: payment successful transaction no 11-2123521
Payment on 09.16.07 um 16:30:00 from Christoph Mayer of 90,00 EUR :: payment successful transaction no 11-2123887
Payment on 09.16.07 um 20:43:24 from Steffen Bannier of 40,00 EUR :: payment successful transaction no 11-2124739
Payment on 09.17.07 um 12:31:11 from Svenja Risch of 90,00 EUR :: payment successful transaction no 11-2126829
Payment on 09.17.07 um 13:02:43 from Carel Leege of 40,00 EUR :: payment successful transaction no 11-2126972
Payment on 09.17.07 um 19:11:17 from Arne Grimm of 90,00 EUR :: payment successful transaction no 11-2128809
Payment on 09.17.07 um 20:54:19 from Maik Braun of 90,00 EUR :: payment successful transaction no 11-2129302
Payment on 09.18.07 um 7:38:28 from Stephan Herrmann of 210,00 EUR :: payment successful transaction no 11-2130159
Payment on 09.18.07 um 11:48:38 from Ivette Kraban of 40,00 EUR :: payment successful transaction no 11-2131154
Payment on 09.18.07 um 12:43:25 from Christian Bauer of 40,00 EUR :: payment successful transaction no 11-2131391
Payment on 09.18.07 um 15:57:35 from Sven König of 40,00 EUR :: payment successful transaction no 11-2132181
Payment on 09.18.07 um 16:03:34 from Sandra Keller of 40,00 EUR :: payment successful transaction no 11-2132198
Payment on 09.18.07 um 22:24:22 from Christian Meinecke of 90,00 EUR :: payment successful transaction no 11-2134032
Payment on 09.18.07 um 22:48:03 from Ralf Häfner of 90,00 EUR :: payment successful transaction no 11-2134101
Payment on 09.18.07 um 23:54:55 from Martin Böttcher of 40,00 EUR :: payment successful transaction no 11-2134238
Payment on 09.20.07 um 8:20:12 from Michael Kuntke of 40,00 EUR :: payment successful transaction no 11-2138519
Payment on 09.20.07 um 15:59:09 from Haas Silke of 40,00 EUR :: payment successful transaction no 11-2140219
Payment on 09.20.07 um 19:30:05 from Silke Haas of 40,00 EUR :: payment successful transaction no 11-2141116
Payment on 09.21.07 um 12:07:09 from Maik Braun of 90,00 EUR :: payment successful transaction no 11-2143015
Payment on 09.21.07 um 14:48:40 from Fabian Neuhaus of 90,00 EUR :: payment successful transaction no 11-2143538
Payment on 09.21.07 um 19:07:36 from Mirko Ballenthin of 90,00 EUR :: payment successful transaction no 11-2144621
Payment on 09.21.07 um 22:21:34 from Gabriele Feiler of 40,00 EUR :: payment successful transaction no 11-2145115
Payment on 09.22.07 um 3:20:40 from Krinninger Max of 90,00 EUR :: payment successful transaction no 11-2145499
Payment on 09.22.07 um 16:40:53 from Andre Sommer of 90,00 EUR :: payment successful transaction no 11-2146856
Payment on 09.22.07 um 18:51:57 from Daniel Wenzel of 90,00 EUR :: payment successful transaction no 11-2147180
Payment on 09.23.07 um 12:33:36 from Andreas Weigl of 40,00 EUR :: payment successful transaction no 11-2148711
Payment on 09.23.07 um 12:35:37 from Benjamin Lange of 40,00 EUR :: payment successful transaction no 11-2148718
Payment on 09.23.07 um 12:57:33 from Abdullah Oezer of 90,00 EUR :: payment successful transaction no 11-2148786
Payment on 09.23.07 um 13:10:53 from Stefan Heibel of 90,00 EUR :: payment successful transaction no 11-2148829
Payment on 09.23.07 um 14:25:37 from Heidi Dalleske of 40,00 EUR :: payment successful transaction no 11-2149065
Payment on 09.23.07 um 15:33:37 from Stefan Hölscher of 40,00 EUR :: payment successful transaction no 11-2149256
Payment on 09.23.07 um 15:40:10 from Martin Auerswald of 40,00 EUR :: payment successful transaction no 11-2149282
Payment on 09.23.07 um 16:06:14 from Ermin Hamdija of 90,00 EUR :: payment successful transaction no 11-2149355
Payment on 09.23.07 um 16:44:51 from Frank Fregin of 90,00 EUR :: payment successful transaction no 11-2149449
Payment on 09.23.07 um 16:46:42 from Stefan Pätzold of 90,00 EUR :: payment successful transaction no 11-2149454
Payment on 09.24.07 um 14:17:27 from Nicole Plozicki of 90,00 EUR :: payment successful transaction no 11-2152739
Payment on 09.24.07 um 15:37:27 from Cevik Sener of 40,00 EUR :: payment successful transaction no 11-2153029
Payment on 09.24.07 um 16:36:30 from Christian Rinck of 5,00 EUR :: payment successful transaction no 11-2153575
Payment on 09.24.07 um 16:47:08 from Anja Guddat of 90,00 EUR :: payment successful transaction no 11-2153618
Payment on 09.24.07 um 17:09:55 from Alexander Scheibe of 40,00 EUR :: payment successful transaction no 11-2153709
Payment on 09.24.07 um 18:09:44 from Stephan Herrmann of 90,00 EUR :: payment successful transaction no 11-2153970
Payment on 09.24.07 um 19:20:57 from Sterfahn Heinlich of 40,00 EUR :: payment successful transaction no 11-2154270
Payment on 09.24.07 um 20:48:26 from Christian Meinecke of 40,00 EUR :: payment successful transaction no 11-2154643
Payment on 09.24.07 um 23:35:38 from Carl Löwe of 40,00 EUR :: payment successful transaction no 11-2155184
Payment on 09.25.07 um 10:15:43 from Zizak Stanoje of 40,00 EUR :: payment successful transaction no 11-2155972
Payment on 09.25.07 um 16:40:12 from Hans-joachim Adelbert of 40,00 EUR :: payment successful transaction no 11-2157805
Payment on 09.25.07 um 18:20:06 from Christian Rinck of 5,00 EUR :: payment successful transaction no 11-2158255
Payment on 09.27.07 um 0:30:59 from Christian Rinck of 10,00 EUR :: payment successful transaction no 11-2163580
Payment on 09.27.07 um 6:01:07 from Walter Kringel of 90,00 EUR :: payment successful transaction no 11-2163746
Payment on 09.27.07 um 12:17:24 from Dennis Böttcher of 40,00 EUR :: payment successful transaction no 11-2164776
Payment on 09.27.07 um 15:14:17 from Daniel Crespo Santos of 90,00 EUR :: payment successful transaction no 11-2165676
Payment on 09.28.07 um 11:08:08 from Michael Wittig of 40,00 EUR :: payment successful transaction no 11-2168526
Payment on 09.28.07 um 11:15:29 from Joffrey Mabuma of 40,00 EUR :: payment successful transaction no 11-2168549
Payment on 09.28.07 um 14:00:50 from Robert Grünwald of 40,00 EUR :: payment successful transaction no 11-2169316
Payment on 09.28.07 um 15:51:17 from Frank Kaltenbach of 40,00 EUR :: payment successful transaction no 11-2169932
Payment on 09.28.07 um 21:45:25 from Ingrid Loga of 40,00 EUR :: payment successful transaction no 11-2171142
Payment on 09.29.07 um 3:53:51 from Martin Michalsky of 40,00 EUR :: payment successful transaction no 11-2171667
Payment on 10.01.07 um 17:12:10 from Peter Krieg of 10,00 EUR :: payment successful transaction no 11-2180173
Payment on 10.02.07 um 9:08:59 from Hartmut Bäker of 40,00 EUR :: payment successful transaction no 11-2182313
Payment on 10.02.07 um 11:38:04 from Kolja Schittko of 40,00 EUR :: payment successful transaction no 11-2182853
Payment on 10.02.07 um 20:36:52 from Markin Alexander of 40,00 EUR :: payment successful transaction no 11-2184868
Payment on 10.03.07 um 7:13:55 from Fernando Pereira of 40,00 EUR :: payment successful transaction no 11-2185472
Payment on 10.03.07 um 11:30:11 from Christian Rinck of 40,00 EUR :: payment successful transaction no 11-2185965
Payment on 10.05.07 um 11:42:55 from Marko Boeck of 40,00 EUR :: payment successful transaction no 11-2192251
Payment on 10.05.07 um 13:18:39 from Steve Herrmann of 40,00 EUR :: payment successful transaction no 11-2192495
Payment on 10.06.07 um 19:09:13 from John Wilimas of 40,00 EUR :: payment successful transaction no 11-2195111
Payment on 10.06.07 um 19:18:57 from Ronny Schanz of 40,00 EUR :: payment successful transaction no 11-2195123
Payment on 10.06.07 um 23:10:19 from Marcus Hoffmann of 40,00 EUR :: payment successful transaction no 11-2195416
Payment on 10.07.07 um 8:47:05 from Michael F. Firmenich of 40,00 EUR :: payment successful transaction no 11-2195562
Payment on 10.07.07 um 9:27:18 from Mike Seidel of 40,00 EUR :: payment successful transaction no 11-2195597
Payment on 10.07.07 um 13:41:04 from Björn Varnhorn of 40,00 EUR :: payment successful transaction no 11-2196089
Payment on 10.07.07 um 15:13:44 from Timorobin Becker of 90,00 EUR :: payment successful transaction no 11-2196250
Payment on 10.07.07 um 18:10:57 from Rafael Schmitz of 40,00 EUR :: payment successful transaction no 11-2196613
Payment on 10.07.07 um 19:42:39 from Bjoern Gottschalk of 210,00 EUR :: payment successful transaction no 11-2196854
Payment on 10.08.07 um 1:15:49 from Danilo Haberkorn of 40,00 EUR :: payment successful transaction no 11-2197355
Payment on 10.08.07 um 11:30:29 from Peter Fischer of 40,00 EUR :: payment successful transaction no 11-2198046
Payment on 10.08.07 um 16:45:18 from Patrick Blunk of 40,00 EUR :: payment successful transaction no 11-2199338
Payment on 10.08.07 um 16:48:06 from Patrick Blunk of 40,00 EUR :: payment successful transaction no 11-2199343
Payment on 10.08.07 um 17:04:40 from Hauke Stammer of 90,00 EUR :: payment successful transaction no 11-2199398
Payment on 10.08.07 um 18:16:50 from Martin Junk of 40,00 EUR :: payment successful transaction no 11-2199648
Payment on 10.08.07 um 19:46:06 from Jan Mosbach of 40,00 EUR :: payment successful transaction no 11-2199938
Payment on 10.08.07 um 22:44:05 from Levent Özdemir of 90,00 EUR :: payment successful transaction no 11-2200380
Payment on 10.08.07 um 23:39:41 from Lars Quilitzsch of 40,00 EUR :: payment successful transaction no 11-2200434
Payment on 10.09.07 um 10:34:22 from Heiko Grundmann of 90,00 EUR :: payment successful transaction no 11-2201023
Payment on 10.09.07 um 11:15:03 from Frank Pohl of 40,00 EUR :: payment successful transaction no 11-2201187
Payment on 10.09.07 um 13:54:43 from Sven Ossowski of 40,00 EUR :: payment successful transaction no 11-2201742
Payment on 10.09.07 um 13:57:32 from Sven Ossowski of 40,00 EUR :: payment successful transaction no 11-2201745
Payment on 10.09.07 um 17:01:52 from Norbert Kersting of 40,00 EUR :: payment successful transaction no 11-2202558
Payment on 10.09.07 um 18:01:27 from Ronny Miebach of 90,00 EUR :: payment successful transaction no 11-2202732
Payment on 10.09.07 um 20:50:28 from Oliver Kellermann of 40,00 EUR :: payment successful transaction no 11-2203218
Payment on 10.10.07 um 8:42:32 from Ofer Michael of 90,00 EUR :: payment successful transaction no 11-2203870
Payment on 10.10.07 um 10:43:30 from Ralf Blumenthal of 40,00 EUR :: payment successful transaction no 11-2204151
Payment on 10.10.07 um 11:32:24 from Marcel Miko of 40,00 EUR :: payment successful transaction no 11-2204268
Payment on 10.10.07 um 16:04:02 from Jan Stuff of 40,00 EUR :: payment successful transaction no 11-2205023
Payment on 10.10.07 um 17:25:10 from Thomas Frank of 40,00 EUR :: payment successful transaction no 11-2205443
Payment on 10.10.07 um 18:21:56 from Mark Müller of 40,00 EUR :: payment successful transaction no 11-2205621
Payment on 10.11.07 um 0:54:54 from Sven Stegemeyer of 40,00 EUR :: payment successful transaction no 11-2206364
Payment on 10.11.07 um 12:42:00 from Edgar Kohlmaier of 40,00 EUR :: payment successful transaction no 11-2207330
Payment on 10.11.07 um 13:19:52 from Patrick Heider of 90,00 EUR :: payment successful transaction no 11-2207425
Payment on 10.11.07 um 15:46:14 from Jörg Ingenpass of 90,00 EUR :: payment successful transaction no 11-2207829
Payment on 10.11.07 um 19:06:30 from Fred Peters of 40,00 EUR :: payment successful transaction no 11-2208444
Payment on 10.11.07 um 23:26:27 from Arndt Hake of 40,00 EUR :: payment successful transaction no 11-2208961
Payment on 10.13.07 um 0:06:39 from Thomas Schneider of 40,00 EUR :: payment successful transaction no 11-2211404
Payment on 10.13.07 um 9:42:50 from Norbert Meinecke of 40,00 EUR :: payment successful transaction no 11-2211628
Payment on 10.13.07 um 13:41:21 from Wolfgang Protz of 40,00 EUR :: payment successful transaction no 11-2212011
Payment on 10.13.07 um 16:20:49 from Christian Marhold of 40,00 EUR :: payment successful transaction no 11-2212250
Payment on 10.13.07 um 23:18:47 from Jürgen Woltering of 40,00 EUR :: payment successful transaction no 11-2212802
Payment on 10.13.07 um 23:58:26 from Daniel Günzler of 40,00 EUR :: payment successful transaction no 11-2212826
Payment on 10.14.07 um 12:36:47 from Gabi Thiel of 90,00 EUR :: payment successful transaction no 11-2213347
Payment on 10.14.07 um 15:52:56 from Jutta Amtsbüchler of 40,00 EUR :: payment successful transaction no 11-2213734
Payment on 10.14.07 um 16:37:21 from Michael Sebesta of 90,00 EUR :: payment successful transaction no 11-2213813
Payment on 10.14.07 um 16:37:57 from Dennis Böttcher of 90,00 EUR :: payment successful transaction no 11-2213816
Payment on 10.14.07 um 16:49:18 from Ronny Hinzer of 40,00 EUR :: payment successful transaction no 11-2213844
Payment on 10.14.07 um 17:20:26 from Carsten Danz of 90,00 EUR :: payment successful transaction no 11-2213921
Payment on 10.14.07 um 17:22:32 from Jessica Reyer of 40,00 EUR :: payment successful transaction no 11-2213928
Payment on 10.14.07 um 17:48:31 from Andre Te Heesen of 40,00 EUR :: payment successful transaction no 11-2213991
Payment on 10.14.07 um 18:42:03 from Heinrich Rühmann of 40,00 EUR :: payment successful transaction no 11-2214150
Payment on 10.14.07 um 18:46:37 from Jens Kotschwara of 90,00 EUR :: payment successful transaction no 11-2214173
Payment on 10.14.07 um 19:03:33 from Yvonne Blum of 40,00 EUR :: payment successful transaction no 11-2214222
Payment on 10.14.07 um 19:03:38 from Jens Kotschwara of 40,00 EUR :: payment successful transaction no 11-2214225
Payment on 10.14.07 um 19:51:19 from Andreas Schewcik of 40,00 EUR :: payment successful transaction no 11-2214360
Payment on 10.14.07 um 20:15:11 from Angelika Bothe of 40,00 EUR :: payment successful transaction no 11-2214442
Payment on 10.14.07 um 22:16:57 from Klaus Fuchs of 40,00 EUR :: payment successful transaction no 11-2214733
Payment on 10.14.07 um 23:21:46 from Theodor Kalenborn of 90,00 EUR :: payment successful transaction no 11-2214815
Payment on 10.15.07 um 6:20:35 from Michael Witteck of 40,00 EUR :: payment successful transaction no 11-2214926
Payment on 10.15.07 um 13:07:09 from Abdalla Rawashdeh of 40,00 EUR :: payment successful transaction no 11-2215970
Payment on 10.15.07 um 13:11:07 from Sebastian Eschenbacher of 40,00 EUR :: payment successful transaction no 11-2215982
Payment on 10.15.07 um 15:13:35 from Nicole Simon of 40,00 EUR :: payment successful transaction no 11-2216342
Payment on 10.15.07 um 20:07:09 from Klaus Michalski of 40,00 EUR :: payment successful transaction no 11-2217395
Payment on 10.16.07 um 16:04:11 from Antje Thomas of 40,00 EUR :: payment successful transaction no 11-2219357
Payment on 10.16.07 um 17:07:35 from Andreas Müller of 40,00 EUR :: payment successful transaction no 11-2219873
Payment on 10.16.07 um 18:31:34 from Jens Kertscher of 40,00 EUR :: payment successful transaction no 11-2220090
Payment on 10.16.07 um 20:22:18 from Markus Schmid of 40,00 EUR :: payment successful transaction no 11-2220402
Payment on 10.16.07 um 22:09:45 from Markus Spieker of 90,00 EUR :: payment successful transaction no 11-2220671
Payment on 10.16.07 um 22:10:38 from Yvonne Borgemeier of 90,00 EUR :: payment successful transaction no 11-2220673
Payment on 10.16.07 um 22:29:13 from Hans-peter Keul of 40,00 EUR :: payment successful transaction no 11-2220714
Payment on 10.16.07 um 23:19:23 from Stefan Bolz of 40,00 EUR :: payment successful transaction no 11-2220794
Payment on 10.17.07 um 11:35:16 from Saskia Rösner of 40,00 EUR :: payment successful transaction no 11-2221499
Payment on 10.17.07 um 18:03:52 from Sarah Dianga Ba of 90,00 EUR :: payment successful transaction no 11-2222834
Payment on 10.17.07 um 20:58:10 from Steffen Bannier of 40,00 EUR :: payment successful transaction no 11-2223251
Payment on 10.17.07 um 21:50:03 from Jürgen Groh of 40,00 EUR :: payment successful transaction no 11-2223378
Payment on 10.18.07 um 12:28:20 from Daniela Grundmann of 40,00 EUR :: payment successful transaction no 11-2224542
Payment on 10.18.07 um 18:57:44 from Hufnagel Georg of 40,00 EUR :: payment successful transaction no 11-2225866
Payment on 10.18.07 um 21:12:14 from Thorsten Ruttig of 40,00 EUR :: payment successful transaction no 11-2226165
Payment on 10.19.07 um 12:36:44 from Christian Bauer of 40,00 EUR :: payment successful transaction no 11-2227192
Payment on 10.19.07 um 13:08:48 from Susanne Schwiontek of 5,00 EUR :: payment successful transaction no 11-2227268
Payment on 10.19.07 um 13:27:29 from Andreas Kleeschulte of 90,00 EUR :: payment successful transaction no 11-2227300
Payment on 10.19.07 um 16:37:24 from Sven Genseler of 5,00 EUR :: payment successful transaction no 11-2227993
Payment on 10.19.07 um 20:08:37 from Jens Claßen of 5,00 EUR :: payment successful transaction no 11-2228390
Payment on 10.19.07 um 22:04:28 from Claus-dieter Teufel of 40,00 EUR :: payment successful transaction no 11-2228583
Payment on 10.19.07 um 22:44:02 from Heinz Helling of 40,00 EUR :: payment successful transaction no 11-2228624
Payment on 10.20.07 um 7:36:17 from Friedhelm Kolletzki of 40,00 EUR :: payment successful transaction no 11-2228738
Payment on 10.20.07 um 9:09:39 from Roman Guptor of 40,00 EUR :: payment successful transaction no 11-2228778
Payment on 10.20.07 um 10:26:24 from Maik Eith of 90,00 EUR :: payment successful transaction no 11-2228894
Payment on 10.20.07 um 10:37:02 from Andreas Meyer of 40,00 EUR :: payment successful transaction no 11-2228907
Payment on 10.20.07 um 11:44:35 from Kai Goldberg of 40,00 EUR :: payment successful transaction no 11-2229016
Payment on 10.20.07 um 12:55:40 from Gudrun Salam of 5,00 EUR :: payment successful transaction no 11-2229135
Payment on 10.20.07 um 13:31:21 from Mabel Wild of 90,00 EUR :: payment successful transaction no 11-2229181
Payment on 10.20.07 um 13:32:47 from Katharina Raeder of 90,00 EUR :: payment successful transaction no 11-2229183
Payment on 10.20.07 um 13:34:21 from Marcel Meier of 5,00 EUR :: payment successful transaction no 11-2229187
Payment on 10.20.07 um 14:12:12 from Marco Bauer of 40,00 EUR :: payment successful transaction no 11-2229243
Payment on 10.20.07 um 15:41:20 from Daniela Wauer of 30,00 EUR :: payment successful transaction no 11-2229376
Payment on 10.20.07 um 18:25:00 from Jochen Stich of 90,00 EUR :: payment successful transaction no 11-2229655
Payment on 10.20.07 um 20:58:04 from Jessica Reyer of 40,00 EUR :: payment successful transaction no 11-2229861
Payment on 10.20.07 um 21:14:40 from Jens Claßen of 10,00 EUR :: payment successful transaction no 11-2229879
Payment on 10.20.07 um 22:10:14 from Uwe Hermann of 5,00 EUR :: payment successful transaction no 11-2229923
Payment on 10.20.07 um 22:41:21 from Jörg Penzold of 5,00 EUR :: payment successful transaction no 11-2229952
Payment on 10.21.07 um 2:54:31 from Michael Nienau of 40,00 EUR :: payment successful transaction no 11-2230033
Payment on 10.21.07 um 7:04:05 from Marc Schmidt of 90,00 EUR :: payment successful transaction no 11-2230057
Payment on 10.21.07 um 9:56:39 from Norbert Meinecke of 40,00 EUR :: payment successful transaction no 11-2230148
Payment on 10.21.07 um 11:04:00 from Martin Garling of 30,00 EUR :: payment successful transaction no 11-2230260
Payment on 10.21.07 um 11:32:04 from Thomas Matthes of 210,00 EUR :: payment successful transaction no 11-2230333
Payment on 10.21.07 um 12:28:31 from Albert Schmidt of 40,00 EUR :: payment successful transaction no 11-2230462
Payment on 10.21.07 um 15:10:44 from Sascha Trapp of 90,00 EUR :: payment successful transaction no 11-2230853
Payment on 10.21.07 um 17:44:23 from Markus Lambert of 40,00 EUR :: payment successful transaction no 11-2231257
Payment on 10.21.07 um 20:51:19 from Nadine Donner of 40,00 EUR :: payment successful transaction no 11-2231775
Payment on 10.22.07 um 0:46:55 from Rene König of 40,00 EUR :: payment successful transaction no 11-2232070
Payment on 10.22.07 um 14:05:54 from Sascha Pesch of 90,00 EUR :: payment successful transaction no 11-2233265
Payment on 10.22.07 um 15:32:04 from Jörg Penzold of 5,00 EUR :: payment successful transaction no 11-2233474
Payment on 10.22.07 um 16:07:16 from Kwan Montree of 5,00 EUR :: payment successful transaction no 11-2233584
Payment on 10.22.07 um 18:27:56 from Oliver Kolb of 90,00 EUR :: payment successful transaction no 11-2234259
Payment on 10.22.07 um 21:24:22 from David Herms of 90,00 EUR :: payment successful transaction no 11-2234720
Payment on 10.22.07 um 23:22:58 from Theodor Kalenborn of 40,00 EUR :: payment successful transaction no 11-2234908
Payment on 10.23.07 um 0:48:15 from Jens Claßen of 40,00 EUR :: payment successful transaction no 11-2234950
Payment on 10.23.07 um 12:29:26 from Kirsten Hinrichsen of 40,00 EUR :: payment successful transaction no 11-2235776
Payment on 10.23.07 um 15:24:40 from Diana Grieser of 5,00 EUR :: payment successful transaction no 11-2236195
Payment on 10.23.07 um 16:24:40 from Uwe Hermann^ of 30,00 EUR :: payment successful transaction no 11-2236685
Payment on 10.23.07 um 16:46:39 from Julia Griesbaum of 40,00 EUR :: payment successful transaction no 11-2236883
Payment on 10.23.07 um 16:54:00 from Horst Kollmannsberger of 90,00 EUR :: payment successful transaction no 11-2236900
Payment on 10.23.07 um 19:07:18 from Nicole Döding of 90,00 EUR :: payment successful transaction no 11-2237240
Payment on 10.23.07 um 20:17:45 from Marina Graul of 5,00 EUR :: payment successful transaction no 11-2237427
Payment on 10.23.07 um 20:32:58 from Holger Domikowsky of 5,00 EUR :: payment successful transaction no 11-2237479
Payment on 10.23.07 um 20:33:00 from Sebastian Erdmenger of 30,00 EUR :: payment successful transaction no 11-2237480
Payment on 10.24.07 um 2:31:33 from Kodjo Charlemagne Krakani of 40,00 EUR :: payment successful transaction no 11-2237875
Payment on 10.24.07 um 9:50:07 from Brigitte Amlow of 40,00 EUR :: payment successful transaction no 11-2238220
Payment on 10.24.07 um 11:32:10 from Ralf Brödner of 40,00 EUR :: payment successful transaction no 11-2238524
Payment on 10.24.07 um 12:40:52 from Christina Butz of 5,00 EUR :: payment successful transaction no 11-2238708
Payment on 10.24.07 um 13:39:00 from Werner Kleine of 5,00 EUR :: payment successful transaction no 11-2238866
Payment on 10.24.07 um 13:43:25 from Norman Timmann of 90,00 EUR :: payment successful transaction no 11-2238874
Payment on 10.24.07 um 15:42:25 from Rico Walther of 30,00 EUR :: payment successful transaction no 11-2239169
Payment on 10.24.07 um 16:37:16 from Steven Heldt of 40,00 EUR :: payment successful transaction no 11-2239525
Payment on 10.24.07 um 16:38:55 from Hermann Wüsthoff of 90,00 EUR :: payment successful transaction no 11-2239528
Payment on 10.24.07 um 16:56:53 from Heike Wolf of 40,00 EUR :: payment successful transaction no 11-2239572
Payment on 10.24.07 um 17:05:58 from Lars Roesche of 90,00 EUR :: payment successful transaction no 11-2239593
Payment on 10.24.07 um 17:46:15 from Lisette Schmidt of 40,00 EUR :: payment successful transaction no 11-2239686
Payment on 10.24.07 um 18:33:33 from Jessica Reyer of 30,00 EUR :: payment successful transaction no 11-2239818
Payment on 10.24.07 um 18:41:40 from Stamer Anika of 5,00 EUR :: payment successful transaction no 11-2239835
Payment on 10.24.07 um 18:44:23 from Hoffmann Michaela of 40,00 EUR :: payment successful transaction no 11-2239844
Payment on 10.24.07 um 19:03:22 from Ronny Cebulla of 5,00 EUR :: payment successful transaction no 11-2239894
Payment on 10.24.07 um 19:08:07 from Klaus Sobel of 90,00 EUR :: payment successful transaction no 11-2239909
Payment on 10.24.07 um 20:29:03 from Marina Graul of 10,00 EUR :: payment successful transaction no 11-2240094
Payment on 10.25.07 um 7:06:59 from Helmut Schmitt of 90,00 EUR :: payment successful transaction no 11-2240558
Payment on 10.25.07 um 8:48:52 from Stephanie Nörenberg of 40,00 EUR :: payment successful transaction no 11-2240657
Payment on 10.25.07 um 9:24:48 from Marcel Aleman of 30,00 EUR :: payment successful transaction no 11-2240759
Payment on 10.25.07 um 10:51:22 from Benjamin Lau of 70,00 EUR :: payment successful transaction no 11-2241027
Payment on 10.25.07 um 11:49:22 from Jule Hoch of 5,00 EUR :: payment successful transaction no 11-2241165
Payment on 10.25.07 um 12:20:18 from Katharina Jaeger of 40,00 EUR :: payment successful transaction no 11-2241232
Payment on 10.25.07 um 13:15:52 from Diana Grieser of 10,00 EUR :: payment successful transaction no 11-2241364
Payment on 10.25.07 um 13:38:26 from Erich Wosny of 5,00 EUR :: payment successful transaction no 11-2241410
Payment on 10.25.07 um 14:43:24 from Werner Kleine of 10,00 EUR :: payment successful transaction no 11-2241535
Payment on 10.25.07 um 15:56:18 from Patrick Rebmann of 5,00 EUR :: payment successful transaction no 11-2241838
Payment on 10.25.07 um 17:06:59 from Ruth Grunden of 5,00 EUR :: payment successful transaction no 11-2242027
Payment on 10.25.07 um 17:20:26 from Nina Nickel of 30,00 EUR :: payment successful transaction no 11-2242057
Payment on 10.25.07 um 18:01:04 from Uwe Hermann of 10,00 EUR :: payment successful transaction no 11-2242147
Payment on 10.25.07 um 19:03:13 from Martin Garling of 10,00 EUR :: payment successful transaction no 11-2242259
Payment on 10.25.07 um 20:18:42 from Daniela Stephan of 5,00 EUR :: payment successful transaction no 11-2242438
Payment on 10.26.07 um 0:20:07 from Ronny Cebulla of 10,00 EUR :: payment successful transaction no 11-2242787
Payment on 10.26.07 um 8:07:54 from Tony Klabunde of 5,00 EUR :: payment successful transaction no 11-2242915
Payment on 10.26.07 um 9:10:17 from Anica Risch of 40,00 EUR :: payment successful transaction no 11-2243021
Payment on 10.26.07 um 9:49:31 from Skusa Dominic of 40,00 EUR :: payment successful transaction no 11-2243101
Payment on 10.26.07 um 11:35:37 from Jadwiga Fuhl of 90,00 EUR :: payment successful transaction no 11-2243367
Payment on 10.26.07 um 12:04:49 from Ralf Becker of 90,00 EUR :: payment successful transaction no 11-2243463
Payment on 10.26.07 um 13:55:26 from Jule Hoch of 10,00 EUR :: payment successful transaction no 11-2243724
Payment on 10.26.07 um 14:34:57 from Marcel Aleman of 10,00 EUR :: payment successful transaction no 11-2243820
Payment on 10.26.07 um 14:39:46 from Horst Fischer of 90,00 EUR :: payment successful transaction no 11-2243835
Payment on 10.26.07 um 16:16:31 from Theodor Kalenborn of 40,00 EUR :: payment successful transaction no 11-2244237
Payment on 10.26.07 um 16:39:07 from Natalie Duppke of 30,00 EUR :: payment successful transaction no 11-2244281
Payment on 10.26.07 um 17:04:14 from Mark Schlothauer of 5,00 EUR :: payment successful transaction no 11-2244324
Payment on 10.26.07 um 17:40:22 from Stamer Anika of 10,00 EUR :: payment successful transaction no 11-2244434
Payment on 10.26.07 um 17:40:53 from Nicole Tiedge of 40,00 EUR :: payment successful transaction no 11-2244435
Payment on 10.26.07 um 19:00:10 from Sven Schernikau of 90,00 EUR :: payment successful transaction no 11-2244586
Payment on 10.26.07 um 20:33:00 from Erich Wosny of 10,00 EUR :: payment successful transaction no 11-2244714
Payment on 10.26.07 um 23:29:02 from Klaus Ullrich of 40,00 EUR :: payment successful transaction no 11-2244920
Payment on 10.27.07 um 6:26:57 from Oliver Droste of 40,00 EUR :: payment successful transaction no 11-2244990
Payment on 10.27.07 um 8:51:24 from Sylvia Wallenfang of 40,00 EUR :: payment successful transaction no 11-2245030
Payment on 10.27.07 um 15:06:42 from Melanie Strauch of 40,00 EUR :: payment successful transaction no 11-2245646
Payment on 10.27.07 um 17:09:01 from Ruth Grunden of 5,00 EUR :: payment successful transaction no 11-2245843
Payment on 10.27.07 um 18:05:56 from Nadine Melhorn of 40,00 EUR :: payment successful transaction no 11-2245937
Payment on 10.27.07 um 18:06:22 from Rico Walther of 10,00 EUR :: payment successful transaction no 11-2245938
Payment on 10.27.07 um 19:00:20 from Sonja Berisha of 40,00 EUR :: payment successful transaction no 11-2246022
Payment on 10.27.07 um 20:01:14 from Mike Uhlmann of 40,00 EUR :: payment successful transaction no 11-2246115
Payment on 10.27.07 um 20:15:44 from Michael Füchtemeier of 30,00 EUR :: payment successful transaction no 11-2246138
Payment on 10.27.07 um 20:33:28 from Marcel Schlümer of 5,00 EUR :: payment successful transaction no 11-2246168
Payment on 10.27.07 um 20:42:07 from Peter Mandra of 30,00 EUR :: payment successful transaction no 11-2246182
Payment on 10.27.07 um 20:53:59 from Denise Lièvre of 30,00 EUR :: payment successful transaction no 11-2246200
Payment on 10.27.07 um 22:29:22 from Martin Eisenkopf of 30,00 EUR :: payment successful transaction no 11-2246310
Payment on 10.27.07 um 22:43:33 from Harald Tittel of 70,00 EUR :: payment successful transaction no 11-2246317
Payment on 10.28.07 um 0:53:50 from Natalie Duppke of 10,00 EUR :: payment successful transaction no 11-2246398
Payment on 10.28.07 um 1:53:47 from Patrick Rebmann of 5,00 EUR :: payment successful transaction no 11-2246407
Payment on 10.28.07 um 2:59:59 from Kerstin Sommerer of 5,00 EUR :: payment successful transaction no 11-2246418
Payment on 10.28.07 um 9:34:56 from Steffen Heinzel of 90,00 EUR :: payment successful transaction no 11-2246571
Payment on 10.28.07 um 9:51:03 from Christiane Rauchmann of 40,00 EUR :: payment successful transaction no 11-2246596
Payment on 10.28.07 um 10:47:12 from Thomas Bölk of 40,00 EUR :: payment successful transaction no 11-2246736
Payment on 10.28.07 um 11:37:12 from Werner Kleine of 40,00 EUR :: payment successful transaction no 11-2246882
Payment on 10.28.07 um 12:00:18 from Frances Fern of 30,00 EUR :: payment successful transaction no 11-2246941
Payment on 10.28.07 um 13:39:06 from Silva Cassetty of 40,00 EUR :: payment successful transaction no 11-2247204
Payment on 10.28.07 um 13:45:32 from Martin Messenzehl of 40,00 EUR :: payment successful transaction no 11-2247213
Payment on 10.28.07 um 14:58:28 from Ronny Cebulla of 40,00 EUR :: payment successful transaction no 11-2247369
Payment on 10.28.07 um 15:17:11 from Tony Klabunde of 10,00 EUR :: payment successful transaction no 11-2247411
Payment on 10.28.07 um 16:20:28 from Dirk Becker of 40,00 EUR :: payment successful transaction no 11-2247545
Payment on 10.28.07 um 16:29:36 from Stephanie Feraj of 40,00 EUR :: payment successful transaction no 11-2247564
Payment on 10.28.07 um 16:39:25 from Denise Böhl of 90,00 EUR :: payment successful transaction no 11-2247583
Payment on 10.28.07 um 17:01:00 from Diane Wilde of 90,00 EUR :: payment successful transaction no 11-2247635
Payment on 10.28.07 um 17:48:38 from Jens Kleim of 30,00 EUR :: payment successful transaction no 11-2247787
Payment on 10.28.07 um 17:53:19 from Maria Menter of 40,00 EUR :: payment successful transaction no 11-2247806
Payment on 10.28.07 um 18:21:29 from Kay Nissen of 40,00 EUR :: payment successful transaction no 11-2247903
Payment on 10.28.07 um 18:34:42 from Tanja Hoffmann of 5,00 EUR :: payment successful transaction no 11-2247935
Payment on 10.28.07 um 18:43:37 from Nadine Zerr of 40,00 EUR :: payment successful transaction no 11-2247958
Payment on 10.28.07 um 18:46:40 from Jens Claßen of 90,00 EUR :: payment successful transaction no 11-2247966
Payment on 10.28.07 um 18:54:35 from Nina Nickel of 10,00 EUR :: payment successful transaction no 11-2247992
Payment on 10.28.07 um 19:04:50 from Robin Fischer of 40,00 EUR :: payment successful transaction no 11-2248013
Payment on 10.28.07 um 21:51:06 from Harald Tittel of 10,00 EUR :: payment successful transaction no 11-2248416
Payment on 10.28.07 um 23:27:20 from Daniel Springer of 40,00 EUR :: payment successful transaction no 11-2248524
Payment on 10.29.07 um 2:32:49 from Michael Burrichter of 40,00 EUR :: payment successful transaction no 11-2248563
Payment on 10.29.07 um 7:20:23 from Gabriele Thiel of 90,00 EUR :: payment successful transaction no 11-2248608
Payment on 10.29.07 um 9:02:17 from Anja Richter of 5,00 EUR :: payment successful transaction no 11-2248843
Payment on 10.29.07 um 11:19:01 from Maik Ramsch of 90,00 EUR :: payment successful transaction no 11-2249418
Payment on 10.29.07 um 12:09:17 from Sonja Raupach of 5,00 EUR :: payment successful transaction no 11-2249572
Payment on 10.29.07 um 14:48:21 from Rene Hofmann of 5,00 EUR :: payment successful transaction no 11-2250042
Payment on 10.29.07 um 15:15:42 from Anja Greiner of 5,00 EUR :: payment successful transaction no 11-2250107
Payment on 10.29.07 um 18:33:58 from Dennis Rathmann of 30,00 EUR :: payment successful transaction no 11-2250965
Payment on 10.29.07 um 21:19:29 from Erich Wosny of 40,00 EUR :: payment successful transaction no 11-2251438
Payment on 10.29.07 um 22:02:57 from Raimund Heithecker of 90,00 EUR :: payment successful transaction no 11-2251528
Payment on 10.30.07 um 10:19:26 from Jessica Reyer of 10,00 EUR :: payment successful transaction no 11-2252204
Payment on 10.30.07 um 11:52:29 from Mirko Apel of 40,00 EUR :: payment successful transaction no 11-2252549
Payment on 10.30.07 um 11:59:34 from Mario Heidmann of 90,00 EUR :: payment successful transaction no 11-2252586
Payment on 10.30.07 um 12:14:57 from Jürgen Heidfeld of 90,00 EUR :: payment successful transaction no 11-2252655
Payment on 10.30.07 um 12:34:38 from Sabrina Bratke of 40,00 EUR :: payment successful transaction no 11-2252703
Payment on 10.30.07 um 14:01:37 from Norman Weber of 30,00 EUR :: payment successful transaction no 11-2252968
Payment on 10.30.07 um 15:50:49 from Tanja Hoffmann of 10,00 EUR :: payment successful transaction no 11-2253210
Payment on 10.30.07 um 17:13:57 from Kerstin Sommerer of 5,00 EUR :: payment successful transaction no 11-2253817
Payment on 10.30.07 um 18:36:01 from Stephanie Hartlaub of 40,00 EUR :: payment successful transaction no 11-2254034
Payment on 10.30.07 um 18:53:55 from Dennis Sund of 40,00 EUR :: payment successful transaction no 11-2254075
Payment on 10.30.07 um 19:09:38 from Jahne Manfred of 5,00 EUR :: payment successful transaction no 11-2254113
Payment on 10.30.07 um 19:13:21 from Anja Greiner of 10,00 EUR :: payment successful transaction no 11-2254126
Payment on 10.30.07 um 20:29:47 from Jan-moritz Simon of 30,00 EUR :: payment successful transaction no 11-2254333
Payment on 10.30.07 um 23:17:25 from Maik Aderhold of 5,00 EUR :: payment successful transaction no 11-2254655
Payment on 10.31.07 um 0:07:40 from Dirk Prätsch of 5,00 EUR :: payment successful transaction no 11-2254689
Payment on 10.31.07 um 0:37:20 from Martin Eisenkopf of 10,00 EUR :: payment successful transaction no 11-2254703
Payment on 10.31.07 um 10:24:13 from Ruth Grunden of 5,00 EUR :: payment successful transaction no 11-2255194
Payment on 10.31.07 um 12:58:39 from Pies Bianca of 5,00 EUR :: payment successful transaction no 11-2255607
Payment on 10.31.07 um 14:36:44 from Manfred Mingers of 5,00 EUR :: payment successful transaction no 11-2255904
Payment on 10.31.07 um 16:28:18 from Michael Füchtemeier of 10,00 EUR :: payment successful transaction no 11-2256421
Payment on 10.31.07 um 17:35:05 from Dennis Alfaro Lopez of 40,00 EUR :: payment successful transaction no 11-2256581
Payment on 10.31.07 um 17:53:18 from Birgit Cebulla of 40,00 EUR :: payment successful transaction no 11-2256620
Payment on 10.31.07 um 19:48:53 from Rene Hofmann of 10,00 EUR :: payment successful transaction no 11-2256865
Payment on 10.31.07 um 23:56:25 from Daniela Hochberger of 40,00 EUR :: payment successful transaction no 11-2257226
Payment on 11.01.07 um 6:33:45 from Martin Neumann of 40,00 EUR :: payment successful transaction no 11-2257300
Payment on 11.01.07 um 6:42:05 from Marco Pradella of 40,00 EUR :: payment successful transaction no 11-2257308
Payment on 11.01.07 um 14:07:08 from Regina Künicke of 5,00 EUR :: payment successful transaction no 11-2258437
Payment on 11.01.07 um 14:20:10 from Kerscher Daniel of 40,00 EUR :: payment successful transaction no 11-2258466
Payment on 11.01.07 um 14:27:37 from Britta Lau of 5,00 EUR :: payment successful transaction no 11-2258473
Payment on 11.01.07 um 16:36:14 from Ellen Redlich of 210,00 EUR :: payment successful transaction no 11-2258978
Payment on 11.01.07 um 19:51:46 from Christian Dreßen of 90,00 EUR :: payment successful transaction no 11-2259734
Payment on 11.01.07 um 20:00:58 from Jenifer Mangold of 30,00 EUR :: payment successful transaction no 11-2259773
Payment on 11.02.07 um 0:08:30 from Dean Jacobs of 40,00 EUR :: payment successful transaction no 11-2260319
Payment on 11.02.07 um 9:51:07 from Werner Hagen of 5,00 EUR :: payment successful transaction no 11-2260630
Payment on 11.02.07 um 12:43:56 from Werner Kralowitz of 40,00 EUR :: payment successful transaction no 11-2261149
Payment on 11.02.07 um 13:36:03 from Sascha Neunzig of 5,00 EUR :: payment successful transaction no 11-2261283
Payment on 11.02.07 um 13:59:49 from Manfred Mingers of 10,00 EUR :: payment successful transaction no 11-2261337
Payment on 11.02.07 um 14:15:22 from Eberlein Markus of 5,00 EUR :: payment successful transaction no 11-2261374
Payment on 11.02.07 um 16:01:55 from Frances Fern of 10,00 EUR :: payment successful transaction no 11-2261672
Payment on 11.02.07 um 16:11:11 from Norman Weber of 5,00 EUR :: payment successful transaction no 11-2261697
Payment on 11.02.07 um 16:58:23 from Christian Müller of 5,00 EUR :: payment successful transaction no 11-2262073
Payment on 11.02.07 um 17:29:58 from Tatjana Kugel of 5,00 EUR :: payment successful transaction no 11-2262145
Payment on 11.02.07 um 17:45:59 from Torsten Sesselmann of 40,00 EUR :: payment successful transaction no 11-2262185
Payment on 11.02.07 um 18:19:02 from Saskia Graf of 90,00 EUR :: payment successful transaction no 11-2262253
Payment on 11.02.07 um 18:24:32 from Rene Hofmann of 40,00 EUR :: payment successful transaction no 11-2262265
Payment on 11.02.07 um 18:25:46 from Juliane Müller of 90,00 EUR :: payment successful transaction no 11-2262270
Payment on 11.02.07 um 18:27:36 from Christian Theobald of 40,00 EUR :: payment successful transaction no 11-2262273
Payment on 11.02.07 um 19:46:32 from Jan-moritz Simon of 10,00 EUR :: payment successful transaction no 11-2262447
Payment on 11.02.07 um 20:29:04 from Ruth Grunden of 10,00 EUR :: payment successful transaction no 11-2262530
Payment on 11.02.07 um 20:31:50 from Marco Sellke of 90,00 EUR :: payment successful transaction no 11-2262537
Payment on 11.02.07 um 22:09:00 from Jasmin Müller of 90,00 EUR :: payment successful transaction no 11-2262676
Payment on 11.02.07 um 23:03:41 from Marco Kloss of 5,00 EUR :: payment successful transaction no 11-2262737
Payment on 11.03.07 um 10:43:50 from Michael Eggers of 5,00 EUR :: payment successful transaction no 11-2263099
Payment on 11.03.07 um 10:49:07 from Desiree St.coeur of 40,00 EUR :: payment successful transaction no 11-2263108
Payment on 11.03.07 um 11:35:51 from Frank Borrs of 10,00 EUR :: payment successful transaction no 11-2263217
Payment on 11.03.07 um 12:25:35 from Thorsten Mathis of 30,00 EUR :: payment successful transaction no 11-2263308
Payment on 11.03.07 um 13:11:54 from Alexandra Brueggen-ullah of 40,00 EUR :: payment successful transaction no 11-2263411
Payment on 11.03.07 um 13:21:56 from Klaudia Schmidt of 5,00 EUR :: payment successful transaction no 11-2263434
Payment on 11.03.07 um 16:17:29 from Ruth Grunden of 40,00 EUR :: payment successful transaction no 11-2263771
Payment on 11.03.07 um 18:06:27 from Nadja Jenichen of 90,00 EUR :: payment successful transaction no 11-2263993
Payment on 11.03.07 um 22:14:57 from Andrea Sense of 40,00 EUR :: payment successful transaction no 11-2264364
Payment on 11.04.07 um 2:14:02 from Marcel Pabelick of 40,00 EUR :: payment successful transaction no 11-2264486
Payment on 11.04.07 um 8:59:49 from Sascha Neunzig of 10,00 EUR :: payment successful transaction no 11-2264577
Payment on 11.04.07 um 13:24:56 from Svenja Ulbrich of 40,00 EUR :: payment successful transaction no 11-2265181
Payment on 11.04.07 um 16:07:41 from Angelika Allaoui of 30,00 EUR :: payment successful transaction no 11-2265592
Payment on 11.04.07 um 18:09:05 from Michael Eggers of 5,00 EUR :: payment successful transaction no 11-2266082
Payment on 11.04.07 um 18:58:03 from Patrick Rebmann of 10,00 EUR :: payment successful transaction no 11-2266228
Payment on 11.05.07 um 10:44:02 from Pies Bianca of 5,00 EUR :: payment successful transaction no 11-2267679
Payment on 11.05.07 um 14:02:44 from Patrick Kreul of 5,00 EUR :: payment successful transaction no 11-2268446
Payment on 11.05.07 um 16:44:59 from Manfred Zehnl of 5,00 EUR :: payment successful transaction no 11-2269332
Payment on 11.05.07 um 17:25:29 from Anton Selensky of 40,00 EUR :: payment successful transaction no 11-2269492
Payment on 11.05.07 um 17:28:29 from Andre Aykut of 5,00 EUR :: payment successful transaction no 11-2269505
Payment on 11.05.07 um 19:16:17 from Sabrina Palicki of 40,00 EUR :: payment successful transaction no 11-2269846
Payment on 11.05.07 um 19:33:28 from Svetlana Kugel of 5,00 EUR :: payment successful transaction no 11-2269905
Payment on 11.05.07 um 20:28:51 from Werner Hagen of 10,00 EUR :: payment successful transaction no 11-2270099
Payment on 11.05.07 um 21:53:04 from Klaudia Schmidt of 10,00 EUR :: payment successful transaction no 11-2270342
Payment on 11.06.07 um 11:24:34 from Tina Rehbein of 30,00 EUR :: payment successful transaction no 11-2271439
Payment on 11.06.07 um 12:07:10 from Melanie Hunzelder of 5,00 EUR :: payment successful transaction no 11-2271643
Payment on 11.06.07 um 13:12:27 from Dominik Dauter of 40,00 EUR :: payment successful transaction no 11-2271835
Payment on 11.06.07 um 14:08:18 from Franco Gregor of 40,00 EUR :: payment successful transaction no 11-2272002
Payment on 11.06.07 um 14:57:06 from Susanne Jenke of 5,00 EUR :: payment successful transaction no 11-2272192
Payment on 11.06.07 um 15:04:36 from Peter Knoke of 210,00 EUR :: payment successful transaction no 11-2272233
Payment on 11.06.07 um 16:07:10 from Dominik Papke of 5,00 EUR :: payment successful transaction no 11-2272935
Payment on 11.06.07 um 16:12:45 from Dirk Becker of 40,00 EUR :: payment successful transaction no 11-2272958
Payment on 11.06.07 um 16:43:36 from Duc Vu Viet of 90,00 EUR :: payment successful transaction no 11-2273061
Payment on 11.06.07 um 19:06:50 from Stefan Kopp of 90,00 EUR :: payment successful transaction no 11-2273487
Payment on 11.06.07 um 19:20:41 from Madeleine Tilger of 30,00 EUR :: payment successful transaction no 11-2273545
Payment on 11.06.07 um 20:16:57 from Patrick Rebmann of 40,00 EUR :: payment successful transaction no 11-2273726
Payment on 11.06.07 um 21:35:21 from Philipp Hoffamnn of 5,00 EUR :: payment successful transaction no 11-2273947
Payment on 11.06.07 um 21:48:35 from Silke Böhme of 90,00 EUR :: payment successful transaction no 11-2273984
Payment on 11.06.07 um 21:56:30 from Janine Scholz of 30,00 EUR :: payment successful transaction no 11-2274000
Payment on 11.06.07 um 22:30:49 from Nancy Döring of 40,00 EUR :: payment successful transaction no 11-2274073
Payment on 11.06.07 um 23:34:29 from Martin Bretscher of 5,00 EUR :: payment successful transaction no 11-2274151
Payment on 11.07.07 um 2:05:19 from Stefanie Wiedenmann of 30,00 EUR :: payment successful transaction no 11-2274200
Payment on 11.07.07 um 9:11:27 from Michael Eggers of 5,00 EUR :: payment successful transaction no 11-2274460
Payment on 11.07.07 um 11:52:25 from Klaudia Schmidt of 40,00 EUR :: payment successful transaction no 11-2274994
Payment on 11.07.07 um 13:31:48 from Tatjana Kugel of 5,00 EUR :: payment successful transaction no 11-2275317
Payment on 11.07.07 um 13:34:19 from Klaus Lineal of 90,00 EUR :: payment successful transaction no 11-2275321
Payment on 11.07.07 um 13:35:51 from Svetlana Kugel of 5,00 EUR :: payment successful transaction no 11-2275324
Payment on 11.07.07 um 13:43:46 from Thomas Beier of 5,00 EUR :: payment successful transaction no 11-2275347
Payment on 11.07.07 um 14:37:23 from Damian Hakelberg - Zwierko of 40,00 EUR :: payment successful transaction no 11-2275497
Payment on 11.07.07 um 15:22:20 from Sylvia Lünzmann of 5,00 EUR :: payment successful transaction no 11-2275622
Payment on 11.07.07 um 15:24:43 from Susanne Jenke of 10,00 EUR :: payment successful transaction no 11-2275630
Payment on 11.07.07 um 16:56:14 from Mossa Frank of 5,00 EUR :: payment successful transaction no 11-2276202
Payment on 11.07.07 um 18:04:29 from Finkemeier Erich of 70,00 EUR :: payment successful transaction no 11-2276452
Payment on 11.07.07 um 18:38:44 from Werner Hagen of 40,00 EUR :: payment successful transaction no 11-2276550
Payment on 11.07.07 um 18:53:20 from Mark Schlothauer of 10,00 EUR :: payment successful transaction no 11-2276595
Payment on 11.07.07 um 21:03:27 from Richard Joseph of 5,00 EUR :: payment successful transaction no 11-2276991
Payment on 11.08.07 um 9:34:39 from Jan Byk of 30,00 EUR :: payment successful transaction no 11-2277768
Payment on 11.08.07 um 15:17:34 from Ralf Ebersoldt of 40,00 EUR :: payment successful transaction no 11-2279021
Payment on 11.08.07 um 17:51:21 from Mossa Frank of 5,00 EUR :: payment successful transaction no 11-2279414
Payment on 11.09.07 um 10:32:25 from Andre Aykut of 10,00 EUR :: payment successful transaction no 11-2280710
Payment on 11.09.07 um 10:47:50 from Jan Byk of 10,00 EUR :: payment successful transaction no 11-2280746
Payment on 11.09.07 um 12:23:43 from Raimund Heithecker of 90,00 EUR :: payment successful transaction no 11-2280963
Payment on 11.09.07 um 13:30:49 from Kerstin Walkenbach of 10,00 EUR :: payment successful transaction no 11-2281124
Payment on 11.09.07 um 13:35:45 from Manuel Behrens of 30,00 EUR :: payment successful transaction no 11-2281131
Payment on 11.09.07 um 14:12:58 from Frank Liesemann of 40,00 EUR :: payment successful transaction no 11-2281206
Payment on 11.09.07 um 16:16:09 from Madeleine Tilger of 10,00 EUR :: payment successful transaction no 11-2281705
Payment on 11.09.07 um 16:23:53 from Stefanie Wiedenmann of 10,00 EUR :: payment successful transaction no 11-2281726
Payment on 11.09.07 um 18:29:58 from Svetlana Kugel of 5,00 EUR :: payment successful transaction no 11-2282018
Payment on 11.09.07 um 19:27:13 from Beate Czaja of 40,00 EUR :: payment successful transaction no 11-2282127
Payment on 11.09.07 um 20:37:53 from Finkemeier Erich of 20,00 EUR :: payment successful transaction no 11-2282232
Payment on 11.09.07 um 21:19:07 from Therese Sommerer of 5,00 EUR :: payment successful transaction no 11-2282289
Payment on 11.09.07 um 22:32:40 from Ingo Rodenhagen of 90,00 EUR :: payment successful transaction no 11-2282401
Payment on 11.10.07 um 1:38:55 from Maik Maier of 90,00 EUR :: payment successful transaction no 11-2282499
Payment on 11.10.07 um 6:23:42 from Andreas Schneider of 40,00 EUR :: payment successful transaction no 11-2282545
Payment on 11.10.07 um 13:59:43 from Daniel Henninger of 40,00 EUR :: payment successful transaction no 11-2283125
Payment on 11.10.07 um 20:03:08 from Daniel Heidkamp of 5,00 EUR :: payment successful transaction no 11-2283830
Payment on 11.10.07 um 21:17:07 from Marcel Gumpert of 40,00 EUR :: payment successful transaction no 11-2283942
Payment on 11.10.07 um 23:05:37 from Daniel Frank of 90,00 EUR :: payment successful transaction no 11-2284043
Payment on 11.11.07 um 0:54:57 from Janine Wuttke of 5,00 EUR :: payment successful transaction no 11-2284096
Payment on 11.11.07 um 4:29:18 from Lutz Schneider of 30,00 EUR :: payment successful transaction no 11-2284124
Payment on 11.11.07 um 7:36:12 from Oliver Kellermann of 40,00 EUR :: payment successful transaction no 11-2284149
Payment on 11.11.07 um 12:10:24 from Yves Krause of 30,00 EUR :: payment successful transaction no 11-2284597
Payment on 11.11.07 um 13:41:40 from Erik Voßberg of 5,00 EUR :: payment successful transaction no 11-2284863
Payment on 11.11.07 um 20:02:46 from Mossa Frank of 10,00 EUR :: payment successful transaction no 11-2285991
Payment on 11.13.07 um 10:53:23 from Sven Ossowski of 40,00 EUR :: payment successful transaction no 11-2290353
Payment on 11.13.07 um 11:21:15 from Claudia Kern of 5,00 EUR :: payment successful transaction no 11-2290481
Payment on 11.13.07 um 11:50:05 from Körner Jessica of 5,00 EUR :: payment successful transaction no 11-2290603
Payment on 11.13.07 um 13:47:54 from Mario Hölscher of 30,00 EUR :: payment successful transaction no 11-2290954
Payment on 11.13.07 um 13:55:36 from Mike Köhler of 40,00 EUR :: payment successful transaction no 11-2290979
Payment on 11.13.07 um 16:04:00 from Lutz Schneider of 10,00 EUR :: payment successful transaction no 11-2291437
Payment on 11.13.07 um 19:38:24 from Andreas Klein of 40,00 EUR :: payment successful transaction no 11-2292541
Payment on 11.13.07 um 23:44:59 from Benjamin Rauch of 40,00 EUR :: payment successful transaction no 11-2293116
Payment on 11.14.07 um 11:08:25 from La Porta Mario of 5,00 EUR :: payment successful transaction no 11-2293891
Payment on 11.14.07 um 11:20:58 from Manuel Behrens of 10,00 EUR :: payment successful transaction no 11-2293940
Payment on 11.14.07 um 13:13:53 from Jermaine Tyson of 90,00 EUR :: payment successful transaction no 11-2294304
Payment on 11.14.07 um 14:41:30 from Janine Wuttke of 5,00 EUR :: payment successful transaction no 11-2294547
Payment on 11.14.07 um 16:34:10 from Claudia Kern of 10,00 EUR :: payment successful transaction no 11-2295106
Payment on 11.14.07 um 17:59:10 from Mario Hölscher of 10,00 EUR :: payment successful transaction no 11-2295444
Payment on 11.14.07 um 18:21:57 from Allen Baiyee of 5,00 EUR :: payment successful transaction no 11-2295519
Payment on 11.14.07 um 18:23:32 from Torsten Frauböse of 90,00 EUR :: payment successful transaction no 11-2295524
Payment on 11.14.07 um 18:28:32 from Yves Krause of 10,00 EUR :: payment successful transaction no 11-2295541
Payment on 11.14.07 um 18:59:49 from Sina Notarangelo of 5,00 EUR :: payment successful transaction no 11-2295634
Payment on 11.14.07 um 19:35:13 from Ronny Schanz of 40,00 EUR :: payment successful transaction no 11-2295740
Payment on 11.14.07 um 19:49:38 from Benjamin Winterfeld of 90,00 EUR :: payment successful transaction no 11-2295781
Payment on 11.14.07 um 21:01:46 from Tobias Bäck of 5,00 EUR :: payment successful transaction no 11-2296025
Payment on 11.15.07 um 0:00:20 from Diana Janas of 40,00 EUR :: payment successful transaction no 11-2296336
Payment on 11.15.07 um 0:58:13 from Christian Lange of 40,00 EUR :: payment successful transaction no 11-2296364
Payment on 11.15.07 um 11:35:46 from Hannelore Blum of 40,00 EUR :: payment successful transaction no 11-2297177
Payment on 11.15.07 um 15:21:00 from Marco Gensch of 40,00 EUR :: payment successful transaction no 11-2297819
Payment on 11.15.07 um 16:29:12 from Körner Jessica of 5,00 EUR :: payment successful transaction no 11-2298202
Payment on 11.15.07 um 17:24:15 from Florian Paul of 30,00 EUR :: payment successful transaction no 11-2298368
Payment on 11.15.07 um 19:47:17 from Susann Rogalinski of 40,00 EUR :: payment successful transaction no 11-2298745
Payment on 11.15.07 um 20:52:42 from Daniel Schultz of 40,00 EUR :: payment successful transaction no 11-2298925
Payment on 11.15.07 um 23:13:12 from Tobias Bäck of 5,00 EUR :: payment successful transaction no 11-2299186
Payment on 11.16.07 um 15:02:31 from Kai Stender of 5,00 EUR :: payment successful transaction no 11-2300626
Payment on 11.16.07 um 16:14:54 from Tina Rehbein of 10,00 EUR :: payment successful transaction no 11-2300781
Payment on 11.17.07 um 9:45:52 from La Porta Mario Carmelo of 5,00 EUR :: payment successful transaction no 11-2302815
Payment on 11.17.07 um 10:54:56 from Manuela Meyer of 40,00 EUR :: payment successful transaction no 11-2302916
Payment on 11.17.07 um 12:41:38 from Christin Elzner of 90,00 EUR :: payment successful transaction no 11-2303130
Payment on 11.18.07 um 15:40:32 from Körner Jessica of 5,00 EUR :: payment successful transaction no 11-2305337
Payment on 11.18.07 um 17:54:46 from Sven Stirnal of 90,00 EUR :: payment successful transaction no 11-2305771
Payment on 11.19.07 um 10:01:14 from Markus Goczol of 210,00 EUR :: payment successful transaction no 11-2307224
Payment on 11.19.07 um 11:59:58 from Tony Klabunde of 40,00 EUR :: payment successful transaction no 11-2307599
Payment on 11.19.07 um 18:59:09 from Stefanie Gauglitz of 30,00 EUR :: payment successful transaction no 11-2309485
Payment on 11.20.07 um 16:10:56 from Heike Briez of 40,00 EUR :: payment successful transaction no 11-2312369
Payment on 11.20.07 um 17:13:51 from Tatjana Gebel of 5,00 EUR :: payment successful transaction no 11-2312566
Payment on 11.20.07 um 17:20:44 from Tatjana Gebel of 5,00 EUR :: payment successful transaction no 11-2312588
Payment on 11.20.07 um 17:30:15 from Heinz Helling of 40,00 EUR :: payment successful transaction no 11-2312621
Payment on 11.20.07 um 17:44:42 from Harald Tittel of 90,00 EUR :: payment successful transaction no 11-2312657
Payment on 11.20.07 um 17:48:59 from Körner Jessica of 10,00 EUR :: payment successful transaction no 11-2312668
Payment on 11.20.07 um 18:11:41 from Ralf Krömer of 90,00 EUR :: payment successful transaction no 11-2312731
Payment on 11.20.07 um 20:59:27 from Max Martin of 30,00 EUR :: payment successful transaction no 11-2313297
Payment on 11.21.07 um 12:17:14 from Tatjana Gebel of 5,00 EUR :: payment successful transaction no 11-2314514
Payment on 11.21.07 um 20:25:49 from Sarah Hüppe of 90,00 EUR :: payment successful transaction no 11-2316155
Payment on 11.21.07 um 20:30:38 from Matthias Melzer of 90,00 EUR :: payment successful transaction no 11-2316174
Payment on 11.21.07 um 22:40:46 from Max Martin of 10,00 EUR :: payment successful transaction no 11-2316518
Payment on 11.22.07 um 11:53:23 from Tobias Bäck of 5,00 EUR :: payment successful transaction no 11-2317493
Payment on 11.22.07 um 14:28:46 from Florian Becker of 40,00 EUR :: payment successful transaction no 11-2318048
