[2014-02-24 12:03:05] Using proxy ip 127.0.0.1:9050
[2014-02-24 12:03:05] Go to INDEX page to check login status for user: littlemeexD
[2014-02-24 12:03:13] Using proxy ip 127.0.0.1:9050
[2014-02-24 12:03:13] This profile: littlemeexD does not log in.
[2014-02-24 12:03:13] New Tor Identity request completed.
[2014-02-24 12:03:13] Logging in.
[2014-02-24 12:03:45] Using proxy ip 127.0.0.1:9050
[2014-02-24 12:03:45] Go to INDEX page to check login status for user: littlemeexD
[2014-02-24 12:03:52] Using proxy ip 127.0.0.1:9050
[2014-02-24 12:03:52] This profile: littlemeexD does not log in.
[2014-02-24 12:03:52] New Tor Identity request completed.
[2014-02-24 12:03:52] Logging in.
[2014-02-24 12:03:57] Go to INDEX page to check login status for user: littlemeexD
[2014-02-24 12:04:00] Log in failed with profile: littlemeexD
[2014-02-24 12:04:00] Log in failed 1 times.
[2014-02-24 12:04:00] Sleep after log in failed for 00:02:00
[2014-02-24 12:04:00] Sleep for 120 second(s)
[2014-02-24 12:05:00] Still sleeping [00:01:00 left]
[2014-02-24 12:06:00] Still sleeping [00:00:00 left]
[2014-02-24 12:06:00] New Tor Identity request completed.
[2014-02-24 12:06:00] Logging in.
[2014-02-24 12:06:08] Go to INDEX page to check login status for user: littlemeexD
[2014-02-24 12:06:12] Log in failed with profile: littlemeexD
[2014-02-24 12:06:12] Log in failed 2 times.
[2014-02-24 12:06:12] Sleep after log in failed for 00:02:00
[2014-02-24 12:06:12] Sleep for 120 second(s)
[2014-02-24 12:07:12] Still sleeping [00:01:00 left]
[2014-02-24 12:09:06] Using proxy ip 127.0.0.1:9050
[2014-02-24 12:09:07] Go to INDEX page to check login status for user: littlemeexD
[2014-02-24 12:09:12] This profile: littlemeexD has been logged in.
[2014-02-24 12:09:14] Job started, bot version 1
[2014-02-24 12:09:14] Random new subject and message
[2014-02-24 12:09:14] Go to SEARCH page.
[2014-02-24 12:18:09] Using proxy ip 127.0.0.1:9050
[2014-02-24 12:18:09] Go to INDEX page to check login status for user: littlemeexD
[2014-02-24 12:18:13] This profile: littlemeexD has been logged in.
[2014-02-24 12:18:14] Job started, bot version 1
[2014-02-24 12:18:14] Random new subject and message
[2014-02-24 12:18:14] Go to SEARCH page.
[2014-02-24 12:22:13] Using proxy ip 127.0.0.1:9050
[2014-02-24 12:22:13] Go to INDEX page to check login status for user: littlemeexD
[2014-02-24 12:22:17] This profile: littlemeexD has been logged in.
[2014-02-24 12:22:19] Job started, bot version 1
[2014-02-24 12:22:19] Random new subject and message
[2014-02-24 12:22:19] Go to SEARCH page.
[2014-02-24 12:24:30] Using proxy ip 127.0.0.1:9050
[2014-02-24 12:24:30] Go to INDEX page to check login status for user: littlemeexD
[2014-02-24 12:24:34] This profile: littlemeexD has been logged in.
[2014-02-24 12:24:37] Job started, bot version 1
[2014-02-24 12:24:37] Random new subject and message
[2014-02-24 12:24:37] Go to SEARCH page.
[2014-02-24 12:26:02] Using proxy ip 127.0.0.1:9050
[2014-02-24 12:26:02] Go to INDEX page to check login status for user: littlemeexD
[2014-02-24 12:26:05] This profile: littlemeexD has been logged in.
[2014-02-24 12:26:07] Job started, bot version 1
[2014-02-24 12:26:07] Random new subject and message
[2014-02-24 12:26:07] Go to SEARCH page.
[2014-02-24 12:30:09] Using proxy ip 127.0.0.1:9050
[2014-02-24 12:30:09] Go to INDEX page to check login status for user: littlemeexD
[2014-02-24 12:30:15] This profile: littlemeexD has been logged in.
[2014-02-24 12:30:17] Job started, bot version 1
[2014-02-24 12:30:17] Random new subject and message
[2014-02-24 12:30:17] Go to SEARCH page.
[2014-02-24 12:35:14] Using proxy ip 127.0.0.1:9050
[2014-02-24 12:35:14] Go to INDEX page to check login status for user: littlemeexD
[2014-02-24 12:35:58] Using proxy ip 127.0.0.1:9050
[2014-02-24 12:35:58] Go to INDEX page to check login status for user: littlemeexD
[2014-02-24 12:36:38] This profile: littlemeexD has been logged in.
[2014-02-24 12:36:59] This profile: littlemeexD has been logged in.
[2014-02-24 12:37:01] Job started, bot version 1
[2014-02-24 12:37:01] Random new subject and message
[2014-02-24 12:37:01] Go to SEARCH page.
[2014-02-24 12:38:22] Using proxy ip 127.0.0.1:9050
[2014-02-24 12:38:22] Go to INDEX page to check login status for user: littlemeexD
[2014-02-24 12:38:26] This profile: littlemeexD has been logged in.
[2014-02-24 12:38:28] Job started, bot version 1
[2014-02-24 12:38:28] Random new subject and message
[2014-02-24 12:38:28] Go to SEARCH page.
[2014-02-24 12:39:38] Using proxy ip 127.0.0.1:9050
[2014-02-24 12:39:38] Go to INDEX page to check login status for user: littlemeexD
[2014-02-24 12:39:42] This profile: littlemeexD has been logged in.
[2014-02-24 12:39:44] Job started, bot version 1
[2014-02-24 12:39:44] Random new subject and message
[2014-02-24 12:39:44] Go to SEARCH page.
[2014-02-24 12:42:10] Using proxy ip 127.0.0.1:9050
[2014-02-24 12:42:10] Go to INDEX page to check login status for user: littlemeexD
[2014-02-24 12:42:26] This profile: littlemeexD has been logged in.
[2014-02-24 12:42:28] Job started, bot version 1
[2014-02-24 12:42:28] Random new subject and message
[2014-02-24 12:42:28] Go to SEARCH page.
[2014-02-24 12:43:04] Using proxy ip 127.0.0.1:9050
[2014-02-24 12:43:04] Go to INDEX page to check login status for user: littlemeexD
[2014-02-24 12:43:12] This profile: littlemeexD has been logged in.
[2014-02-24 12:43:14] Job started, bot version 1
[2014-02-24 12:43:14] Random new subject and message
[2014-02-24 12:43:14] Go to SEARCH page.
[2014-02-24 12:44:29] Using proxy ip 127.0.0.1:9050
[2014-02-24 12:44:30] Go to INDEX page to check login status for user: littlemeexD
[2014-02-24 12:44:34] This profile: littlemeexD has been logged in.
[2014-02-24 12:44:37] Job started, bot version 1
[2014-02-24 12:44:37] Random new subject and message
[2014-02-24 12:44:37] Go to SEARCH page.
[2014-02-24 12:47:19] Using proxy ip 127.0.0.1:9050
[2014-02-24 12:47:19] Go to INDEX page to check login status for user: littlemeexD
[2014-02-24 12:47:25] This profile: littlemeexD has been logged in.
[2014-02-24 12:47:27] Job started, bot version 1
[2014-02-24 12:47:27] Random new subject and message
[2014-02-24 12:47:27] Go to SEARCH page.
[2014-02-24 12:48:32] Using proxy ip 127.0.0.1:9050
[2014-02-24 12:48:32] Go to INDEX page to check login status for user: littlemeexD
[2014-02-24 12:48:38] This profile: littlemeexD has been logged in.
[2014-02-24 12:48:41] Job started, bot version 1
[2014-02-24 12:48:41] Random new subject and message
[2014-02-24 12:48:41] Go to SEARCH page.
[2014-02-24 12:49:31] Using proxy ip 127.0.0.1:9050
[2014-02-24 12:49:31] Go to INDEX page to check login status for user: littlemeexD
[2014-02-24 12:49:34] Using proxy ip 127.0.0.1:9050
[2014-02-24 12:49:34] Go to INDEX page to check login status for user: littlemeexD
[2014-02-24 12:49:38] This profile: littlemeexD has been logged in.
[2014-02-24 12:49:42] This profile: littlemeexD has been logged in.
[2014-02-24 12:49:44] Job started, bot version 1
[2014-02-24 12:49:44] Random new subject and message
[2014-02-24 12:49:44] Go to SEARCH page.
[2014-02-24 12:55:12] Using proxy ip 127.0.0.1:9050
[2014-02-24 12:55:12] Go to INDEX page to check login status for user: littlemeexD
[2014-02-24 12:55:16] This profile: littlemeexD has been logged in.
[2014-02-24 12:55:18] Job started, bot version 1
[2014-02-24 12:55:18] Random new subject and message
[2014-02-24 12:55:18] Go to SEARCH page.
[2014-02-24 12:59:36] Using proxy ip 127.0.0.1:9050
[2014-02-24 12:59:36] Go to INDEX page to check login status for user: littlemeexD
[2014-02-24 12:59:41] This profile: littlemeexD has been logged in.
[2014-02-24 12:59:53] Job started, bot version 1
[2014-02-24 12:59:53] Random new subject and message
[2014-02-24 12:59:53] Go to SEARCH page.
[2014-02-24 13:00:44] Using proxy ip 127.0.0.1:9050
[2014-02-24 13:00:44] Go to INDEX page to check login status for user: littlemeexD
[2014-02-24 13:00:47] This profile: littlemeexD has been logged in.
[2014-02-24 13:00:49] Job started, bot version 1
[2014-02-24 13:00:49] Random new subject and message
[2014-02-24 13:00:49] Go to SEARCH page.
[2014-02-24 13:01:15] Using proxy ip 127.0.0.1:9050
[2014-02-24 13:01:15] Go to INDEX page to check login status for user: littlemeexD
[2014-02-24 13:01:24] This profile: littlemeexD has been logged in.
[2014-02-24 13:01:26] Job started, bot version 1
[2014-02-24 13:01:26] Random new subject and message
[2014-02-24 13:01:26] Go to SEARCH page.
[2014-02-24 14:26:23] Using proxy ip 127.0.0.1:9050
[2014-02-24 14:26:23] Go to INDEX page to check login status for user: littlemeexD
[2014-02-24 14:26:26] Using proxy ip 127.0.0.1:9050
[2014-02-24 14:26:26] This profile: littlemeexD does not log in.
[2014-02-24 14:26:26] New Tor Identity request completed.
[2014-02-24 14:26:26] Logging in.
[2014-02-24 14:26:32] Go to INDEX page to check login status for user: littlemeexD
[2014-02-24 14:27:01] Logged in with profile: littlemeexD
[2014-02-24 14:27:01] Job started, bot version 1
[2014-02-24 14:27:01] Random new subject and message
[2014-02-24 14:27:01] Go to SEARCH page.
[2014-02-24 14:28:00] Using proxy ip 127.0.0.1:9050
[2014-02-24 14:28:00] Go to INDEX page to check login status for user: littlemeexD
[2014-02-24 14:28:06] This profile: littlemeexD has been logged in.
[2014-02-24 14:28:08] Job started, bot version 1
[2014-02-24 14:28:08] Random new subject and message
[2014-02-24 14:28:08] Go to SEARCH page.
[2014-02-24 14:34:43] Using proxy ip 127.0.0.1:9050
[2014-02-24 14:34:43] Go to INDEX page to check login status for user: littlemeexD
[2014-02-24 14:34:50] This profile: littlemeexD has been logged in.
[2014-02-24 14:34:52] Job started, bot version 1
[2014-02-24 14:34:52] Random new subject and message
[2014-02-24 14:34:52] Go to SEARCH page.
[2014-02-24 14:35:44] Using proxy ip 127.0.0.1:9050
[2014-02-24 14:35:44] Go to INDEX page to check login status for user: littlemeexD
[2014-02-24 14:35:49] This profile: littlemeexD has been logged in.
[2014-02-24 14:35:52] Job started, bot version 1
[2014-02-24 14:35:52] Random new subject and message
[2014-02-24 14:35:52] Go to SEARCH page.
[2014-02-24 14:36:49] Using proxy ip 127.0.0.1:9050
[2014-02-24 14:36:49] Go to INDEX page to check login status for user: littlemeexD
[2014-02-24 14:36:52] This profile: littlemeexD has been logged in.
[2014-02-24 14:36:53] Job started, bot version 1
[2014-02-24 14:36:53] Random new subject and message
[2014-02-24 14:36:53] Go to SEARCH page.
[2014-02-24 14:45:03] Using proxy ip 127.0.0.1:9050
[2014-02-24 14:45:04] Go to INDEX page to check login status for user: littlemeexD
[2014-02-24 14:45:08] This profile: littlemeexD has been logged in.
[2014-02-24 14:45:10] Job started, bot version 1
[2014-02-24 14:45:10] Random new subject and message
[2014-02-24 14:45:10] Go to SEARCH page.
[2014-02-24 14:49:14] Using proxy ip 127.0.0.1:9050
[2014-02-24 14:49:14] Go to INDEX page to check login status for user: littlemeexD
[2014-02-24 14:49:18] This profile: littlemeexD has been logged in.
[2014-02-24 14:49:20] Job started, bot version 1
[2014-02-24 14:49:20] Random new subject and message
[2014-02-24 14:49:20] Go to SEARCH page.
[2014-02-24 14:49:32] Using proxy ip 127.0.0.1:9050
[2014-02-24 14:49:32] Go to INDEX page to check login status for user: littlemeexD
[2014-02-24 14:49:40] This profile: littlemeexD has been logged in.
[2014-02-24 14:49:41] Job started, bot version 1
[2014-02-24 14:49:41] Random new subject and message
[2014-02-24 14:49:41] Go to SEARCH page.
[2014-02-24 14:50:13] Using proxy ip 127.0.0.1:9050
[2014-02-24 14:50:13] Go to INDEX page to check login status for user: littlemeexD
[2014-02-24 14:50:17] This profile: littlemeexD has been logged in.
[2014-02-24 14:50:18] Job started, bot version 1
[2014-02-24 14:50:18] Random new subject and message
[2014-02-24 14:50:18] Go to SEARCH page.
[2014-02-24 14:50:53] Using proxy ip 127.0.0.1:9050
[2014-02-24 14:50:54] Go to INDEX page to check login status for user: littlemeexD
[2014-02-24 14:51:01] This profile: littlemeexD has been logged in.
[2014-02-24 14:51:02] Job started, bot version 1
[2014-02-24 14:51:02] Random new subject and message
[2014-02-24 14:51:02] Go to SEARCH page.
[2014-02-24 14:53:39] Using proxy ip 127.0.0.1:9050
[2014-02-24 14:53:39] Go to INDEX page to check login status for user: littlemeexD
[2014-02-24 14:53:42] This profile: littlemeexD has been logged in.
[2014-02-24 14:53:44] Job started, bot version 1
[2014-02-24 14:53:44] Random new subject and message
[2014-02-24 14:53:44] Go to SEARCH page.
[2014-02-24 14:55:00] Using proxy ip 127.0.0.1:9050
[2014-02-24 14:55:00] Go to INDEX page to check login status for user: littlemeexD
[2014-02-24 14:55:06] This profile: littlemeexD has been logged in.
[2014-02-24 14:55:08] Job started, bot version 1
[2014-02-24 14:55:08] Random new subject and message
[2014-02-24 14:55:08] Go to SEARCH page.
[2014-02-24 14:56:57] Using proxy ip 127.0.0.1:9050
[2014-02-24 14:56:57] Go to INDEX page to check login status for user: littlemeexD
[2014-02-24 14:57:02] This profile: littlemeexD has been logged in.
[2014-02-24 14:57:04] Job started, bot version 1
[2014-02-24 14:57:04] Random new subject and message
[2014-02-24 14:57:04] Go to SEARCH page.
[2014-02-24 14:57:46] Using proxy ip 127.0.0.1:9050
[2014-02-24 14:57:46] Go to INDEX page to check login status for user: littlemeexD
[2014-02-24 14:57:51] This profile: littlemeexD has been logged in.
[2014-02-24 14:57:53] Job started, bot version 1
[2014-02-24 14:57:53] Random new subject and message
[2014-02-24 14:57:53] Go to SEARCH page.
[2014-02-24 14:58:09] Using proxy ip 127.0.0.1:9050
[2014-02-24 14:58:09] Go to INDEX page to check login status for user: littlemeexD
[2014-02-24 14:58:16] This profile: littlemeexD has been logged in.
[2014-02-24 14:58:18] Job started, bot version 1
[2014-02-24 14:58:18] Random new subject and message
[2014-02-24 14:58:18] Go to SEARCH page.
[2014-02-24 14:59:02] Using proxy ip 127.0.0.1:9050
[2014-02-24 14:59:02] Go to INDEX page to check login status for user: littlemeexD
[2014-02-24 14:59:14] This profile: littlemeexD has been logged in.
[2014-02-24 14:59:17] Job started, bot version 1
[2014-02-24 14:59:17] Random new subject and message
[2014-02-24 14:59:17] Go to SEARCH page.
[2014-02-24 15:00:29] Using proxy ip 127.0.0.1:9050
[2014-02-24 15:00:29] Go to INDEX page to check login status for user: littlemeexD
[2014-02-24 15:00:33] This profile: littlemeexD has been logged in.
[2014-02-24 15:00:35] Job started, bot version 1
[2014-02-24 15:00:35] Random new subject and message
[2014-02-24 15:00:35] Go to SEARCH page.
[2014-02-24 15:01:50] Using proxy ip 127.0.0.1:9050
[2014-02-24 15:01:50] Go to INDEX page to check login status for user: littlemeexD
[2014-02-24 15:01:55] This profile: littlemeexD has been logged in.
[2014-02-24 15:01:58] Job started, bot version 1
[2014-02-24 15:01:58] Random new subject and message
[2014-02-24 15:01:58] Go to SEARCH page.
[2014-02-24 15:19:59] Using proxy ip 127.0.0.1:9050
[2014-02-24 15:19:59] Go to INDEX page to check login status for user: littlemeexD
[2014-02-24 15:20:04] This profile: littlemeexD has been logged in.
[2014-02-24 15:20:06] Job started, bot version 1
[2014-02-24 15:20:06] Random new subject and message
[2014-02-24 15:20:06] Go to SEARCH page.
[2014-02-24 15:20:11] Go to Page: 1
[2014-02-24 15:20:11] There were about 8 members found.
[2014-02-24 15:20:11] petrae
[2014-02-24 15:20:11] Sonne1976
[2014-02-24 15:20:11] _daylight_
[2014-02-24 15:20:11] GloryholeBerlin
[2014-02-24 15:20:11] zodiak1111
[2014-02-24 15:20:11] daddys_girl
[2014-02-24 15:20:11] Tattoo-Girl
[2014-02-24 15:20:11] rubina
[2014-02-24 15:20:15] Go to Page: 2
[2014-02-24 15:20:15] There were about 8 members found.
[2014-02-24 15:20:15] Jini1985
[2014-02-24 15:20:15] SButterfly
[2014-02-24 15:20:15] cariotta
[2014-02-24 15:20:15] z.zombi
[2014-02-24 15:20:15] steffi77
[2014-02-24 15:20:15] steffixxx80
[2014-02-24 15:20:15] Jenn89
[2014-02-24 15:20:15] bella12345
[2014-02-24 15:20:18] Go to Page: 3
[2014-02-24 15:20:18] There were about 8 members found.
[2014-02-24 15:20:18] SucheFrau
[2014-02-24 15:20:18] kleene
[2014-02-24 15:20:18] blacky08
[2014-02-24 15:20:18] Big-and-Wet
[2014-02-24 15:20:18] bettbirl40
[2014-02-24 15:20:18] biene1111
[2014-02-24 15:20:18] wobistdu1111
[2014-02-24 15:20:18] wildfang11
[2014-02-24 15:20:21] Go to Page: 4
[2014-02-24 15:20:21] There were about 8 members found.
[2014-02-24 15:20:21] sexyshy88
[2014-02-24 15:20:21] dirtygirl
[2014-02-24 15:20:21] diesexymauserle
[2014-02-24 15:20:21] wildemaus
[2014-02-24 15:20:21] geilemolly
[2014-02-24 15:20:21] cybergohelfe
[2014-02-24 15:20:21] efa
[2014-02-24 15:20:21] britta_01
[2014-02-24 15:20:26] Go to Page: 5
[2014-02-24 15:20:26] There were about 8 members found.
[2014-02-24 15:20:26] untreueseheweib
[2014-02-24 15:20:26] wildehilde
[2014-02-24 15:20:26] warumnicht11
[2014-02-24 15:20:26] wanda11
[2014-02-24 15:20:26] traumfrau255
[2014-02-24 15:20:26] Miasaria
[2014-02-24 15:20:26] geile_maus02
[2014-02-24 15:20:26] sub Slutty
[2014-02-24 15:20:31] Go to Page: 6
[2014-02-24 15:20:31] There were about 8 members found.
[2014-02-24 15:20:31] Sternchen
[2014-02-24 15:20:31] tolleolle
[2014-02-24 15:20:31] Lexxija
[2014-02-24 15:20:31] suesse
[2014-02-24 15:20:31] andru78
[2014-02-24 15:20:31] sama
[2014-02-24 15:20:31] hoppelpoppel
[2014-02-24 15:20:31] big_boobz
[2014-02-24 15:20:35] Go to Page: 7
[2014-02-24 15:20:35] There were about 8 members found.
[2014-02-24 15:20:35] biest87
[2014-02-24 15:20:35] Joanna
[2014-02-24 15:20:35] marysolhh
[2014-02-24 15:20:35] b.gohst
[2014-02-24 15:20:35] wobistdu1112
[2014-02-24 15:20:35] traumfrau25
[2014-02-24 15:20:35] schnecke1985
[2014-02-24 15:20:35] nacktschnegge
[2014-02-24 15:20:39] Go to Page: 8
[2014-02-24 15:20:39] There were about 8 members found.
[2014-02-24 15:20:39] sami25
[2014-02-24 15:20:39] zora
[2014-02-24 15:20:39] mara
[2014-02-24 15:20:39] mandy1
[2014-02-24 15:20:39] kleinehexe11
[2014-02-24 15:20:39] Styrianrose
[2014-02-24 15:20:39] Loukisslou
[2014-02-24 15:20:39] today1972
[2014-02-24 15:20:43] Go to Page: 9
[2014-02-24 15:20:43] There were about 8 members found.
[2014-02-24 15:20:43] larissa-b
[2014-02-24 15:20:43] sonne
[2014-02-24 15:20:43] Clarrissa
[2014-02-24 15:20:43] billy30
[2014-02-24 15:20:43] heidi2911
[2014-02-24 15:20:43] MiniHotcore
[2014-02-24 15:20:43] Lassie_fair
[2014-02-24 15:20:43] Sonnie86
[2014-02-24 15:20:47] Go to Page: 10
[2014-02-24 15:20:47] There were about 8 members found.
[2014-02-24 15:20:47] ActionGirl
[2014-02-24 15:20:47] blondi
[2014-02-24 15:20:47] tinaimmerfeucht
[2014-02-24 15:20:47] annalenabi
[2014-02-24 15:20:47] ariane.d
[2014-02-24 15:20:47] Tigermaus
[2014-02-24 15:20:47] s¸ﬂe_maus_82
[2014-02-24 15:20:47] Lieblingsluder
[2014-02-24 15:20:52] Go to Page: 11
[2014-02-24 15:20:52] There were about 8 members found.
[2014-02-24 15:20:52] a.anna1981
[2014-02-24 15:20:52] a.naomi
[2014-02-24 15:20:52] nassunbi
[2014-02-24 15:20:52] lenchen
[2014-02-24 15:20:52] rubine
[2014-02-24 15:20:52] lissy77
[2014-02-24 15:20:52] wildfang111
[2014-02-24 15:20:52] herbstmantel
[2014-02-24 15:20:55] Go to Page: 12
[2014-02-24 15:20:55] There were about 8 members found.
[2014-02-24 15:20:55] kleenejenny
[2014-02-24 15:20:55] Gwen
[2014-02-24 15:20:55] Molli-Maus
[2014-02-24 15:20:55] stanger.w
[2014-02-24 15:20:55] goliat_1953
[2014-02-24 15:20:55] frauchen
[2014-02-24 15:20:55] herbstmantel19
[2014-02-24 15:20:55] kleinemaus_1
[2014-02-24 15:21:00] Go to Page: 13
[2014-02-24 15:21:00] There were about 8 members found.
[2014-02-24 15:21:00] zora1112
[2014-02-24 15:21:00] Hasi28
[2014-02-24 15:21:00] claudia84
[2014-02-24 15:21:00] Kleines87
[2014-02-24 15:21:00] nikon_40
[2014-02-24 15:21:00] xena1960
[2014-02-24 15:21:00] a.gohst
[2014-02-24 15:21:00] mirisuchend
[2014-02-24 15:21:05] Go to Page: 14
[2014-02-24 15:21:05] There were about 8 members found.
[2014-02-24 15:21:05] herrinpussycat
[2014-02-24 15:21:05] blablubb
[2014-02-24 15:21:05] rita13
[2014-02-24 15:21:05] Hotkarla
[2014-02-24 15:21:05] a.samira
[2014-02-24 15:21:05] Elke
[2014-02-24 15:21:05] Tannik
[2014-02-24 15:21:05] chela
[2014-02-24 15:21:08] Go to Page: 15
[2014-02-24 15:21:08] There were about 8 members found.
[2014-02-24 15:21:08] Rogi
[2014-02-24 15:21:08] blondesbiest
[2014-02-24 15:21:08] GlimDelicious
[2014-02-24 15:21:08] Iris99
[2014-02-24 15:21:08] Squirting79
[2014-02-24 15:21:08] Mandy
[2014-02-24 15:21:08] Chrisi18
[2014-02-24 15:21:08] tabulos
[2014-02-24 15:21:12] Go to Page: 16
[2014-02-24 15:21:12] There were about 8 members found.
[2014-02-24 15:21:12] Maus
[2014-02-24 15:21:12] Manuela
[2014-02-24 15:21:12] ozean5
[2014-02-24 15:21:12] nussie
[2014-02-24 15:21:12] Skaffes
[2014-02-24 15:21:12] Miou84
[2014-02-24 15:21:12] red_jane
[2014-02-24 15:21:12] Jack6y
[2014-02-24 15:21:16] Go to Page: 17
[2014-02-24 15:21:16] There were about 8 members found.
[2014-02-24 15:21:16] Tanja68
[2014-02-24 15:21:16] steffi1987
[2014-02-24 15:21:16] Alexandra
[2014-02-24 15:21:16] justinam
[2014-02-24 15:21:16] Anjax30x
[2014-02-24 15:21:16] sonnenstueck
[2014-02-24 15:21:16] immer
[2014-02-24 15:21:16] LillyWE
[2014-02-24 15:21:20] Go to Page: 18
[2014-02-24 15:21:20] There were about 8 members found.
[2014-02-24 15:21:20] iseedeepbluesky
[2014-02-24 15:21:20] Coco
[2014-02-24 15:21:20] Madame_Sehrazat
[2014-02-24 15:21:20] engel1975
[2014-02-24 15:21:20] lisahot35
[2014-02-24 15:21:20] geilestute31
[2014-02-24 15:21:20] LadyMolly
[2014-02-24 15:21:20] Roxy23
[2014-02-24 15:21:25] Go to Page: 19
[2014-02-24 15:21:25] There were about 8 members found.
[2014-02-24 15:21:25] Kassjopaja
[2014-02-24 15:21:25] scharmrot1
[2014-02-24 15:21:25] sexy luana
[2014-02-24 15:21:25] lea
[2014-02-24 15:21:25] Eulenfrau
[2014-02-24 15:21:25] Meli
[2014-02-24 15:21:25] Bi Kerstin
[2014-02-24 15:21:25] secretpain80
[2014-02-24 15:21:31] Go to Page: 20
[2014-02-24 15:21:31] There were about 8 members found.
[2014-02-24 15:21:31] sonne.sonja
[2014-02-24 15:21:31] Alice-Hot
[2014-02-24 15:21:31] DasBiestInMir75
[2014-02-24 15:21:31] Simone
[2014-02-24 15:21:31] Wasserbaby
[2014-02-24 15:21:31] Nardella
[2014-02-24 15:21:31] saloon_girl
[2014-02-24 15:21:31] Lusterleben
[2014-02-24 15:21:35] Go to Page: 21
[2014-02-24 15:21:35] There were about 8 members found.
[2014-02-24 15:31:57] Using proxy ip 127.0.0.1:9050
[2014-02-24 15:31:57] Go to INDEX page to check login status for user: littlemeexD
[2014-02-24 15:32:02] This profile: littlemeexD has been logged in.
[2014-02-24 15:32:04] Job started, bot version 1
[2014-02-24 15:32:04] Random new subject and message
[2014-02-24 15:32:04] Go to SEARCH page.
[2014-02-24 15:32:10] Go to Page: 1
[2014-02-24 15:32:10] There were about 8 members found.
[2014-02-24 15:32:10] Message is : hi auch online was? Sehe das gerade, bist du noch auf der suche? Wenn du magst und es klappt k√∂nnen wir ja einen cafe zusammen trinken gehen ok? Antworte hier aber bitte nicht, ist nicht mein login, aber ich bin bei freuemich punkt net habe auch photos von mir dort hoch geladen. Einfach nach meinem namen suchen ok? Lg Julia X 
[2014-02-24 15:32:10] Go to profile page: littlemeexD
[2014-02-24 15:32:13] Sleep for 5 second(s)
[2014-02-24 15:32:18] Reserving profile to send message: littlemeexD
[2014-02-24 15:32:18] Go to send message page: littlemeexD
[2014-02-24 15:32:18] Sleep for 5 second(s)
[2014-02-24 15:32:23] Sending message to littlemeexD
[2014-02-24 15:32:30] Sending message completed.
[2014-02-24 15:32:30] Sleep for 2 second(s)
[2014-02-24 15:32:32] Random new subject and message
[2014-02-24 15:32:32] Message is : hallo, schaue gerade wer aus meiner umgebung so kommt, da habe ich dich gefunden. Was machst du denn so? ich bin seit einiger zeit single und meine freundin meinte ich soll mich mal hier einloggen und schauen. Deswegen ist dies auch nicht mein login. Du findest mich aber bei freuemich punkt net hoffe du sendest mir eine nachricht, du findest wenn du nach mir suchst. Lg Christina C 
[2014-02-24 15:32:32] Go to profile page: littlemeexD
[2014-02-24 15:32:36] Sleep for 5 second(s)
[2014-02-24 15:32:41] Reserving profile to send message: littlemeexD
[2014-02-24 15:32:41] Go to send message page: littlemeexD
[2014-02-24 15:32:41] Sleep for 5 second(s)
[2014-02-24 15:32:46] Sleep for 104 second(s)
[2014-02-24 15:33:46] Still sleeping [00:00:44 left]
[2014-02-24 15:34:30] Sending message to littlemeexD
[2014-02-24 15:34:38] Sending message completed.
[2014-02-24 15:34:38] Sleep for 2 second(s)
[2014-02-24 15:34:40] Random new subject and message
[2014-02-24 15:34:40] Message is : klopf klopf, jemand online? Hast du zeit  und lust mit mir zu chatten habe mich nun nach einiger zeit wieder entschieden zu schauen wen es hier so gibt. Ich mag tiere, aus gehen, musik, partys und du? Wenn du zeit hast geh mal auf freuemich punkt net bin sehr gespannt auf dich und liebe gr√ºsse, und schau dort nach Leonie W 
[2014-02-24 15:34:40] Go to profile page: littlemeexD
[2014-02-24 15:34:42] Sleep for 5 second(s)
[2014-02-24 15:34:47] Reserving profile to send message: littlemeexD
[2014-02-24 15:34:47] Go to send message page: littlemeexD
[2014-02-24 15:34:47] Sleep for 5 second(s)
[2014-02-24 15:34:52] Sleep for 106 second(s)
[2014-02-24 15:35:52] Still sleeping [00:00:46 left]
[2014-02-24 15:36:38] Sending message to littlemeexD
[2014-02-24 15:37:46] Using proxy ip 127.0.0.1:9050
[2014-02-24 15:37:46] Go to INDEX page to check login status for user: littlemeexD
[2014-02-24 15:37:50] This profile: littlemeexD has been logged in.
[2014-02-24 15:37:52] Job started, bot version 1
[2014-02-24 15:37:52] Random new subject and message
[2014-02-24 15:37:52] Go to SEARCH page.
[2014-02-24 15:37:58] Go to Page: 1
[2014-02-24 15:37:58] There were about 8 members found.
[2014-02-24 15:37:58] Message is : guten tag, habe mal geschaut wer so aus meiner n√§he kommt, und da habe ich dich gefunden. Wenn du magst und es klappt k√∂nnen wir ja einen cafe zusammen trinken gehen ok? Antworte hier aber bitte nicht, ist nicht mein login, aber ich bin bei freuemich punkt net so nun warte ich auf eine nachricht von dir ok? Such nach meinem namen dort ok? Lg Alexandra G 
[2014-02-24 15:37:58] Go to profile page: MarcoKlinkmann
[2014-02-24 15:38:01] Sleep for 5 second(s)
[2014-02-24 15:38:06] Reserving profile to send message: MarcoKlinkmann
[2014-02-24 15:38:06] Go to send message page: MarcoKlinkmann
[2014-02-24 15:38:06] Sleep for 5 second(s)
[2014-02-24 15:38:11] Sending message to MarcoKlinkmann
[2014-02-24 15:38:18] Sending message completed.
[2014-02-24 15:38:18] Sleep for 2 second(s)
[2014-02-24 15:38:20] Random new subject and message
[2014-02-24 15:38:20] Message is : Hey sehe du bist online, dachte ich schreibe dir mal. Bist du single und auf der suche oder schon vergeben? ich bin schon seit monaten single, langweilig, ich mag gerne musik oder ausgehen auf konzerte oder partys, liebe tiere und das gemein sein mit einem gleich gesinnten. Leider bin ich hier nicht mehr ist nicht mein account, geh mal zu freuemich punkt net bin sehr gespannt auf dich und liebe gr√ºsse, und schau dort nach Linda B 
[2014-02-24 15:38:20] Go to profile page: MarcoKlinkmann
[2014-02-24 15:38:22] Sleep for 5 second(s)
[2014-02-24 15:38:27] Reserving profile to send message: MarcoKlinkmann
[2014-02-24 15:38:27] Go to send message page: MarcoKlinkmann
[2014-02-24 15:38:27] Sleep for 5 second(s)
[2014-02-24 15:38:32] Sleep for 106 second(s)
[2014-02-24 15:39:32] Still sleeping [00:00:46 left]
[2014-02-24 15:41:04] Using proxy ip 127.0.0.1:9050
[2014-02-24 15:41:04] Go to INDEX page to check login status for user: littlemeexD
[2014-02-24 15:41:08] This profile: littlemeexD has been logged in.
[2014-02-24 15:41:10] Job started, bot version 1
[2014-02-24 15:41:10] Random new subject and message
[2014-02-24 15:41:10] Go to SEARCH page.
[2014-02-24 15:41:15] Go to Page: 1
[2014-02-24 15:41:15] There were about 8 members found.
[2014-02-24 15:41:15] Message is : klopf klopf, jemand online? Hast du zeit  und lust mit mir zu chatten ich bin schon seit monaten single, langweilig, ich mag gerne musik oder ausgehen auf konzerte oder partys, liebe tiere und das gemein sein mit einem gleich gesinnten. Leider bin ich hier nicht mehr ist nicht mein account, geh mal zu freuemich punkt net ist auch umsonst und fotos habe ich dort auch von mir. Also freue mich und liebe gr¸sse von Sarah M 
[2014-02-24 15:41:15] Go to profile page: MarcoKlinkmann
[2014-02-24 15:41:17] Sleep for 5 second(s)
[2014-02-24 15:41:22] Reserving profile to send message: MarcoKlinkmann
[2014-02-24 15:41:23] Already Reserved: MarcoKlinkmann
[2014-02-24 15:41:23] Go to send message page: MarcoKlinkmann
[2014-02-24 15:41:23] Sleep for 5 second(s)
[2014-02-24 15:41:28] Sending message to MarcoKlinkmann
[2014-02-24 15:41:35] Sending message completed.
[2014-02-24 15:41:35] Sleep for 2 second(s)
[2014-02-24 15:41:37] Random new subject and message
[2014-02-24 15:41:37] Message is : hey suchst du wie ich eine nette beziehung wo nichts muss aber alles kann? habe mich nun nach einiger zeit wieder entschieden zu schauen wen es hier so gibt. Ich mag tiere, aus gehen, musik, partys und du? Wenn du zeit hast geh mal auf freuemich punkt net kostet auch nichts, und bilder habe ich dort auch. Bis dann und lg, ach ja suche dort einfach nach Christina C 
[2014-02-24 15:41:37] Go to profile page: MarcoKlinkmann
[2014-02-24 15:41:39] Sleep for 5 second(s)
[2014-02-24 15:41:44] Reserving profile to send message: MarcoKlinkmann
[2014-02-24 15:41:44] Go to send message page: MarcoKlinkmann
[2014-02-24 15:41:44] Sleep for 5 second(s)
[2014-02-24 15:41:49] Sleep for 106 second(s)
[2014-02-24 15:42:49] Still sleeping [00:00:46 left]
[2014-02-24 15:43:35] Sending message to MarcoKlinkmann
[2014-02-24 15:43:45] Sending message completed.
[2014-02-24 15:43:45] Sleep for 2 second(s)
[2014-02-24 15:43:47] Random new subject and message
[2014-02-24 15:43:47] Message is : guten tag, habe mal geschaut wer so aus meiner n‰he kommt, und da habe ich dich gefunden. ich bin seit einiger zeit single und meine freundin meinte ich soll mich mal hier einloggen und schauen. Deswegen ist dies auch nicht mein login. Du findest mich aber bei freuemich punkt net bin jeden tag online, such nach meinem username ok? Bis dann Andrea K 
[2014-02-24 15:43:47] Go to profile page: MarcoKlinkmann
[2014-02-24 15:43:49] Sleep for 5 second(s)
[2014-02-24 15:43:54] Reserving profile to send message: MarcoKlinkmann
[2014-02-24 15:43:54] Go to send message page: MarcoKlinkmann
[2014-02-24 15:43:54] Sleep for 5 second(s)
[2014-02-24 15:43:59] Sleep for 106 second(s)
