[2012-06-15 10:33:54] Getting list of members
[2012-06-15 10:33:54] No cookie file for profile 'Aaliye'
[2012-06-15 10:33:54] Logging in with profile: Aaliye
[2012-06-15 10:33:58] Log in failed with profile: Aaliye
[2012-06-15 10:33:58] Logging in with profile: Aaliye
[2012-06-15 10:34:00] Log in failed with profile: Aaliye
[2012-06-15 10:34:00] Logging in with profile: Aaliye
[2012-06-15 10:34:03] Log in failed with profile: Aaliye
[2012-06-15 10:34:03] Random new profile
[2012-06-15 10:34:03] Profile index: 0
[2012-06-15 10:34:03] Cookie for profile 'Aaliye' is expired, perform login.
[2012-06-15 10:34:03] Logging in with profile: Aaliye
[2012-06-15 10:34:06] Log in failed with profile: Aaliye
[2012-06-15 10:34:06] Logging in with profile: Aaliye
[2012-06-15 10:34:09] Log in failed with profile: Aaliye
[2012-06-15 10:34:09] Logging in with profile: Aaliye
[2012-06-15 10:34:12] Log in failed with profile: Aaliye
[2012-06-15 10:34:12] Random new profile
[2012-06-15 10:34:12] Profile index: 0
[2012-06-15 10:34:12] Cookie for profile 'Aaliye' is expired, perform login.
[2012-06-15 10:34:12] Logging in with profile: Aaliye
[2012-06-15 10:34:17] Log in failed with profile: Aaliye
[2012-06-15 10:34:17] Logging in with profile: Aaliye
[2012-06-15 10:34:20] Log in failed with profile: Aaliye
[2012-06-15 10:34:20] Logging in with profile: Aaliye
[2012-06-15 10:34:23] Log in failed with profile: Aaliye
[2012-06-15 10:34:23] Random new profile
[2012-06-15 10:34:23] Profile index: 0
[2012-06-15 10:34:23] Cookie for profile 'Aaliye' is expired, perform login.
[2012-06-15 10:34:23] Logging in with profile: Aaliye
[2012-06-15 10:34:26] Log in failed with profile: Aaliye
[2012-06-15 10:34:26] Force stop
