[2012-06-15 10:37:25] Getting list of members
[2012-06-15 10:37:25] Cookie for profile 'Aaliye' is expired, perform login.
[2012-06-15 10:37:25] Logging in with profile: Aaliye
[2012-06-15 10:37:28] Log in failed with profile: Aaliye
[2012-06-15 10:37:28] Logging in with profile: Aaliye
[2012-06-15 10:37:31] Log in failed with profile: Aaliye
[2012-06-15 10:37:31] Logging in with profile: Aaliye
[2012-06-15 10:37:33] Log in failed with profile: Aaliye
[2012-06-15 10:37:33] Random new profile
[2012-06-15 10:37:33] Profile index: 1
[2012-06-15 10:37:33] No cookie file for profile 'air90'
[2012-06-15 10:37:33] Logging in with profile: air90
[2012-06-15 10:37:36] Log in failed with profile: air90
[2012-06-15 10:37:36] Logging in with profile: air90
[2012-06-15 10:37:39] Log in failed with profile: air90
[2012-06-15 10:37:39] Logging in with profile: air90
[2012-06-15 10:37:42] Log in failed with profile: air90
[2012-06-15 10:37:42] Random new profile
[2012-06-15 10:37:42] Profile index: 0
[2012-06-15 10:37:42] Cookie for profile 'Aaliye' is expired, perform login.
[2012-06-15 10:37:42] Logging in with profile: Aaliye
[2012-06-15 10:37:45] Log in failed with profile: Aaliye
[2012-06-15 10:37:45] Logging in with profile: Aaliye
[2012-06-15 10:37:48] Log in failed with profile: Aaliye
[2012-06-15 10:37:48] Logging in with profile: Aaliye
[2012-06-15 10:37:51] Log in failed with profile: Aaliye
[2012-06-15 10:37:51] Random new profile
[2012-06-15 10:37:51] Profile index: 1
[2012-06-15 10:37:51] Cookie for profile 'air90' is expired, perform login.
[2012-06-15 10:37:51] Logging in with profile: air90
[2012-06-15 10:37:54] Log in failed with profile: air90
[2012-06-15 10:37:54] Logging in with profile: air90
[2012-06-15 10:37:57] Log in failed with profile: air90
[2012-06-15 10:37:57] Logging in with profile: air90
[2012-06-15 10:38:00] Log in failed with profile: air90
[2012-06-15 10:38:00] Random new profile
[2012-06-15 10:38:00] Profile index: 0
[2012-06-15 10:38:00] Cookie for profile 'Aaliye' is expired, perform login.
[2012-06-15 10:38:00] Logging in with profile: Aaliye
[2012-06-15 10:38:03] Log in failed with profile: Aaliye
[2012-06-15 10:38:03] Logging in with profile: Aaliye
[2012-06-15 10:38:06] Log in failed with profile: Aaliye
[2012-06-15 10:38:06] Logging in with profile: Aaliye
[2012-06-15 10:38:09] Log in failed with profile: Aaliye
[2012-06-15 10:38:09] Random new profile
[2012-06-15 10:38:09] Profile index: 1
[2012-06-15 10:38:09] Cookie for profile 'air90' is expired, perform login.
[2012-06-15 10:38:09] Logging in with profile: air90
[2012-06-15 10:38:11] Log in failed with profile: air90
[2012-06-15 10:38:11] Logging in with profile: air90
[2012-06-15 10:38:15] Log in failed with profile: air90
[2012-06-15 10:38:15] Logging in with profile: air90
[2012-06-15 10:38:17] Log in failed with profile: air90
[2012-06-15 10:38:17] Random new profile
[2012-06-15 10:38:17] Profile index: 0
[2012-06-15 10:38:17] Cookie for profile 'Aaliye' is expired, perform login.
[2012-06-15 10:38:17] Logging in with profile: Aaliye
[2012-06-15 10:38:20] Log in failed with profile: Aaliye
[2012-06-15 10:38:20] Logging in with profile: Aaliye
[2012-06-15 10:38:24] Log in failed with profile: Aaliye
[2012-06-15 10:38:24] Logging in with profile: Aaliye
[2012-06-15 10:38:26] Log in failed with profile: Aaliye
[2012-06-15 10:38:26] Random new profile
[2012-06-15 10:38:26] Profile index: 1
[2012-06-15 10:38:26] Cookie for profile 'air90' is expired, perform login.
[2012-06-15 10:38:26] Logging in with profile: air90
[2012-06-15 10:38:29] Log in failed with profile: air90
[2012-06-15 10:38:29] Logging in with profile: air90
[2012-06-15 10:38:32] Log in failed with profile: air90
[2012-06-15 10:38:32] Logging in with profile: air90
[2012-06-15 10:38:35] Log in failed with profile: air90
[2012-06-15 10:38:35] Random new profile
[2012-06-15 10:38:35] Profile index: 0
[2012-06-15 10:38:35] Cookie for profile 'Aaliye' is expired, perform login.
[2012-06-15 10:38:35] Logging in with profile: Aaliye
[2012-06-15 10:38:38] Log in failed with profile: Aaliye
[2012-06-15 10:38:38] Logging in with profile: Aaliye
[2012-06-15 10:38:41] Log in failed with profile: Aaliye
[2012-06-15 10:38:41] Logging in with profile: Aaliye
[2012-06-15 10:38:44] Log in failed with profile: Aaliye
[2012-06-15 10:38:44] Random new profile
[2012-06-15 10:38:44] Profile index: 1
[2012-06-15 10:38:44] Cookie for profile 'air90' is expired, perform login.
[2012-06-15 10:38:44] Logging in with profile: air90
[2012-06-15 10:38:47] Log in failed with profile: air90
[2012-06-15 10:38:47] Logging in with profile: air90
[2012-06-15 10:38:50] Log in failed with profile: air90
[2012-06-15 10:38:50] Logging in with profile: air90
[2012-06-15 10:38:53] Log in failed with profile: air90
[2012-06-15 10:38:53] Random new profile
[2012-06-15 10:38:53] Profile index: 0
[2012-06-15 10:38:53] Cookie for profile 'Aaliye' is expired, perform login.
[2012-06-15 10:38:53] Logging in with profile: Aaliye
[2012-06-15 10:38:56] Log in failed with profile: Aaliye
[2012-06-15 10:38:56] Logging in with profile: Aaliye
[2012-06-15 10:38:59] Log in failed with profile: Aaliye
[2012-06-15 10:38:59] Logging in with profile: Aaliye
[2012-06-15 10:39:02] Log in failed with profile: Aaliye
[2012-06-15 10:39:02] Random new profile
[2012-06-15 10:39:02] Profile index: 1
[2012-06-15 10:39:02] Cookie for profile 'air90' is expired, perform login.
[2012-06-15 10:39:02] Logging in with profile: air90
[2012-06-15 10:39:05] Log in failed with profile: air90
[2012-06-15 10:39:05] Logging in with profile: air90
[2012-06-15 10:39:08] Log in failed with profile: air90
[2012-06-15 10:39:08] Logging in with profile: air90
[2012-06-15 10:39:11] Log in failed with profile: air90
[2012-06-15 10:39:11] Random new profile
[2012-06-15 10:39:11] Profile index: 0
[2012-06-15 10:39:11] Cookie for profile 'Aaliye' is expired, perform login.
[2012-06-15 10:39:11] Logging in with profile: Aaliye
[2012-06-15 10:39:14] Log in failed with profile: Aaliye
[2012-06-15 10:39:14] Logging in with profile: Aaliye
[2012-06-15 10:39:17] Log in failed with profile: Aaliye
[2012-06-15 10:39:17] Logging in with profile: Aaliye
[2012-06-15 10:39:19] Log in failed with profile: Aaliye
[2012-06-15 10:39:19] Random new profile
[2012-06-15 10:39:19] Profile index: 1
[2012-06-15 10:39:19] Cookie for profile 'air90' is expired, perform login.
[2012-06-15 10:39:19] Logging in with profile: air90
[2012-06-15 10:39:22] Log in failed with profile: air90
[2012-06-15 10:39:22] Logging in with profile: air90
[2012-06-15 10:39:25] Log in failed with profile: air90
[2012-06-15 10:39:25] Logging in with profile: air90
[2012-06-15 10:39:28] Log in failed with profile: air90
[2012-06-15 10:39:28] Random new profile
[2012-06-15 10:39:28] Profile index: 0
[2012-06-15 10:39:28] Cookie for profile 'Aaliye' is expired, perform login.
[2012-06-15 10:39:28] Logging in with profile: Aaliye
[2012-06-15 10:39:31] Log in failed with profile: Aaliye
[2012-06-15 10:39:31] Logging in with profile: Aaliye
[2012-06-15 10:39:34] Log in failed with profile: Aaliye
[2012-06-15 10:39:34] Logging in with profile: Aaliye
[2012-06-15 10:39:37] Log in failed with profile: Aaliye
[2012-06-15 10:39:37] Random new profile
[2012-06-15 10:39:37] Profile index: 1
[2012-06-15 10:39:37] Cookie for profile 'air90' is expired, perform login.
[2012-06-15 10:39:37] Logging in with profile: air90
[2012-06-15 10:39:40] Log in failed with profile: air90
[2012-06-15 10:39:40] Logging in with profile: air90
[2012-06-15 10:39:42] Log in failed with profile: air90
[2012-06-15 10:39:42] Logging in with profile: air90
[2012-06-15 10:39:45] Log in failed with profile: air90
[2012-06-15 10:39:45] Random new profile
[2012-06-15 10:39:45] Profile index: 0
[2012-06-15 10:39:45] Cookie for profile 'Aaliye' is expired, perform login.
[2012-06-15 10:39:45] Logging in with profile: Aaliye
[2012-06-15 10:39:48] Log in failed with profile: Aaliye
[2012-06-15 10:39:48] Logging in with profile: Aaliye
[2012-06-15 10:39:51] Log in failed with profile: Aaliye
[2012-06-15 10:39:51] Logging in with profile: Aaliye
[2012-06-15 10:39:54] Log in failed with profile: Aaliye
[2012-06-15 10:39:54] Random new profile
[2012-06-15 10:39:54] Profile index: 1
[2012-06-15 10:39:54] Cookie for profile 'air90' is expired, perform login.
[2012-06-15 10:39:54] Logging in with profile: air90
[2012-06-15 10:39:57] Log in failed with profile: air90
[2012-06-15 10:39:57] Logging in with profile: air90
[2012-06-15 10:40:00] Log in failed with profile: air90
[2012-06-15 10:40:00] Logging in with profile: air90
[2012-06-15 10:40:02] Log in failed with profile: air90
[2012-06-15 10:40:02] Random new profile
[2012-06-15 10:40:02] Profile index: 0
[2012-06-15 10:40:02] Cookie for profile 'Aaliye' is expired, perform login.
[2012-06-15 10:40:02] Logging in with profile: Aaliye
[2012-06-15 10:40:05] Log in failed with profile: Aaliye
[2012-06-15 10:40:05] Logging in with profile: Aaliye
[2012-06-15 10:40:08] Log in failed with profile: Aaliye
[2012-06-15 10:40:08] Logging in with profile: Aaliye
[2012-06-15 10:40:11] Log in failed with profile: Aaliye
[2012-06-15 10:40:11] Random new profile
[2012-06-15 10:40:11] Profile index: 1
[2012-06-15 10:40:11] Cookie for profile 'air90' is expired, perform login.
[2012-06-15 10:40:11] Logging in with profile: air90
[2012-06-15 10:40:14] Log in failed with profile: air90
[2012-06-15 10:40:14] Logging in with profile: air90
[2012-06-15 10:40:17] Log in failed with profile: air90
[2012-06-15 10:40:17] Logging in with profile: air90
[2012-06-15 10:40:20] Log in failed with profile: air90
[2012-06-15 10:40:20] Random new profile
[2012-06-15 10:40:20] Profile index: 0
[2012-06-15 10:40:20] Cookie for profile 'Aaliye' is expired, perform login.
[2012-06-15 10:40:20] Logging in with profile: Aaliye
[2012-06-15 10:40:23] Log in failed with profile: Aaliye
[2012-06-15 10:40:23] Logging in with profile: Aaliye
[2012-06-15 10:40:26] Log in failed with profile: Aaliye
[2012-06-15 10:40:26] Logging in with profile: Aaliye
[2012-06-15 10:40:28] Log in failed with profile: Aaliye
[2012-06-15 10:40:28] Random new profile
[2012-06-15 10:40:28] Profile index: 1
[2012-06-15 10:40:28] Cookie for profile 'air90' is expired, perform login.
[2012-06-15 10:40:28] Logging in with profile: air90
[2012-06-15 10:40:31] Log in failed with profile: air90
[2012-06-15 10:40:31] Logging in with profile: air90
[2012-06-15 10:40:35] Log in failed with profile: air90
[2012-06-15 10:40:35] Logging in with profile: air90
[2012-06-15 10:40:38] Log in failed with profile: air90
[2012-06-15 10:40:38] Random new profile
[2012-06-15 10:40:38] Profile index: 0
[2012-06-15 10:40:38] Cookie for profile 'Aaliye' is expired, perform login.
[2012-06-15 10:40:38] Logging in with profile: Aaliye
[2012-06-15 10:40:41] Log in failed with profile: Aaliye
[2012-06-15 10:40:41] Logging in with profile: Aaliye
[2012-06-15 10:40:45] Log in failed with profile: Aaliye
[2012-06-15 10:40:45] Logging in with profile: Aaliye
[2012-06-15 10:40:48] Log in failed with profile: Aaliye
[2012-06-15 10:40:48] Random new profile
[2012-06-15 10:40:48] Profile index: 1
[2012-06-15 10:40:48] Cookie for profile 'air90' is expired, perform login.
[2012-06-15 10:40:48] Logging in with profile: air90
[2012-06-15 10:40:51] Log in failed with profile: air90
[2012-06-15 10:40:51] Logging in with profile: air90
[2012-06-15 10:40:53] Log in failed with profile: air90
[2012-06-15 10:40:53] Logging in with profile: air90
[2012-06-15 10:40:56] Log in failed with profile: air90
[2012-06-15 10:40:56] Force stop
