[2012-06-15 11:05:03] Getting list of members
[2012-06-15 11:05:03] No cookie file for profile 'Alee'
[2012-06-15 11:05:03] Logging in with profile: Alee
[2012-06-15 11:05:06] Log in failed with profile: Alee
[2012-06-15 11:05:06] Logging in with profile: Alee
[2012-06-15 11:05:09] Log in failed with profile: Alee
[2012-06-15 11:05:09] Logging in with profile: Alee
[2012-06-15 11:05:12] Log in failed with profile: Alee
[2012-06-15 11:05:12] Random new profile
[2012-06-15 11:05:12] Profile index: 1
[2012-06-15 11:05:12] No cookie file for profile 'shaina89'
[2012-06-15 11:05:12] Logging in with profile: shaina89
[2012-06-15 11:05:15] Log in failed with profile: shaina89
[2012-06-15 11:05:15] Logging in with profile: shaina89
[2012-06-15 11:05:18] Log in failed with profile: shaina89
[2012-06-15 11:05:18] Logging in with profile: shaina89
[2012-06-15 11:05:20] Log in failed with profile: shaina89
[2012-06-15 11:05:20] Random new profile
[2012-06-15 11:05:20] Profile index: 0
[2012-06-15 11:05:20] Cookie for profile 'Alee' is expired, perform login.
[2012-06-15 11:05:20] Logging in with profile: Alee
[2012-06-15 11:05:24] Log in failed with profile: Alee
[2012-06-15 11:05:24] Logging in with profile: Alee
[2012-06-15 11:05:26] Log in failed with profile: Alee
[2012-06-15 11:05:26] Logging in with profile: Alee
[2012-06-15 11:05:29] Log in failed with profile: Alee
[2012-06-15 11:05:29] Random new profile
[2012-06-15 11:05:29] Profile index: 1
[2012-06-15 11:05:29] Cookie for profile 'shaina89' is expired, perform login.
[2012-06-15 11:05:29] Logging in with profile: shaina89
[2012-06-15 11:05:32] Log in failed with profile: shaina89
[2012-06-15 11:05:32] Logging in with profile: shaina89
[2012-06-15 11:05:35] Log in failed with profile: shaina89
[2012-06-15 11:05:35] Logging in with profile: shaina89
[2012-06-15 11:05:38] Log in failed with profile: shaina89
[2012-06-15 11:05:38] Random new profile
[2012-06-15 11:05:38] Profile index: 0
[2012-06-15 11:05:38] Cookie for profile 'Alee' is expired, perform login.
[2012-06-15 11:05:38] Logging in with profile: Alee
[2012-06-15 11:05:41] Log in failed with profile: Alee
[2012-06-15 11:05:41] Logging in with profile: Alee
[2012-06-15 11:05:44] Log in failed with profile: Alee
[2012-06-15 11:05:44] Logging in with profile: Alee
[2012-06-15 11:05:47] Log in failed with profile: Alee
[2012-06-15 11:05:47] Random new profile
[2012-06-15 11:05:47] Profile index: 1
[2012-06-15 11:05:47] Cookie for profile 'shaina89' is expired, perform login.
[2012-06-15 11:05:47] Logging in with profile: shaina89
[2012-06-15 11:05:50] Log in failed with profile: shaina89
[2012-06-15 11:05:50] Logging in with profile: shaina89
[2012-06-15 11:05:53] Log in failed with profile: shaina89
[2012-06-15 11:05:53] Logging in with profile: shaina89
[2012-06-15 11:05:55] Log in failed with profile: shaina89
[2012-06-15 11:05:55] Random new profile
[2012-06-15 11:05:55] Profile index: 0
[2012-06-15 11:05:55] Cookie for profile 'Alee' is expired, perform login.
[2012-06-15 11:05:55] Logging in with profile: Alee
[2012-06-15 11:05:58] Log in failed with profile: Alee
[2012-06-15 11:05:58] Logging in with profile: Alee
[2012-06-15 11:06:01] Log in failed with profile: Alee
[2012-06-15 11:06:01] Logging in with profile: Alee
[2012-06-15 11:06:04] Log in failed with profile: Alee
[2012-06-15 11:06:04] Random new profile
[2012-06-15 11:06:04] Profile index: 1
[2012-06-15 11:06:04] Cookie for profile 'shaina89' is expired, perform login.
[2012-06-15 11:06:04] Logging in with profile: shaina89
[2012-06-15 11:06:07] Log in failed with profile: shaina89
[2012-06-15 11:06:07] Logging in with profile: shaina89
[2012-06-15 11:06:10] Log in failed with profile: shaina89
[2012-06-15 11:06:10] Logging in with profile: shaina89
[2012-06-15 11:06:12] Log in failed with profile: shaina89
[2012-06-15 11:06:12] Random new profile
[2012-06-15 11:06:12] Profile index: 0
[2012-06-15 11:06:12] Cookie for profile 'Alee' is expired, perform login.
[2012-06-15 11:06:12] Logging in with profile: Alee
[2012-06-15 11:06:15] Log in failed with profile: Alee
[2012-06-15 11:06:15] Logging in with profile: Alee
[2012-06-15 11:06:18] Log in failed with profile: Alee
[2012-06-15 11:06:18] Logging in with profile: Alee
[2012-06-15 11:06:21] Log in failed with profile: Alee
[2012-06-15 11:06:21] Random new profile
[2012-06-15 11:06:21] Profile index: 1
[2012-06-15 11:06:21] Cookie for profile 'shaina89' is expired, perform login.
[2012-06-15 11:06:21] Logging in with profile: shaina89
[2012-06-15 11:06:24] Log in failed with profile: shaina89
[2012-06-15 11:06:24] Logging in with profile: shaina89
[2012-06-15 11:06:27] Log in failed with profile: shaina89
[2012-06-15 11:06:27] Logging in with profile: shaina89
[2012-06-15 11:06:30] Log in failed with profile: shaina89
[2012-06-15 11:06:30] Random new profile
[2012-06-15 11:06:30] Profile index: 0
[2012-06-15 11:06:30] Cookie for profile 'Alee' is expired, perform login.
[2012-06-15 11:06:30] Logging in with profile: Alee
[2012-06-15 11:06:33] Log in failed with profile: Alee
[2012-06-15 11:06:33] Logging in with profile: Alee
[2012-06-15 11:06:35] Log in failed with profile: Alee
[2012-06-15 11:06:35] Force stop
