[2012-06-15 11:13:06] Getting list of members
[2012-06-15 11:13:06] Cookie for profile 'Aaliye' is expired, perform login.
[2012-06-15 11:13:06] Logging in with profile: Aaliye
[2012-06-15 11:13:09] Log in failed with profile: Aaliye
[2012-06-15 11:13:09] Logging in with profile: Aaliye
[2012-06-15 11:13:12] Log in failed with profile: Aaliye
[2012-06-15 11:13:12] Logging in with profile: Aaliye
[2012-06-15 11:13:15] Log in failed with profile: Aaliye
[2012-06-15 11:13:15] Random new profile
[2012-06-15 11:13:15] Profile index: 0
[2012-06-15 11:13:15] Cookie for profile 'Aaliye' is expired, perform login.
[2012-06-15 11:13:15] Logging in with profile: Aaliye
[2012-06-15 11:13:18] Log in failed with profile: Aaliye
[2012-06-15 11:13:18] Logging in with profile: Aaliye
[2012-06-15 11:13:21] Log in failed with profile: Aaliye
[2012-06-15 11:13:21] Logging in with profile: Aaliye
[2012-06-15 11:13:24] Log in failed with profile: Aaliye
[2012-06-15 11:13:24] Random new profile
[2012-06-15 11:13:24] Profile index: 0
[2012-06-15 11:13:24] Cookie for profile 'Aaliye' is expired, perform login.
[2012-06-15 11:13:24] Logging in with profile: Aaliye
[2012-06-15 11:13:27] Log in failed with profile: Aaliye
[2012-06-15 11:13:27] Logging in with profile: Aaliye
[2012-06-15 11:13:30] Log in failed with profile: Aaliye
[2012-06-15 11:13:30] Logging in with profile: Aaliye
[2012-06-15 11:13:33] Log in failed with profile: Aaliye
[2012-06-15 11:13:33] Random new profile
[2012-06-15 11:13:33] Profile index: 0
[2012-06-15 11:13:33] Cookie for profile 'Aaliye' is expired, perform login.
[2012-06-15 11:13:33] Logging in with profile: Aaliye
[2012-06-15 11:13:36] Log in failed with profile: Aaliye
[2012-06-15 11:13:36] Logging in with profile: Aaliye
[2012-06-15 11:13:39] Log in failed with profile: Aaliye
[2012-06-15 11:13:39] Logging in with profile: Aaliye
[2012-06-15 11:13:42] Log in failed with profile: Aaliye
[2012-06-15 11:13:42] Random new profile
[2012-06-15 11:13:42] Profile index: 0
[2012-06-15 11:13:42] Cookie for profile 'Aaliye' is expired, perform login.
[2012-06-15 11:13:42] Logging in with profile: Aaliye
[2012-06-15 11:13:45] Log in failed with profile: Aaliye
[2012-06-15 11:13:45] Logging in with profile: Aaliye
[2012-06-15 11:13:51] Log in failed with profile: Aaliye
[2012-06-15 11:13:51] Logging in with profile: Aaliye
[2012-06-15 11:13:54] Log in failed with profile: Aaliye
[2012-06-15 11:13:54] Random new profile
[2012-06-15 11:13:54] Profile index: 0
[2012-06-15 11:13:54] Cookie for profile 'Aaliye' is expired, perform login.
[2012-06-15 11:13:54] Logging in with profile: Aaliye
[2012-06-15 11:13:57] Log in failed with profile: Aaliye
[2012-06-15 11:13:57] Logging in with profile: Aaliye
[2012-06-15 11:14:00] Log in failed with profile: Aaliye
[2012-06-15 11:14:00] Logging in with profile: Aaliye
[2012-06-15 11:14:03] Log in failed with profile: Aaliye
[2012-06-15 11:14:03] Random new profile
[2012-06-15 11:14:03] Profile index: 0
[2012-06-15 11:14:03] Cookie for profile 'Aaliye' is expired, perform login.
[2012-06-15 11:14:03] Logging in with profile: Aaliye
[2012-06-15 11:14:06] Log in failed with profile: Aaliye
[2012-06-15 11:14:06] Logging in with profile: Aaliye
[2012-06-15 11:14:09] Log in failed with profile: Aaliye
[2012-06-15 11:14:09] Force stop
