[2012-06-15 11:14:37] Getting list of members
[2012-06-15 11:14:37] Cookie for profile 'Aaliye' is expired, perform login.
[2012-06-15 11:14:37] Logging in with profile: Aaliye
[2012-06-15 11:14:39] Log in failed with profile: Aaliye
[2012-06-15 11:14:39] Logging in with profile: Aaliye
[2012-06-15 11:14:42] Log in failed with profile: Aaliye
[2012-06-15 11:14:42] Logging in with profile: Aaliye
[2012-06-15 11:14:45] Log in failed with profile: Aaliye
[2012-06-15 11:14:46] Random new profile
[2012-06-15 11:14:46] Profile index: 0
[2012-06-15 11:14:46] Cookie for profile 'Aaliye' is expired, perform login.
[2012-06-15 11:14:46] Logging in with profile: Aaliye
[2012-06-15 11:14:48] Log in failed with profile: Aaliye
[2012-06-15 11:14:48] Logging in with profile: Aaliye
[2012-06-15 11:14:51] Log in failed with profile: Aaliye
[2012-06-15 11:14:51] Logging in with profile: Aaliye
[2012-06-15 11:14:54] Log in failed with profile: Aaliye
[2012-06-15 11:14:54] Random new profile
[2012-06-15 11:14:54] Profile index: 0
[2012-06-15 11:14:54] Cookie for profile 'Aaliye' is expired, perform login.
[2012-06-15 11:14:54] Logging in with profile: Aaliye
[2012-06-15 11:14:57] Log in failed with profile: Aaliye
[2012-06-15 11:14:57] Logging in with profile: Aaliye
[2012-06-15 11:15:00] Log in failed with profile: Aaliye
[2012-06-15 11:15:00] Logging in with profile: Aaliye
[2012-06-15 11:15:02] Log in failed with profile: Aaliye
[2012-06-15 11:15:02] Random new profile
[2012-06-15 11:15:02] Profile index: 0
[2012-06-15 11:15:02] Cookie for profile 'Aaliye' is expired, perform login.
[2012-06-15 11:15:02] Logging in with profile: Aaliye
[2012-06-15 11:15:06] Log in failed with profile: Aaliye
[2012-06-15 11:15:06] Logging in with profile: Aaliye
[2012-06-15 11:15:09] Log in failed with profile: Aaliye
[2012-06-15 11:15:09] Logging in with profile: Aaliye
[2012-06-15 11:15:11] Log in failed with profile: Aaliye
[2012-06-15 11:15:11] Random new profile
[2012-06-15 11:15:11] Profile index: 0
[2012-06-15 11:15:11] Cookie for profile 'Aaliye' is expired, perform login.
[2012-06-15 11:15:11] Logging in with profile: Aaliye
[2012-06-15 11:15:15] Log in failed with profile: Aaliye
[2012-06-15 11:15:15] Logging in with profile: Aaliye
[2012-06-15 11:15:17] Log in failed with profile: Aaliye
[2012-06-15 11:15:17] Logging in with profile: Aaliye
[2012-06-15 11:15:20] Log in failed with profile: Aaliye
[2012-06-15 11:15:20] Random new profile
[2012-06-15 11:15:20] Profile index: 0
[2012-06-15 11:15:20] Cookie for profile 'Aaliye' is expired, perform login.
[2012-06-15 11:15:20] Logging in with profile: Aaliye
[2012-06-15 11:15:23] Log in failed with profile: Aaliye
[2012-06-15 11:15:23] Logging in with profile: Aaliye
[2012-06-15 11:15:26] Log in failed with profile: Aaliye
[2012-06-15 11:15:26] Logging in with profile: Aaliye
[2012-06-15 11:15:29] Log in failed with profile: Aaliye
[2012-06-15 11:15:29] Random new profile
[2012-06-15 11:15:29] Profile index: 0
[2012-06-15 11:15:29] Cookie for profile 'Aaliye' is expired, perform login.
[2012-06-15 11:15:29] Logging in with profile: Aaliye
[2012-06-15 11:15:32] Log in failed with profile: Aaliye
[2012-06-15 11:15:32] Logging in with profile: Aaliye
[2012-06-15 11:15:35] Log in failed with profile: Aaliye
[2012-06-15 11:15:35] Logging in with profile: Aaliye
[2012-06-15 11:15:38] Log in failed with profile: Aaliye
[2012-06-15 11:15:38] Random new profile
[2012-06-15 11:15:38] Profile index: 0
[2012-06-15 11:15:38] Cookie for profile 'Aaliye' is expired, perform login.
[2012-06-15 11:15:38] Logging in with profile: Aaliye
[2012-06-15 11:15:41] Log in failed with profile: Aaliye
[2012-06-15 11:15:41] Logging in with profile: Aaliye
[2012-06-15 11:15:44] Log in failed with profile: Aaliye
[2012-06-15 11:15:44] Logging in with profile: Aaliye
[2012-06-15 11:15:47] Log in failed with profile: Aaliye
[2012-06-15 11:15:47] Random new profile
[2012-06-15 11:15:47] Profile index: 0
[2012-06-15 11:15:47] Cookie for profile 'Aaliye' is expired, perform login.
[2012-06-15 11:15:47] Logging in with profile: Aaliye
[2012-06-15 11:15:50] Log in failed with profile: Aaliye
[2012-06-15 11:15:50] Logging in with profile: Aaliye
[2012-06-15 11:15:53] Log in failed with profile: Aaliye
[2012-06-15 11:15:53] Logging in with profile: Aaliye
[2012-06-15 11:15:58] Log in failed with profile: Aaliye
[2012-06-15 11:15:58] Random new profile
[2012-06-15 11:15:58] Profile index: 0
[2012-06-15 11:15:58] Cookie for profile 'Aaliye' is expired, perform login.
[2012-06-15 11:15:58] Logging in with profile: Aaliye
[2012-06-15 11:16:00] Log in failed with profile: Aaliye
[2012-06-15 11:16:00] Logging in with profile: Aaliye
[2012-06-15 11:16:03] Log in failed with profile: Aaliye
[2012-06-15 11:16:03] Logging in with profile: Aaliye
[2012-06-15 11:16:06] Log in failed with profile: Aaliye
[2012-06-15 11:16:06] Random new profile
[2012-06-15 11:16:06] Profile index: 0
[2012-06-15 11:16:06] Cookie for profile 'Aaliye' is expired, perform login.
[2012-06-15 11:16:06] Logging in with profile: Aaliye
[2012-06-15 11:16:09] Log in failed with profile: Aaliye
[2012-06-15 11:16:09] Force stop
