[2012-06-15 11:21:40] Getting list of members
[2012-06-15 11:21:40] Cookie for profile 'Aaliye' is not expired, no login needed.
[2012-06-15 11:21:40] Random new subject and message
[2012-06-15 11:21:40] Sleep for 600 seconds
[2012-06-15 11:22:40] Still sleeping
[2012-06-15 11:23:40] Still sleeping
[2012-06-15 11:24:40] Still sleeping
[2012-06-15 11:25:40] Still sleeping
[2012-06-15 11:26:40] Still sleeping
[2012-06-15 11:27:40] Still sleeping
[2012-06-15 11:28:40] Still sleeping
[2012-06-15 11:29:40] Still sleeping
[2012-06-15 11:30:40] Still sleeping
[2012-06-15 11:31:40] Cookie for profile 'Aaliye' is not expired, no login needed.
[2012-06-15 11:31:40] Sending message to unknown with subject: 7 and message: 7
[2012-06-15 11:31:43] Sent message to unknown
[2012-06-15 11:31:43] Sleep for 600 seconds
[2012-06-15 11:32:43] Still sleeping
[2012-06-15 11:33:43] Still sleeping
[2012-06-15 11:34:43] Still sleeping
[2012-06-15 11:35:43] Still sleeping
[2012-06-15 11:36:43] Still sleeping
