[2014-01-28 15:57:56] Using proxy ip 127.0.0.1:9050
[2014-01-28 15:57:56] Go to INDEX page to check login status for user: BrideOfChucky
[2014-01-28 15:58:02] Using proxy ip 127.0.0.1:9050
[2014-01-28 15:58:02] This profile: BrideOfChucky does not log in.
[2014-01-28 15:58:48] Using proxy ip 127.0.0.1:9050
[2014-01-28 15:58:48] Go to INDEX page to check login status for user: BrideOfChucky
[2014-01-28 15:58:59] Using proxy ip 127.0.0.1:9050
[2014-01-28 15:58:59] This profile: BrideOfChucky does not log in.
[2014-01-28 15:58:59] New Tor Identity request completed.
[2014-01-28 15:58:59] Logging in.
[2014-01-28 16:00:07] No response from server.
[2014-01-28 16:00:07] Go to INDEX page to check login status for user: BrideOfChucky
[2014-01-28 16:00:30] Log in failed with profile: BrideOfChucky
[2014-01-28 16:00:30] Log in failed 1 times.
[2014-01-28 16:01:41] Using proxy ip 127.0.0.1:9050
[2014-01-28 16:01:41] Go to INDEX page to check login status for user: BrideOfChucky
[2014-01-28 16:01:43] Using proxy ip 127.0.0.1:9050
[2014-01-28 16:01:43] Go to INDEX page to check login status for user: BrideOfChucky
[2014-01-28 16:01:46] Using proxy ip 127.0.0.1:9050
[2014-01-28 16:01:46] Go to INDEX page to check login status for user: BrideOfChucky
[2014-01-28 16:01:49] Using proxy ip 127.0.0.1:9050
[2014-01-28 16:01:49] This profile: BrideOfChucky does not log in.
[2014-01-28 16:01:53] Using proxy ip 127.0.0.1:9050
[2014-01-28 16:01:53] This profile: BrideOfChucky does not log in.
[2014-01-28 16:01:55] Using proxy ip 127.0.0.1:9050
[2014-01-28 16:01:55] This profile: BrideOfChucky does not log in.
[2014-01-28 16:03:07] Using proxy ip 110.77.137.220:8080
[2014-01-28 16:03:07] Go to INDEX page to check login status for user: BrideOfChucky
[2014-01-28 16:03:15] Using proxy ip 117.239.0.73:3128
[2014-01-28 16:03:15] This profile: BrideOfChucky does not log in.
[2014-01-28 16:03:15] Logging in.
[2014-01-28 16:03:15] Go to INDEX page to check login status for user: BrideOfChucky
[2014-01-28 16:03:49] Log in failed with profile: BrideOfChucky
[2014-01-28 16:03:49] Log in failed 1 times.
[2014-01-28 16:03:49] Sleep after log in failed for 00:02:00
[2014-01-28 16:03:49] Sleep for 120 second(s)
[2014-01-28 16:04:49] Still sleeping [00:01:00 left]
[2014-01-28 16:07:05] Using proxy ip 118.142.19.38:1180
[2014-01-28 16:07:05] Go to INDEX page to check login status for user: BrideOfChucky
[2014-01-28 16:07:12] Using proxy ip 212.175.88.15:8080
[2014-01-28 16:07:12] This profile: BrideOfChucky does not log in.
[2014-01-28 16:07:12] Logging in.
[2014-01-28 16:08:08] Using proxy ip 111.1.32.51:8080
[2014-01-28 16:08:08] Go to INDEX page to check login status for user: BrideOfChucky
[2014-01-28 16:08:15] No response from server.
[2014-01-28 16:08:15] Go to INDEX page to check login status for user: BrideOfChucky
[2014-01-28 16:08:15] Using proxy ip 190.248.131.254:8080
[2014-01-28 16:08:15] This profile: BrideOfChucky does not log in.
[2014-01-28 16:08:15] Logging in.
[2014-01-28 16:09:17] No response from server.
[2014-01-28 16:09:17] Go to INDEX page to check login status for user: BrideOfChucky
[2014-01-28 16:09:18] Log in failed with profile: BrideOfChucky
[2014-01-28 16:09:18] Log in failed 1 times.
[2014-01-28 16:09:18] Sleep after log in failed for 00:02:00
[2014-01-28 16:09:18] Sleep for 120 second(s)
[2014-01-28 16:10:05] Using proxy ip 202.70.34.18:80
[2014-01-28 16:10:05] Go to INDEX page to check login status for user: BrideOfChucky
[2014-01-28 16:10:18] Still sleeping [00:01:00 left]
[2014-01-28 16:11:48] Using bot without Proxy
[2014-01-28 16:11:48] Go to INDEX page to check login status for user: BrideOfChucky
[2014-01-28 16:11:51] Using bot without Proxy
[2014-01-28 16:11:51] This profile: BrideOfChucky does not log in.
[2014-01-28 16:11:51] Logging in.
[2014-01-28 16:12:03] Go to INDEX page to check login status for user: BrideOfChucky
[2014-01-28 16:12:05] Log in failed with profile: BrideOfChucky
[2014-01-28 16:12:05] Log in failed 1 times.
[2014-01-28 16:12:05] Sleep after log in failed for 00:02:00
[2014-01-28 16:12:05] Sleep for 120 second(s)
[2014-01-28 16:12:10] Using proxy ip 27.24.158.155:81
[2014-01-28 16:12:10] This profile: BrideOfChucky does not log in.
[2014-01-28 16:12:48] Using bot without Proxy
[2014-01-28 16:12:48] Go to INDEX page to check login status for user: BrideOfChucky
[2014-01-28 16:12:50] Using bot without Proxy
[2014-01-28 16:12:50] This profile: BrideOfChucky does not log in.
[2014-01-28 16:12:50] Logging in.
[2014-01-28 16:13:05] Still sleeping [00:01:00 left]
[2014-01-28 16:14:34] Using bot without Proxy
[2014-01-28 16:14:34] Go to INDEX page to check login status for user: BrideOfChucky
[2014-01-28 16:14:43] This profile: BrideOfChucky has been logged in.
[2014-01-28 16:14:43] Job started.
[2014-01-28 16:14:43] Go to SEARCH page.
[2014-01-28 16:14:51] Searching...
[2014-01-28 16:17:12] Using bot without Proxy
[2014-01-28 16:17:12] Go to INDEX page to check login status for user: BrideOfChucky
[2014-01-28 16:17:22] This profile: BrideOfChucky has been logged in.
[2014-01-28 16:17:22] Job started.
[2014-01-28 16:17:22] Go to SEARCH page.
[2014-01-28 16:17:32] Searching...
[2014-01-28 16:20:31] Using bot without Proxy
[2014-01-28 16:20:31] Go to INDEX page to check login status for user: BrideOfChucky
[2014-01-28 16:20:40] This profile: BrideOfChucky has been logged in.
[2014-01-28 16:20:40] Job started.
[2014-01-28 16:20:40] Go to SEARCH page.
[2014-01-28 16:20:50] Searching...
[2014-01-28 16:22:19] Using bot without Proxy
[2014-01-28 16:22:19] Go to INDEX page to check login status for user: BrideOfChucky
[2014-01-28 16:22:29] This profile: BrideOfChucky has been logged in.
[2014-01-28 16:22:29] Job started.
[2014-01-28 16:22:29] Go to SEARCH page.
[2014-01-28 16:22:37] Searching...
[2014-01-28 16:25:40] Using bot without Proxy
[2014-01-28 16:25:40] Go to INDEX page to check login status for user: BrideOfChucky
[2014-01-28 16:25:52] This profile: BrideOfChucky has been logged in.
[2014-01-28 16:25:52] Job started.
[2014-01-28 16:25:52] Go to SEARCH page.
[2014-01-28 16:26:00] Searching...
[2014-01-28 16:26:16] Job completed.
[2014-01-28 16:26:16] Sleep for 60 second(s)
[2014-01-28 16:27:03] Using bot without Proxy
[2014-01-28 16:27:03] Go to INDEX page to check login status for user: BrideOfChucky
[2014-01-28 16:27:16] Still sleeping [00:00:00 left]
[2014-01-28 16:27:19] This profile: BrideOfChucky has been logged in.
[2014-01-28 16:27:19] Job started.
[2014-01-28 16:31:12] Using bot without Proxy
[2014-01-28 16:31:12] Go to INDEX page to check login status for user: BrideOfChucky
[2014-01-28 16:31:23] This profile: BrideOfChucky has been logged in.
[2014-01-28 16:31:23] Job started.
[2014-01-28 16:31:23] Go to SEARCH page.
[2014-01-28 16:31:32] Searching...
[2014-01-28 16:46:35] Using bot without Proxy
[2014-01-28 16:46:35] Go to INDEX page to check login status for user: BrideOfChucky
[2014-01-28 16:46:46] This profile: BrideOfChucky has been logged in.
[2014-01-28 16:46:46] Job started.
[2014-01-28 16:46:46] Go to SEARCH page.
[2014-01-28 16:46:56] Searching...
[2014-01-28 16:48:01] Using bot without Proxy
[2014-01-28 16:48:01] Go to INDEX page to check login status for user: BrideOfChucky
[2014-01-28 16:48:10] This profile: BrideOfChucky has been logged in.
[2014-01-28 16:48:10] Job started.
[2014-01-28 16:48:10] Go to SEARCH page.
[2014-01-28 16:48:18] Searching...
[2014-01-28 16:51:51] Using bot without Proxy
[2014-01-28 16:51:51] Go to INDEX page to check login status for user: BrideOfChucky
[2014-01-28 16:52:04] This profile: BrideOfChucky has been logged in.
[2014-01-28 16:52:04] Job started.
[2014-01-28 16:52:04] Go to SEARCH page.
[2014-01-28 16:52:31] Searching...
[2014-01-28 16:53:13] Pages: 1
[2014-01-28 16:53:13] Pages: 2
[2014-01-28 16:53:13] Pages: 3
[2014-01-28 16:53:13] Pages: 4
[2014-01-28 16:53:13] Pages: 5
[2014-01-28 16:53:14] Pages: 6
[2014-01-28 16:53:14] Pages: 7
[2014-01-28 16:53:14] Pages: 8
[2014-01-28 16:53:14] Pages: 9
[2014-01-28 16:53:14] Pages: 10
[2014-01-28 16:53:14] Pages: 11
[2014-01-28 16:53:14] Pages: 12
[2014-01-28 16:55:32] Using bot without Proxy
[2014-01-28 16:55:32] Go to INDEX page to check login status for user: BrideOfChucky
[2014-01-28 16:55:44] This profile: BrideOfChucky has been logged in.
[2014-01-28 16:55:44] Job started.
[2014-01-28 16:55:44] Go to SEARCH page.
[2014-01-28 16:55:53] Searching...
[2014-01-28 16:56:12] Pages: 1
[2014-01-28 16:56:13] Pages: 2
[2014-01-28 16:56:21] Pages: 3
[2014-01-28 16:56:30] Pages: 4
[2014-01-28 16:56:39] Pages: 5
[2014-01-28 16:56:48] Pages: 6
[2014-01-28 16:56:59] Pages: 7
[2014-01-28 16:57:08] Pages: 8
[2014-01-28 16:57:18] Pages: 9
[2014-01-28 16:57:27] Pages: 10
[2014-01-28 16:57:36] Pages: 11
[2014-01-28 16:57:47] Pages: 12
[2014-01-29 10:18:11] Using bot without Proxy
[2014-01-29 10:18:11] Go to INDEX page to check login status for user: BrideOfChucky
[2014-01-29 10:18:13] Using bot without Proxy
[2014-01-29 10:18:13] This profile: BrideOfChucky does not log in.
[2014-01-29 10:18:13] Logging in.
[2014-01-29 10:19:34] Using bot without Proxy
[2014-01-29 10:19:34] Go to INDEX page to check login status for user: BrideOfChucky
[2014-01-29 10:19:43] This profile: BrideOfChucky has been logged in.
[2014-01-29 10:19:43] Job started.
[2014-01-29 10:19:43] Go to SEARCH page.
[2014-01-29 10:19:52] Searching...
[2014-01-29 10:20:05] Pages: 1
[2014-01-29 10:20:05] Pages: 2
[2014-01-29 10:20:16] Pages: 3
[2014-01-29 10:20:25] Pages: 4
[2014-01-29 10:20:33] Pages: 5
[2014-01-29 10:20:43] Pages: 6
[2014-01-29 10:20:52] Pages: 7
[2014-01-29 10:21:01] Pages: 8
[2014-01-29 10:21:11] Pages: 9
[2014-01-29 10:21:19] Pages: 10
[2014-01-29 10:21:29] Pages: 11
[2014-01-29 10:21:39] Pages: 12
[2014-01-29 11:06:32] Using bot without Proxy
[2014-01-29 11:06:32] Go to INDEX page to check login status for user: BrideOfChucky
[2014-01-29 11:06:35] Using bot without Proxy
[2014-01-29 11:06:35] This profile: BrideOfChucky does not log in.
[2014-01-29 11:06:35] Logging in.
[2014-01-29 11:06:46] Go to INDEX page to check login status for user: BrideOfChucky
[2014-01-29 11:06:54] Logged in with profile: BrideOfChucky
[2014-01-29 11:06:54] Job started.
[2014-01-29 11:06:54] Go to Search Page.
[2014-01-29 11:07:01] Searching...
[2014-01-29 11:07:19] Pages: 1
[2014-01-29 11:07:19] Reserving profile to send message: heidi025
[2014-01-29 11:07:19] Go to profile page: heidi025
[2014-01-29 11:07:21] Sleep for 5 second(s)
[2014-01-29 11:07:26] Random new subject and message
[2014-01-29 11:07:26] Message is : klopf klopf, jemand online? Hast du zeit  und lust mit mir zu chatten seit 1 jahr bin ich single und das ist langweilig. Aber nun versuche ich es einfach mal, meine schwester meinte ich soll hier mal gucken, was ich nun mache, darum ist das auch nicht mein login, aber ich bin auf Hallo :) nun bin ich gespannt ob du dich meldest, suche nach schmusselgirl 
[2014-01-29 11:07:27] Sending message to heidi025
[2014-01-29 11:07:27] Sending message completed.
[2014-01-29 11:07:27] Sleep for 5 second(s)
[2014-01-29 11:07:32] Reserving profile to send message: heidi025
[2014-01-29 11:07:32] Go to profile page: heidi025
[2014-01-29 11:07:35] Sleep for 5 second(s)
[2014-01-29 11:07:40] Random new subject and message
[2014-01-29 11:07:40] Message is : Huhu, wohnst ja gleich neben an, smile, was suchst du denn genau? bin einige zeit schon alleine, das ist doof, und nun kommst du, smile, habe mich einfach mal bei einer kollegin eingeloggt, deshalb kannst du mir auch nicht antworten hier. Aber auf Hallo :) hoffe du sendest mir eine nachricht, du findest wenn du nach mir suchst. Lg zarteBlume 
[2014-01-29 11:07:41] Sleep for 106 second(s)
[2014-01-29 11:08:41] Still sleeping [00:00:46 left]
[2014-01-29 11:09:27] Sending message to heidi025
[2014-01-29 11:09:28] Sending message completed.
[2014-01-29 11:09:28] Sleep for 5 second(s)
[2014-01-29 11:09:33] Reserving profile to send message: heidi025
[2014-01-29 11:09:33] Go to profile page: heidi025
[2014-01-29 11:09:37] Sleep for 5 second(s)
[2014-01-29 11:09:42] Random new subject and message
[2014-01-29 11:09:42] Message is : hi ich schreib dich einfach mal an, gef채llst mir, kommst du wirklich hier her? ich bin lebenslustig aber auch ein wenig sch체chtern, deswegen bin ich ja jetzt mal auf dich gespannt. Leider kannst du mir hier nicht schreiben. Weil ich hier nicht angemeldet bin, komm zu Hallo :) ist auch umsonst und fotos habe ich dort auch von mir. Also freue mich und liebe gr체sse von christin29 
[2014-01-29 11:09:43] Sleep for 105 second(s)
[2014-01-29 11:10:43] Still sleeping [00:00:45 left]
[2014-01-29 11:11:28] Sending message to heidi025
[2014-01-29 11:11:30] Sending message completed.
[2014-01-29 11:11:30] Sleep for 5 second(s)
[2014-01-29 11:11:35] Reserving profile to send message: heidi025
[2014-01-29 11:11:35] Go to profile page: heidi025
[2014-01-29 11:11:37] Sleep for 5 second(s)
[2014-01-29 11:11:42] Random new subject and message
[2014-01-29 11:11:42] Message is : hey suchst du wie ich eine nette beziehung wo nichts muss aber alles kann? Ich suche ein Abenteuer vielleicht auch mehr, muss sich ergeben. Und du? Was suchst du denn? Wenn du lust hast komme doch zu Hallo :) bin sehr gespannt auf dich und liebe gr체sse, und schau dort nach AnnaMichele 
[2014-01-29 11:11:43] Sleep for 107 second(s)
[2014-01-29 11:12:43] Still sleeping [00:00:47 left]
