[2012-06-05 15:58:57] Cookie for profile 'lionel1983' is expired, perform login.
[2012-06-05 15:58:57] Logging in with profile: lionel1983
[2012-06-05 15:58:59] Log in failed with profile: lionel1983
[2012-06-05 15:58:59] Log in failed 1 times.
[2012-06-05 15:58:59] Logging in with profile: lionel1983
[2012-06-05 15:59:01] Log in failed with profile: lionel1983
[2012-06-05 15:59:01] Log in failed 2 times.
[2012-06-05 15:59:01] Logging in with profile: lionel1983
[2012-06-05 15:59:02] Log in failed with profile: lionel1983
[2012-06-05 15:59:02] Log in failed 3 times.
[2012-06-05 15:59:02] User lionel1983 tried to login 3 times. This username would be deleted.
[2012-06-05 15:59:02] Couldn't login.
[2012-06-05 15:59:02] FINISHED
[2012-06-05 16:03:00] Cookie for profile 'lionel1983' is expired, perform login.
[2012-06-05 16:03:00] Logging in with profile: lionel1983
[2012-06-05 16:03:01] Logging in with profile: lionel1983
[2012-06-05 16:03:03] Logging in with profile: lionel1983
[2012-06-05 16:03:05] FINISHED
[2012-06-05 16:04:21] Cookie for profile 'lisana1990' is expired, perform login.
[2012-06-05 16:04:21] Logging in with profile: lisana1990
[2012-06-05 16:04:25] Logging in with profile: lisana1990
[2012-06-05 16:04:27] Logging in with profile: lisana1990
[2012-06-05 16:04:29] FINISHED
[2012-06-05 16:08:01] Cookie for profile 'lionel1983' is expired, perform login.
[2012-06-05 16:08:01] Logging in with profile: lionel1983
[2012-06-05 16:08:02] Logging in with profile: lionel1983
[2012-06-05 16:08:03] Logging in with profile: lionel1983
[2012-06-05 16:08:05] FINISHED
[2012-06-05 16:09:22] Cookie for profile 'lionel1983' is expired, perform login.
[2012-06-05 16:09:22] Logging in with profile: lionel1983
[2012-06-05 16:09:23] Logging in with profile: lionel1983
[2012-06-05 16:09:25] Logging in with profile: lionel1983
[2012-06-05 16:09:27] FINISHED
[2012-06-05 16:10:25] Cookie for profile 'lionel1983' is expired, perform login.
[2012-06-05 16:10:25] Logging in with profile: lionel1983
[2012-06-05 16:10:26] Logging in with profile: lionel1983
[2012-06-05 16:10:28] Logging in with profile: lionel1983
[2012-06-05 16:10:29] FINISHED
[2012-06-05 16:10:59] Cookie for profile 'lionel1983' is expired, perform login.
[2012-06-05 16:10:59] Logging in with profile: lionel1983
[2012-06-05 16:11:00] Logging in with profile: lionel1983
[2012-06-05 16:11:02] Logging in with profile: lionel1983
[2012-06-05 16:11:03] FINISHED
[2012-06-05 16:38:12] Cookie for profile 'lionel1983' is expired, perform login.
[2012-06-05 16:38:12] Logging in with profile: lionel1983
[2012-06-05 16:38:14] Logging in with profile: lionel1983
[2012-06-05 16:38:15] Logging in with profile: lionel1983
[2012-06-05 16:38:17] FINISHED
[2012-06-05 16:41:39] Cookie for profile 'lionel1983' is expired, perform login.
[2012-06-05 16:41:39] Logging in with profile: lionel1983
[2012-06-05 16:41:40] FINISHED
[2012-06-05 16:42:15] Cookie for profile 'lionel1983' is expired, perform login.
[2012-06-05 16:42:15] Logging in with profile: lionel1983
[2012-06-05 16:42:17] FINISHED
[2012-06-05 16:44:58] Cookie for profile 'lionel1983' is expired, perform login.
[2012-06-05 16:44:58] Logging in with profile: lionel1983
[2012-06-05 16:44:59] FINISHED
[2012-06-05 16:46:32] Cookie for profile 'lionel1983' is expired, perform login.
[2012-06-05 16:46:32] Logging in with profile: lionel1983
[2012-06-05 16:46:33] FINISHED
[2012-06-05 16:54:19] Cookie for profile 'lionel1983' is expired, perform login.
[2012-06-05 16:54:19] Logging in with profile: lionel1983
[2012-06-05 16:54:20] Log in failed with profile: lionel1983
[2012-06-05 16:54:20] Log in failed  times.
[2012-06-05 16:54:20] FINISHED
[2012-06-05 16:55:14] Cookie for profile 'lionel1983' is expired, perform login.
[2012-06-05 16:55:14] Logging in with profile: lionel1983
[2012-06-05 16:55:15] Logged in with profile: lionel1983
[2012-06-05 16:55:15] Search page: 1
[2012-06-05 16:55:46] Cookie for profile 'lionel1983' is expired, perform login.
[2012-06-05 16:55:46] Logging in with profile: lionel1983
[2012-06-05 16:55:47] Logged in with profile: lionel1983
[2012-06-05 16:55:47] Search page: 1
[2012-06-05 17:01:16] Cookie for profile 'lisana1990' is expired, perform login.
[2012-06-05 17:01:16] Logging in with profile: lisana1990
[2012-06-05 17:01:18] Logged in with profile: lisana1990
[2012-06-05 17:01:18] Search page: 1
[2012-06-05 17:09:00] Cookie for profile 'lisana1990' is expired, perform login.
[2012-06-05 17:09:00] Logging in with profile: lisana1990
[2012-06-05 17:09:02] Logged in with profile: lisana1990
[2012-06-05 17:09:02] Search page: 1
[2012-06-06 10:11:51] Cookie for profile 'lisana1990' is expired, perform login.
[2012-06-06 10:11:51] Logging in with profile: lisana1990
[2012-06-06 10:11:53] Logged in with profile: lisana1990
[2012-06-06 10:11:53] Search page: 1
[2012-06-06 10:42:38] Cookie for profile 'lisana1990' is expired, perform login.
[2012-06-06 10:42:38] Logging in with profile: lisana1990
[2012-06-06 10:42:39] Logged in with profile: lisana1990
[2012-06-06 10:42:39] Search page: 1
[2012-06-06 10:44:28] Cookie for profile 'lisana1990' is expired, perform login.
[2012-06-06 10:44:28] Logging in with profile: lisana1990
[2012-06-06 10:44:30] Logged in with profile: lisana1990
[2012-06-06 10:44:30] Search page: 1
[2012-06-06 10:44:33] Found 0 members.
[2012-06-06 10:44:33] Saving to database
[2012-06-06 10:44:33] Saving done
[2012-06-06 10:44:33] FINISHED
[2012-06-06 10:46:03] Cookie for profile 'lisana1990' is expired, perform login.
[2012-06-06 10:46:03] Logging in with profile: lisana1990
[2012-06-06 10:46:04] Logged in with profile: lisana1990
[2012-06-06 10:46:04] Search page: 1
[2012-06-06 10:46:07] Found 0 members.
[2012-06-06 10:46:07] Saving to database
[2012-06-06 10:46:07] Saving done
[2012-06-06 10:46:07] FINISHED
[2012-06-06 10:47:48] Cookie for profile 'lisana1990' is expired, perform login.
[2012-06-06 10:47:48] Logging in with profile: lisana1990
[2012-06-06 10:47:50] Logged in with profile: lisana1990
[2012-06-06 10:47:50] Search page: 2
[2012-06-06 10:48:21] Found 0 members.
[2012-06-06 10:48:21] Saving to database
[2012-06-06 10:48:21] Saving done
[2012-06-06 10:48:21] FINISHED
[2012-06-06 10:49:41] Cookie for profile 'lisana1990' is expired, perform login.
[2012-06-06 10:49:41] Logging in with profile: lisana1990
[2012-06-06 10:49:43] Logged in with profile: lisana1990
[2012-06-06 10:49:43] Search page: 2
[2012-06-06 10:49:46] Found 0 members.
[2012-06-06 10:49:46] Saving to database
[2012-06-06 10:49:46] Saving done
[2012-06-06 10:49:46] FINISHED
[2012-06-06 10:51:46] Cookie for profile 'lisana1990' is expired, perform login.
[2012-06-06 10:51:46] Logging in with profile: lisana1990
[2012-06-06 10:51:48] Logged in with profile: lisana1990
[2012-06-06 10:51:48] Search page: 1
[2012-06-06 10:51:53] Found 0 members.
[2012-06-06 10:51:53] Saving to database
[2012-06-06 10:51:53] Saving done
[2012-06-06 10:51:53] FINISHED
[2012-06-06 10:52:49] Cookie for profile 'lisana1990' is expired, perform login.
[2012-06-06 10:52:49] Logging in with profile: lisana1990
[2012-06-06 10:52:51] Logged in with profile: lisana1990
[2012-06-06 10:52:51] Search page: 1
[2012-06-06 10:52:56] Found 0 members.
[2012-06-06 10:52:56] Saving to database
[2012-06-06 10:52:56] Saving done
[2012-06-06 10:52:56] FINISHED
[2012-06-06 10:55:51] Cookie for profile 'lisana1990' is expired, perform login.
[2012-06-06 10:55:51] Logging in with profile: lisana1990
[2012-06-06 10:55:53] Logged in with profile: lisana1990
[2012-06-06 10:55:53] Search page: 1
[2012-06-06 10:55:58] Found 0 members.
[2012-06-06 10:55:58] Saving to database
[2012-06-06 10:55:58] Saving done
[2012-06-06 10:55:58] FINISHED
[2012-06-06 10:59:41] Cookie for profile 'lisana1990' is expired, perform login.
[2012-06-06 10:59:41] Logging in with profile: lisana1990
[2012-06-06 10:59:43] Logged in with profile: lisana1990
[2012-06-06 10:59:43] Search page: 1
[2012-06-06 10:59:48] Found 0 members.
[2012-06-06 10:59:48] Saving to database
[2012-06-06 10:59:48] Saving done
[2012-06-06 10:59:48] FINISHED
[2012-06-06 11:01:06] Cookie for profile 'lisana1990' is expired, perform login.
[2012-06-06 11:01:06] Logging in with profile: lisana1990
[2012-06-06 11:01:08] Logged in with profile: lisana1990
[2012-06-06 11:01:08] Search page: 1
[2012-06-06 11:01:13] Found 0 members.
[2012-06-06 11:01:13] Saving to database
[2012-06-06 11:01:13] Saving done
[2012-06-06 11:01:13] FINISHED
[2012-06-06 11:02:52] Cookie for profile 'lisana1990' is expired, perform login.
[2012-06-06 11:02:52] Logging in with profile: lisana1990
[2012-06-06 11:02:54] Logged in with profile: lisana1990
[2012-06-06 11:02:54] Search page: 1
[2012-06-06 11:02:59] Found 0 members.
[2012-06-06 11:02:59] Saving to database
[2012-06-06 11:02:59] Saving done
[2012-06-06 11:02:59] FINISHED
[2012-06-06 11:04:53] Cookie for profile 'lisana1990' is expired, perform login.
[2012-06-06 11:04:53] Logging in with profile: lisana1990
[2012-06-06 11:04:54] Logged in with profile: lisana1990
[2012-06-06 11:04:54] Search page: 1
[2012-06-06 11:05:00] Found 0 members.
[2012-06-06 11:05:00] Saving to database
[2012-06-06 11:05:00] Saving done
[2012-06-06 11:05:00] FINISHED
[2012-06-06 11:07:07] Cookie for profile 'lisana1990' is expired, perform login.
[2012-06-06 11:07:07] Logging in with profile: lisana1990
[2012-06-06 11:07:09] Logged in with profile: lisana1990
[2012-06-06 11:07:09] Search page: 1
[2012-06-06 11:07:14] Found 0 members.
[2012-06-06 11:07:14] Saving to database
[2012-06-06 11:07:14] Saving done
[2012-06-06 11:07:14] FINISHED
[2012-06-06 11:08:56] Cookie for profile 'lisana1990' is expired, perform login.
[2012-06-06 11:08:56] Logging in with profile: lisana1990
[2012-06-06 11:08:58] Logged in with profile: lisana1990
[2012-06-06 11:08:58] Search page: 1
[2012-06-06 11:09:04] Found 0 members.
[2012-06-06 11:09:04] Saving to database
[2012-06-06 11:09:04] Saving done
[2012-06-06 11:09:04] FINISHED
[2012-06-06 11:10:50] Cookie for profile 'lisana1990' is expired, perform login.
[2012-06-06 11:10:50] Logging in with profile: lisana1990
[2012-06-06 11:10:51] Logged in with profile: lisana1990
[2012-06-06 11:10:51] Search page: 1
[2012-06-06 11:10:57] Found 0 members.
[2012-06-06 11:10:57] Saving to database
[2012-06-06 11:10:57] Saving done
[2012-06-06 11:10:57] FINISHED
[2012-06-06 11:12:54] Cookie for profile 'lisana1990' is expired, perform login.
[2012-06-06 11:12:54] Logging in with profile: lisana1990
[2012-06-06 11:12:55] Logged in with profile: lisana1990
[2012-06-06 11:12:55] Search page: 1
[2012-06-06 11:13:30] Cookie for profile 'lisana1990' is expired, perform login.
[2012-06-06 11:13:30] Logging in with profile: lisana1990
[2012-06-06 11:14:00] Log in failed with profile: lisana1990
[2012-06-06 11:14:00] Log in failed  times.
[2012-06-06 11:14:00] FINISHED
[2012-06-06 11:15:25] Cookie for profile 'lisana1990' is expired, perform login.
[2012-06-06 11:15:25] Logging in with profile: lisana1990
[2012-06-06 11:15:27] Logged in with profile: lisana1990
[2012-06-06 11:15:27] Search page: 1
[2012-06-06 11:16:58] Cookie for profile 'lisana1990' is expired, perform login.
[2012-06-06 11:16:58] Logging in with profile: lisana1990
[2012-06-06 11:16:59] Logged in with profile: lisana1990
[2012-06-06 11:16:59] Search page: 1
[2012-06-06 11:17:05] Found 0 members.
[2012-06-06 11:17:05] Saving to database
[2012-06-06 11:17:05] Saving done
[2012-06-06 11:17:05] FINISHED
[2012-06-06 11:18:33] Cookie for profile 'lisana1990' is expired, perform login.
[2012-06-06 11:18:33] Logging in with profile: lisana1990
[2012-06-06 11:18:34] Logged in with profile: lisana1990
[2012-06-06 11:18:34] Search page: 1
[2012-06-06 11:18:40] Found 0 members.
[2012-06-06 11:18:40] Saving to database
[2012-06-06 11:18:40] Saving done
[2012-06-06 11:18:40] FINISHED
[2012-06-06 11:19:29] Cookie for profile 'lisana1990' is expired, perform login.
[2012-06-06 11:19:29] Logging in with profile: lisana1990
[2012-06-06 11:19:30] Logged in with profile: lisana1990
[2012-06-06 11:19:30] Search page: 1
[2012-06-06 11:19:36] Found 0 members.
[2012-06-06 11:19:36] Saving to database
[2012-06-06 11:19:36] Saving done
[2012-06-06 11:19:36] FINISHED
[2012-06-06 11:19:59] Cookie for profile 'lisana1990' is expired, perform login.
[2012-06-06 11:19:59] Logging in with profile: lisana1990
[2012-06-06 11:20:01] Logged in with profile: lisana1990
[2012-06-06 11:20:01] Search page: 1
[2012-06-06 11:20:10] Found 0 members.
[2012-06-06 11:20:10] Saving to database
[2012-06-06 11:20:10] Saving done
[2012-06-06 11:20:10] FINISHED
[2012-06-06 11:24:21] Cookie for profile 'lisana1990' is expired, perform login.
[2012-06-06 11:24:21] Logging in with profile: lisana1990
[2012-06-06 11:24:23] Logged in with profile: lisana1990
[2012-06-06 11:24:23] Search page: 1
[2012-06-06 11:24:28] Found 1 members.
[2012-06-06 11:24:28] Saving to database
[2012-06-06 11:24:28] Saving done
[2012-06-06 11:24:28] FINISHED
[2012-06-06 11:27:14] Cookie for profile 'lisana1990' is expired, perform login.
[2012-06-06 11:27:14] Logging in with profile: lisana1990
[2012-06-06 11:27:16] Logged in with profile: lisana1990
[2012-06-06 11:27:16] Search page: 1
[2012-06-06 11:27:21] Found 1 members.
[2012-06-06 11:27:21] Saving to database
[2012-06-06 11:27:21] Saving done
[2012-06-06 11:27:21] FINISHED
[2012-06-06 11:28:27] Cookie for profile 'lisana1990' is expired, perform login.
[2012-06-06 11:28:27] Logging in with profile: lisana1990
[2012-06-06 11:28:29] Logged in with profile: lisana1990
[2012-06-06 11:28:29] Search page: 1
[2012-06-06 11:29:01] FINISHED
[2012-06-06 11:30:54] Cookie for profile 'lisana1990' is expired, perform login.
[2012-06-06 11:30:54] Logging in with profile: lisana1990
[2012-06-06 11:30:55] Logged in with profile: lisana1990
[2012-06-06 11:30:55] Search page: 1
[2012-06-06 11:31:01] FINISHED
[2012-06-06 11:32:45] Cookie for profile 'lisana1990' is expired, perform login.
[2012-06-06 11:32:45] Logging in with profile: lisana1990
[2012-06-06 11:32:46] Logged in with profile: lisana1990
[2012-06-06 11:32:46] Search page: 1
[2012-06-06 11:32:52] FINISHED
[2012-06-06 11:33:59] Cookie for profile 'lisana1990' is expired, perform login.
[2012-06-06 11:33:59] Logging in with profile: lisana1990
[2012-06-06 11:34:00] Logged in with profile: lisana1990
[2012-06-06 11:34:00] Search page: 1
[2012-06-06 11:34:06] FINISHED
[2012-06-06 11:35:57] Cookie for profile 'lisana1990' is expired, perform login.
[2012-06-06 11:35:57] Logging in with profile: lisana1990
[2012-06-06 11:35:59] Logged in with profile: lisana1990
[2012-06-06 11:35:59] Search page: 1
[2012-06-06 11:36:28] Cookie for profile 'lisana1990' is expired, perform login.
[2012-06-06 11:36:28] Logging in with profile: lisana1990
[2012-06-06 11:36:30] Logged in with profile: lisana1990
[2012-06-06 11:36:30] Search page: 1
[2012-06-06 11:37:58] Cookie for profile 'lisana1990' is expired, perform login.
[2012-06-06 11:37:58] Logging in with profile: lisana1990
[2012-06-06 11:38:00] Logged in with profile: lisana1990
[2012-06-06 11:38:00] Search page: 1
[2012-06-06 11:38:59] Cookie for profile 'lisana1990' is expired, perform login.
[2012-06-06 11:38:59] Logging in with profile: lisana1990
[2012-06-06 11:39:01] Logged in with profile: lisana1990
[2012-06-06 11:39:01] Search page: 1
[2012-06-06 11:41:52] Cookie for profile 'lisana1990' is expired, perform login.
[2012-06-06 11:41:52] Logging in with profile: lisana1990
[2012-06-06 11:41:53] Logged in with profile: lisana1990
[2012-06-06 11:41:53] Search page: 1
[2012-06-06 11:43:42] Cookie for profile 'lisana1990' is expired, perform login.
[2012-06-06 11:43:42] Logging in with profile: lisana1990
[2012-06-06 11:43:44] Logged in with profile: lisana1990
[2012-06-06 11:43:44] Search page: 1
[2012-06-06 11:43:49] FINISHED
[2012-06-06 11:44:24] Cookie for profile 'lisana1990' is expired, perform login.
[2012-06-06 11:44:24] Logging in with profile: lisana1990
[2012-06-06 11:44:25] Logged in with profile: lisana1990
[2012-06-06 11:44:25] Search page: 1
[2012-06-06 11:44:31] FINISHED
[2012-06-06 11:46:47] Cookie for profile 'lisana1990' is expired, perform login.
[2012-06-06 11:46:47] Logging in with profile: lisana1990
[2012-06-06 11:46:49] Logged in with profile: lisana1990
[2012-06-06 11:46:49] Search page: 1
[2012-06-06 11:46:54] FINISHED
[2012-06-06 11:47:02] Cookie for profile 'lisana1990' is expired, perform login.
[2012-06-06 11:47:02] Logging in with profile: lisana1990
[2012-06-06 11:47:04] Logged in with profile: lisana1990
[2012-06-06 11:47:04] Search page: 1
[2012-06-06 11:47:09] FINISHED
[2012-06-06 11:55:21] Cookie for profile 'lisana1990' is expired, perform login.
[2012-06-06 11:55:21] Logging in with profile: lisana1990
[2012-06-06 11:55:23] Logged in with profile: lisana1990
[2012-06-06 11:55:23] Search page: 1
[2012-06-06 11:56:29] Cookie for profile 'lisana1990' is expired, perform login.
[2012-06-06 11:56:29] Logging in with profile: lisana1990
[2012-06-06 11:56:31] Logged in with profile: lisana1990
[2012-06-06 11:56:31] Search page: 1
[2012-06-06 11:59:12] Cookie for profile 'lisana1990' is expired, perform login.
[2012-06-06 11:59:12] Logging in with profile: lisana1990
[2012-06-06 11:59:14] Logged in with profile: lisana1990
[2012-06-06 11:59:14] Search page: 1
[2012-06-06 12:00:53] Cookie for profile 'lisana1990' is expired, perform login.
[2012-06-06 12:00:53] Logging in with profile: lisana1990
[2012-06-06 12:00:54] Logged in with profile: lisana1990
[2012-06-06 12:00:54] Search page: 1
[2012-06-06 12:02:12] Cookie for profile 'lisana1990' is expired, perform login.
[2012-06-06 12:02:12] Logging in with profile: lisana1990
[2012-06-06 12:02:13] Logged in with profile: lisana1990
[2012-06-06 12:02:13] Search page: 1
[2012-06-06 12:03:09] Cookie for profile 'lisana1990' is expired, perform login.
[2012-06-06 12:03:09] Logging in with profile: lisana1990
[2012-06-06 12:03:11] Logged in with profile: lisana1990
[2012-06-06 12:03:11] Search page: 1
[2012-06-06 12:03:16] FINISHED
[2012-06-06 12:03:59] Cookie for profile 'lisana1990' is expired, perform login.
[2012-06-06 12:03:59] Logging in with profile: lisana1990
[2012-06-06 12:04:00] Logged in with profile: lisana1990
[2012-06-06 12:04:00] Search page: 1
[2012-06-06 12:04:34] FINISHED
[2012-06-06 12:06:52] Cookie for profile 'lisana1990' is expired, perform login.
[2012-06-06 12:06:52] Logging in with profile: lisana1990
[2012-06-06 12:06:53] Logged in with profile: lisana1990
[2012-06-06 12:06:53] Search page: 1
[2012-06-06 12:06:59] FINISHED
[2012-06-06 12:14:56] Cookie for profile 'lisana1990' is expired, perform login.
[2012-06-06 12:14:56] Logging in with profile: lisana1990
[2012-06-06 12:14:57] Logged in with profile: lisana1990
[2012-06-06 12:14:57] Search page: 1
[2012-06-06 12:15:03] FINISHED
[2012-06-06 12:16:26] Cookie for profile 'lisana1990' is expired, perform login.
[2012-06-06 12:16:26] Logging in with profile: lisana1990
[2012-06-06 12:16:28] Logged in with profile: lisana1990
[2012-06-06 12:16:28] Search page: 1
[2012-06-06 12:16:33] FINISHED
[2012-06-06 12:23:13] Cookie for profile 'lisana1990' is expired, perform login.
[2012-06-06 12:23:13] Logging in with profile: lisana1990
[2012-06-06 12:23:14] Logged in with profile: lisana1990
[2012-06-06 12:23:14] Search page: 1
[2012-06-06 12:23:20] FINISHED
[2012-06-06 12:24:54] Cookie for profile 'lisana1990' is expired, perform login.
[2012-06-06 12:24:54] Logging in with profile: lisana1990
[2012-06-06 12:24:55] Logged in with profile: lisana1990
[2012-06-06 12:24:55] Search page: 1
[2012-06-06 12:25:01] FINISHED
[2012-06-06 12:27:14] Cookie for profile 'lisana1990' is expired, perform login.
[2012-06-06 12:27:14] Logging in with profile: lisana1990
[2012-06-06 12:27:16] Logged in with profile: lisana1990
[2012-06-06 12:27:16] Search page: 1
[2012-06-06 12:27:21] FINISHED
[2012-06-06 12:28:36] Cookie for profile 'lisana1990' is expired, perform login.
[2012-06-06 12:28:36] Logging in with profile: lisana1990
[2012-06-06 12:28:38] Logged in with profile: lisana1990
[2012-06-06 12:28:38] Search page: 1
[2012-06-06 12:28:44] FINISHED
[2012-06-06 12:30:20] Cookie for profile 'lisana1990' is expired, perform login.
[2012-06-06 12:30:20] Logging in with profile: lisana1990
[2012-06-06 12:30:21] Logged in with profile: lisana1990
[2012-06-06 12:30:21] Search page: 1
[2012-06-06 12:30:27] FINISHED
[2012-06-06 12:31:49] Cookie for profile 'lisana1990' is expired, perform login.
[2012-06-06 12:31:49] Logging in with profile: lisana1990
[2012-06-06 12:31:51] Logged in with profile: lisana1990
[2012-06-06 12:31:51] Search page: 1
[2012-06-06 12:31:56] FINISHED
[2012-06-06 12:32:43] Cookie for profile 'lisana1990' is expired, perform login.
[2012-06-06 12:32:43] Logging in with profile: lisana1990
[2012-06-06 12:32:45] Logged in with profile: lisana1990
[2012-06-06 12:32:45] Search page: 1
[2012-06-06 12:32:51] FINISHED
[2012-06-06 12:33:16] Cookie for profile 'lisana1990' is expired, perform login.
[2012-06-06 12:33:16] Logging in with profile: lisana1990
[2012-06-06 12:33:18] Logged in with profile: lisana1990
[2012-06-06 12:33:18] Search page: 1
[2012-06-06 12:33:23] FINISHED
[2012-06-06 12:34:42] Cookie for profile 'lisana1990' is expired, perform login.
[2012-06-06 12:34:42] Logging in with profile: lisana1990
[2012-06-06 12:34:44] Logged in with profile: lisana1990
[2012-06-06 12:34:44] Search page: 1
[2012-06-06 12:34:49] FINISHED
[2012-06-06 12:35:22] Cookie for profile 'lisana1990' is expired, perform login.
[2012-06-06 12:35:22] Logging in with profile: lisana1990
[2012-06-06 12:35:24] Logged in with profile: lisana1990
[2012-06-06 12:35:24] Search page: 1
[2012-06-06 12:35:29] FINISHED
[2012-06-06 12:36:24] Cookie for profile 'lisana1990' is expired, perform login.
[2012-06-06 12:36:24] Logging in with profile: lisana1990
[2012-06-06 12:36:25] Logged in with profile: lisana1990
[2012-06-06 12:36:25] Search page: 1
[2012-06-06 12:36:31] FINISHED
[2012-06-06 12:37:02] Cookie for profile 'lisana1990' is expired, perform login.
[2012-06-06 12:37:02] Logging in with profile: lisana1990
[2012-06-06 12:37:03] Logged in with profile: lisana1990
[2012-06-06 12:37:03] Search page: 1
[2012-06-06 12:37:09] FINISHED
[2012-06-06 12:37:32] Cookie for profile 'lisana1990' is expired, perform login.
[2012-06-06 12:37:32] Logging in with profile: lisana1990
[2012-06-06 12:37:33] Logged in with profile: lisana1990
[2012-06-06 12:37:33] Search page: 1
[2012-06-06 12:37:39] FINISHED
[2012-06-06 12:37:55] Cookie for profile 'lisana1990' is expired, perform login.
[2012-06-06 12:37:55] Logging in with profile: lisana1990
[2012-06-06 12:37:57] Logged in with profile: lisana1990
[2012-06-06 12:37:57] Search page: 1
[2012-06-06 12:38:02] FINISHED
[2012-06-06 12:38:48] Cookie for profile 'lisana1990' is expired, perform login.
[2012-06-06 12:38:48] Logging in with profile: lisana1990
[2012-06-06 12:38:50] Logged in with profile: lisana1990
[2012-06-06 12:38:50] Search page: 1
[2012-06-06 12:38:56] FINISHED
[2012-06-06 12:39:57] Cookie for profile 'lisana1990' is expired, perform login.
[2012-06-06 12:39:57] Logging in with profile: lisana1990
[2012-06-06 12:39:59] Logged in with profile: lisana1990
[2012-06-06 12:39:59] Search page: 1
[2012-06-06 12:40:04] FINISHED
[2012-06-06 12:42:11] Cookie for profile 'lisana1990' is expired, perform login.
[2012-06-06 12:42:11] Logging in with profile: lisana1990
[2012-06-06 12:42:13] Logged in with profile: lisana1990
[2012-06-06 12:42:13] Search page: 1
[2012-06-06 12:42:19] FINISHED
[2012-06-06 12:43:01] Cookie for profile 'lisana1990' is expired, perform login.
[2012-06-06 12:43:01] Logging in with profile: lisana1990
[2012-06-06 12:43:03] Logged in with profile: lisana1990
[2012-06-06 12:43:03] Search page: 1
[2012-06-06 12:43:08] FINISHED
[2012-06-06 12:43:54] Cookie for profile 'lisana1990' is expired, perform login.
[2012-06-06 12:43:54] Logging in with profile: lisana1990
[2012-06-06 12:43:55] Logged in with profile: lisana1990
[2012-06-06 12:43:55] Search page: 2
[2012-06-06 12:44:01] FINISHED
[2012-06-06 12:47:02] Cookie for profile 'lisana1990' is expired, perform login.
[2012-06-06 12:47:02] Logging in with profile: lisana1990
[2012-06-06 12:47:04] Logged in with profile: lisana1990
[2012-06-06 12:47:04] Search page: 1
[2012-06-06 12:47:09] Found 20 members.
[2012-06-06 12:47:09] Saving to database
[2012-06-06 12:47:09] Saving done
[2012-06-06 12:47:09] Search page: 2
[2012-06-06 12:47:15] Found 20 members.
[2012-06-06 12:47:15] Saving to database
[2012-06-06 12:47:15] Saving done
[2012-06-06 12:47:15] Search page: 3
[2012-06-06 12:47:20] Found 20 members.
[2012-06-06 12:47:20] Saving to database
[2012-06-06 12:47:20] Saving done
[2012-06-06 12:47:20] Search page: 4
[2012-06-06 12:47:52] Found 0 members.
[2012-06-06 12:47:52] Saving to database
[2012-06-06 12:47:52] Saving done
[2012-06-06 12:47:52] FINISHED
[2012-06-06 12:50:35] Cookie for profile 'lisana1990' is expired, perform login.
[2012-06-06 12:50:35] Logging in with profile: lisana1990
[2012-06-06 12:50:36] Logged in with profile: lisana1990
[2012-06-06 12:50:36] Search page: 4
[2012-06-06 12:50:42] Found 20 members.
[2012-06-06 12:50:42] Saving to database
[2012-06-06 12:50:42] Saving done
[2012-06-06 12:50:42] Search page: 5
[2012-06-06 12:50:47] Found 20 members.
[2012-06-06 12:50:47] Saving to database
[2012-06-06 12:50:47] Saving done
[2012-06-06 12:50:47] Search page: 6
[2012-06-06 12:51:19] Found 0 members.
[2012-06-06 12:51:19] Saving to database
[2012-06-06 12:51:19] Saving done
[2012-06-06 12:51:19] FINISHED
[2012-06-06 12:51:26] Cookie for profile 'lisana1990' is expired, perform login.
[2012-06-06 12:51:26] Logging in with profile: lisana1990
[2012-06-06 12:51:28] Logged in with profile: lisana1990
[2012-06-06 12:51:28] Search page: 4
[2012-06-06 12:51:34] Found 20 members.
[2012-06-06 12:51:34] Saving to database
[2012-06-06 12:51:34] Saving done
[2012-06-06 12:51:34] Search page: 5
[2012-06-06 12:51:43] Found 20 members.
[2012-06-06 12:51:43] Saving to database
[2012-06-06 12:51:43] Saving done
[2012-06-06 12:51:43] Search page: 6
[2012-06-06 12:51:48] Found 20 members.
[2012-06-06 12:51:48] Saving to database
[2012-06-06 12:51:48] Saving done
[2012-06-06 12:51:48] Search page: 7
[2012-06-06 12:51:54] Found 20 members.
[2012-06-06 12:51:54] Saving to database
[2012-06-06 12:51:54] Saving done
[2012-06-06 12:51:54] Search page: 8
[2012-06-06 12:51:59] Found 20 members.
[2012-06-06 12:51:59] Saving to database
[2012-06-06 12:51:59] Saving done
[2012-06-06 12:51:59] Search page: 9
[2012-06-06 12:52:09] Found 20 members.
[2012-06-06 12:52:09] Saving to database
[2012-06-06 12:52:09] Saving done
[2012-06-06 12:52:09] Search page: 10
[2012-06-06 12:52:24] Found 20 members.
[2012-06-06 12:52:24] Saving to database
[2012-06-06 12:52:24] Saving done
[2012-06-06 12:52:24] Search page: 11
[2012-06-06 12:52:31] Found 20 members.
[2012-06-06 12:52:31] Saving to database
[2012-06-06 12:52:31] Saving done
[2012-06-06 12:52:31] Search page: 12
[2012-06-06 12:52:37] Found 20 members.
[2012-06-06 12:52:37] Saving to database
[2012-06-06 12:52:37] Saving done
[2012-06-06 12:52:37] Search page: 13
[2012-06-06 12:52:42] Found 20 members.
[2012-06-06 12:52:42] Saving to database
[2012-06-06 12:52:42] Saving done
[2012-06-06 12:52:42] Search page: 14
[2012-06-06 12:52:57] Found 20 members.
[2012-06-06 12:52:57] Saving to database
[2012-06-06 12:52:57] Saving done
[2012-06-06 12:52:57] Search page: 15
[2012-06-06 12:53:04] Found 20 members.
[2012-06-06 12:53:04] Saving to database
[2012-06-06 12:53:04] Saving done
[2012-06-06 12:53:04] Search page: 16
[2012-06-06 12:53:09] Found 20 members.
[2012-06-06 12:53:09] Saving to database
[2012-06-06 12:53:09] Saving done
[2012-06-06 12:53:09] Search page: 17
[2012-06-06 12:53:15] Found 20 members.
[2012-06-06 12:53:15] Saving to database
[2012-06-06 12:53:15] Saving done
[2012-06-06 12:53:15] Search page: 18
[2012-06-06 12:53:59] Found 20 members.
[2012-06-06 12:53:59] Saving to database
[2012-06-06 12:53:59] Saving done
[2012-06-06 12:53:59] Search page: 19
[2012-06-06 12:54:04] Found 20 members.
[2012-06-06 12:54:04] Saving to database
[2012-06-06 12:54:04] Saving done
[2012-06-06 12:54:04] Search page: 20
[2012-06-06 12:54:31] Found 20 members.
[2012-06-06 12:54:31] Saving to database
[2012-06-06 12:54:31] Saving done
[2012-06-06 12:54:31] Search page: 21
[2012-06-06 12:54:46] Found 20 members.
[2012-06-06 12:54:46] Saving to database
[2012-06-06 12:54:46] Saving done
[2012-06-06 12:54:46] Search page: 22
[2012-06-06 12:54:52] Found 20 members.
[2012-06-06 12:54:52] Saving to database
[2012-06-06 12:54:52] Saving done
[2012-06-06 12:54:52] Search page: 23
[2012-06-06 12:54:57] Found 20 members.
[2012-06-06 12:54:57] Saving to database
[2012-06-06 12:54:57] Saving done
[2012-06-06 12:54:57] Search page: 24
[2012-06-06 12:55:03] Found 20 members.
[2012-06-06 12:55:03] Saving to database
[2012-06-06 12:55:03] Saving done
[2012-06-06 12:55:03] Search page: 25
[2012-06-06 12:55:08] Found 20 members.
[2012-06-06 12:55:08] Saving to database
[2012-06-06 12:55:08] Saving done
[2012-06-06 12:55:08] Search page: 26
[2012-06-06 12:55:14] Found 20 members.
[2012-06-06 12:55:14] Saving to database
[2012-06-06 12:55:14] Saving done
[2012-06-06 12:55:14] Search page: 27
[2012-06-06 12:55:20] Found 20 members.
[2012-06-06 12:55:20] Saving to database
[2012-06-06 12:55:20] Saving done
[2012-06-06 12:55:20] Search page: 28
[2012-06-06 12:55:26] Found 20 members.
[2012-06-06 12:55:26] Saving to database
[2012-06-06 12:55:26] Saving done
[2012-06-06 12:55:26] Search page: 29
[2012-06-06 12:55:31] Found 20 members.
[2012-06-06 12:55:31] Saving to database
[2012-06-06 12:55:31] Saving done
[2012-06-06 12:55:31] Search page: 30
[2012-06-06 12:55:37] Found 20 members.
[2012-06-06 12:55:37] Saving to database
[2012-06-06 12:55:37] Saving done
[2012-06-06 12:55:37] Search page: 31
[2012-06-06 12:55:42] Found 20 members.
[2012-06-06 12:55:42] Saving to database
[2012-06-06 12:55:42] Saving done
[2012-06-06 12:55:42] Search page: 32
[2012-06-06 12:55:48] Found 20 members.
[2012-06-06 12:55:48] Saving to database
[2012-06-06 12:55:48] Saving done
[2012-06-06 12:55:48] Search page: 33
[2012-06-06 12:55:53] Found 20 members.
[2012-06-06 12:55:53] Saving to database
[2012-06-06 12:55:53] Saving done
[2012-06-06 12:55:53] Search page: 34
[2012-06-06 12:56:09] Found 20 members.
[2012-06-06 12:56:09] Saving to database
[2012-06-06 12:56:09] Saving done
[2012-06-06 12:56:09] Search page: 35
[2012-06-06 12:56:14] Found 20 members.
[2012-06-06 12:56:14] Saving to database
[2012-06-06 12:56:14] Saving done
[2012-06-06 12:56:14] Search page: 36
[2012-06-06 12:56:29] Found 20 members.
[2012-06-06 12:56:29] Saving to database
[2012-06-06 12:56:29] Saving done
[2012-06-06 12:56:29] Search page: 37
[2012-06-06 12:56:44] Found 20 members.
[2012-06-06 12:56:44] Saving to database
[2012-06-06 12:56:44] Saving done
[2012-06-06 12:56:44] Search page: 38
[2012-06-06 12:56:49] Found 20 members.
[2012-06-06 12:56:49] Saving to database
[2012-06-06 12:56:49] Saving done
[2012-06-06 12:56:49] Search page: 39
[2012-06-06 12:56:55] Found 20 members.
[2012-06-06 12:56:55] Saving to database
[2012-06-06 12:56:55] Saving done
[2012-06-06 12:56:55] Search page: 40
[2012-06-06 12:57:00] Found 20 members.
[2012-06-06 12:57:00] Saving to database
[2012-06-06 12:57:00] Saving done
[2012-06-06 12:57:00] Search page: 41
[2012-06-06 12:57:19] Found 20 members.
[2012-06-06 12:57:19] Saving to database
[2012-06-06 12:57:19] Saving done
[2012-06-06 12:57:19] Search page: 42
[2012-06-06 12:57:24] Found 20 members.
[2012-06-06 12:57:24] Saving to database
[2012-06-06 12:57:24] Saving done
[2012-06-06 12:57:24] Search page: 43
[2012-06-06 12:57:30] Found 20 members.
[2012-06-06 12:57:30] Saving to database
[2012-06-06 12:57:30] Saving done
[2012-06-06 12:57:30] Search page: 44
[2012-06-06 12:57:35] Found 20 members.
[2012-06-06 12:57:35] Saving to database
[2012-06-06 12:57:35] Saving done
[2012-06-06 12:57:35] Search page: 45
[2012-06-06 12:57:41] Found 20 members.
[2012-06-06 12:57:41] Saving to database
[2012-06-06 12:57:41] Saving done
[2012-06-06 12:57:41] Search page: 46
[2012-06-06 12:57:47] Found 20 members.
[2012-06-06 12:57:47] Saving to database
[2012-06-06 12:57:47] Saving done
[2012-06-06 12:57:47] Search page: 47
[2012-06-06 12:57:52] Found 20 members.
[2012-06-06 12:57:52] Saving to database
[2012-06-06 12:57:52] Saving done
[2012-06-06 12:57:52] Search page: 48
[2012-06-06 12:57:58] Found 20 members.
[2012-06-06 12:57:58] Saving to database
[2012-06-06 12:57:58] Saving done
[2012-06-06 12:57:58] Search page: 49
[2012-06-06 12:58:03] Found 20 members.
[2012-06-06 12:58:03] Saving to database
[2012-06-06 12:58:03] Saving done
[2012-06-06 12:58:03] Search page: 50
[2012-06-06 12:58:09] Found 20 members.
[2012-06-06 12:58:09] Saving to database
[2012-06-06 12:58:09] Saving done
[2012-06-06 12:58:09] Search page: 51
[2012-06-06 12:58:15] Found 20 members.
[2012-06-06 12:58:15] Saving to database
[2012-06-06 12:58:15] Saving done
[2012-06-06 12:58:15] Search page: 52
[2012-06-06 18:18:54] Cookie for profile 'lisana1990' is expired, perform login.
[2012-06-06 18:18:54] Logging in with profile: lisana1990
[2012-06-06 18:18:56] Logged in with profile: lisana1990
[2012-06-06 18:18:56] Search page: 4
[2012-06-06 18:19:02] Found 20 members.
[2012-06-06 18:19:02] Saving to database
